This is pdfTeX, Version 3.14159265-2.6-1.40.21 (MiKTeX 20.11) (preloaded format=pdflatex 2020.12.15)  26 AUG 2021 08:34
entering extended mode
**./SCP.tex
(SCP.tex
LaTeX2e <2020-10-01> patch level 2
L3 programming layer <2020-10-27> xparse <2020-03-03>
(C:\Users\sonta\AppData\Roaming\MiKTeX\tex/latex/elsarticle\elsarticle.cls
Document Class: elsarticle 2020/11/20, 3.3: Elsevier Ltd
("C:\Program Files\MiKTeX\tex/latex/l3kernel\expl3.sty"
Package: expl3 2020-10-27 L3 programming layer (loader) 

("C:\Program Files\MiKTeX\tex/latex/l3backend\l3backend-pdftex.def"
File: l3backend-pdftex.def 2020-09-24 L3 backend support: PDF output (pdfTeX)
\l__kernel_color_stack_int=\count175
\l__pdf_internal_box=\box47
))
("C:\Program Files\MiKTeX\tex/latex/l3packages/xparse\xparse.sty"
Package: xparse 2020-10-27 L3 Experimental document command parser

("C:\Program Files\MiKTeX\tex/latex/l3packages/xparse\xparse-generic.tex"))
("C:\Program Files\MiKTeX\tex/latex/etoolbox\etoolbox.sty"
Package: etoolbox 2020/10/05 v2.5k e-TeX tools for LaTeX (JAW)
\etb@tempcnta=\count176
)
\@bls=\dimen138

("C:\Program Files\MiKTeX\tex/latex/base\article.cls"
Document Class: article 2020/04/10 v1.4m Standard LaTeX document class
("C:\Program Files\MiKTeX\tex/latex/base\size10.clo"
File: size10.clo 2020/04/10 v1.4m Standard LaTeX file (size option)
)
\c@part=\count177
\c@section=\count178
\c@subsection=\count179
\c@subsubsection=\count180
\c@paragraph=\count181
\c@subparagraph=\count182
\c@figure=\count183
\c@table=\count184
\abovecaptionskip=\skip47
\belowcaptionskip=\skip48
\bibindent=\dimen139
)
("C:\Program Files\MiKTeX\tex/latex/graphics\graphicx.sty"
Package: graphicx 2020/09/09 v1.2b Enhanced LaTeX Graphics (DPC,SPQR)

("C:\Program Files\MiKTeX\tex/latex/graphics\keyval.sty"
Package: keyval 2014/10/28 v1.15 key=value parser (DPC)
\KV@toks@=\toks15
)
("C:\Program Files\MiKTeX\tex/latex/graphics\graphics.sty"
Package: graphics 2020/08/30 v1.4c Standard LaTeX Graphics (DPC,SPQR)

("C:\Program Files\MiKTeX\tex/latex/graphics\trig.sty"
Package: trig 2016/01/03 v1.10 sin cos tan (DPC)
)
("C:\Program Files\MiKTeX\tex/latex/graphics-cfg\graphics.cfg"
File: graphics.cfg 2016/06/04 v1.11 sample graphics configuration
)
Package graphics Info: Driver file: pdftex.def on input line 105.

("C:\Program Files\MiKTeX\tex/latex/graphics-def\pdftex.def"
File: pdftex.def 2020/10/05 v1.2a Graphics/color driver for pdftex
))
\Gin@req@height=\dimen140
\Gin@req@width=\dimen141
)
\c@tnote=\count185
\c@fnote=\count186
\c@cnote=\count187
\c@ead=\count188
\c@author=\count189
\@eadauthor=\toks16
\c@affn=\count190
\absbox=\box48
\elsarticlehighlightsbox=\box49
\elsarticlegrabsbox=\box50
\keybox=\box51
\Columnwidth=\dimen142
\space@left=\dimen143
\els@boxa=\box52
\els@boxb=\box53
\leftMargin=\dimen144
\@enLab=\toks17
\@sep=\skip49
\@@sep=\skip50
 (SCP.spl)
(C:\Users\sonta\AppData\Roaming\MiKTeX\tex/latex/natbib\natbib.sty
Package: natbib 2010/09/13 8.31b (PWD, AO)
\bibhang=\skip51
\bibsep=\skip52
LaTeX Info: Redefining \cite on input line 694.
\c@NAT@ctr=\count191
)
\splwrite=\write3
\openout3 = `SCP.spl'.

\appnamewidth=\dimen145
)
(C:\Users\sonta\AppData\Roaming\MiKTeX\tex/latex/lineno\lineno.sty
Package: lineno 2005/11/02 line numbers on paragraphs v4.41
\linenopenalty=\count192
\output=\toks18
\linenoprevgraf=\count193
\linenumbersep=\dimen146
\linenumberwidth=\dimen147
\c@linenumber=\count194
\c@pagewiselinenumber=\count195
\c@LN@truepage=\count196
\c@internallinenumber=\count197
\c@internallinenumbers=\count198
\quotelinenumbersep=\dimen148
\bframerule=\dimen149
\bframesep=\dimen150
\bframebox=\box54
LaTeX Info: Redefining \\ on input line 3056.
)
("C:\Program Files\MiKTeX\tex/latex/hyperref\hyperref.sty"
Package: hyperref 2020-05-15 v7.00e Hypertext links for LaTeX

(C:\Users\sonta\AppData\Roaming\MiKTeX\tex/generic/ltxcmds\ltxcmds.sty
Package: ltxcmds 2020-05-10 v1.25 LaTeX kernel commands for general use (HO)
)
("C:\Program Files\MiKTeX\tex/generic/iftex\iftex.sty"
Package: iftex 2020/03/06 v1.0d TeX engine tests
)
("C:\Program Files\MiKTeX\tex/generic/pdftexcmds\pdftexcmds.sty"
Package: pdftexcmds 2020-06-27 v0.33 Utility functions of pdfTeX for LuaTeX (HO
)

(C:\Users\sonta\AppData\Roaming\MiKTeX\tex/generic/infwarerr\infwarerr.sty
Package: infwarerr 2019/12/03 v1.5 Providing info/warning/error messages (HO)
)
Package pdftexcmds Info: \pdf@primitive is available.
Package pdftexcmds Info: \pdf@ifprimitive is available.
Package pdftexcmds Info: \pdfdraftmode found.
)
(C:\Users\sonta\AppData\Roaming\MiKTeX\tex/generic/kvsetkeys\kvsetkeys.sty
Package: kvsetkeys 2019/12/15 v1.18 Key value parser (HO)
)
(C:\Users\sonta\AppData\Roaming\MiKTeX\tex/generic/kvdefinekeys\kvdefinekeys.st
y
Package: kvdefinekeys 2019-12-19 v1.6 Define keys (HO)
) (C:\Users\sonta\AppData\Roaming\MiKTeX\tex/generic/pdfescape\pdfescape.sty
Package: pdfescape 2019/12/09 v1.15 Implements pdfTeX's escape features (HO)
)
(C:\Users\sonta\AppData\Roaming\MiKTeX\tex/latex/hycolor\hycolor.sty
Package: hycolor 2020-01-27 v1.10 Color options for hyperref/bookmark (HO)
)
(C:\Users\sonta\AppData\Roaming\MiKTeX\tex/latex/letltxmacro\letltxmacro.sty
Package: letltxmacro 2019/12/03 v1.6 Let assignment for LaTeX macros (HO)
)
(C:\Users\sonta\AppData\Roaming\MiKTeX\tex/latex/auxhook\auxhook.sty
Package: auxhook 2019-12-17 v1.6 Hooks for auxiliary files (HO)
)
(C:\Users\sonta\AppData\Roaming\MiKTeX\tex/latex/kvoptions\kvoptions.sty
Package: kvoptions 2020-10-07 v3.14 Key value format for package options (HO)
)
\@linkdim=\dimen151
\Hy@linkcounter=\count199
\Hy@pagecounter=\count266

("C:\Program Files\MiKTeX\tex/latex/hyperref\pd1enc.def"
File: pd1enc.def 2020-05-15 v7.00e Hyperref: PDFDocEncoding definition (HO)
Now handling font encoding PD1 ...
... no UTF-8 mapping file for font encoding PD1
)
(C:\Users\sonta\AppData\Roaming\MiKTeX\tex/generic/intcalc\intcalc.sty
Package: intcalc 2019/12/15 v1.3 Expandable calculations with integers (HO)
)
(C:\Users\sonta\AppData\Roaming\MiKTeX\tex/generic/etexcmds\etexcmds.sty
Package: etexcmds 2019/12/15 v1.7 Avoid name clashes with e-TeX commands (HO)
)
\Hy@SavedSpaceFactor=\count267
Package hyperref Info: Hyper figures OFF on input line 4464.
Package hyperref Info: Link nesting OFF on input line 4469.
Package hyperref Info: Hyper index ON on input line 4472.
Package hyperref Info: Plain pages OFF on input line 4479.
Package hyperref Info: Backreferencing OFF on input line 4484.
Package hyperref Info: Implicit mode ON; LaTeX internals redefined.
Package hyperref Info: Bookmarks ON on input line 4717.
\c@Hy@tempcnt=\count268

("C:\Program Files\MiKTeX\tex/latex/url\url.sty"
\Urlmuskip=\muskip16
Package: url 2013/09/16  ver 3.4  Verb mode for urls, etc.
)
LaTeX Info: Redefining \url on input line 5076.
\XeTeXLinkMargin=\dimen152

(C:\Users\sonta\AppData\Roaming\MiKTeX\tex/generic/bitset\bitset.sty
Package: bitset 2019/12/09 v1.3 Handle bit-vector datatype (HO)

(C:\Users\sonta\AppData\Roaming\MiKTeX\tex/generic/bigintcalc\bigintcalc.sty
Package: bigintcalc 2019/12/15 v1.5 Expandable calculations on big integers (HO
)
))
\Fld@menulength=\count269
\Field@Width=\dimen153
\Fld@charsize=\dimen154
Package hyperref Info: Hyper figures OFF on input line 6347.
Package hyperref Info: Link nesting OFF on input line 6352.
Package hyperref Info: Hyper index ON on input line 6355.
Package hyperref Info: backreferencing OFF on input line 6362.
Package hyperref Info: Link coloring OFF on input line 6367.
Package hyperref Info: Link coloring with OCG OFF on input line 6372.
Package hyperref Info: PDF/A mode OFF on input line 6377.
LaTeX Info: Redefining \ref on input line 6417.
LaTeX Info: Redefining \pageref on input line 6421.

("C:\Program Files\MiKTeX\tex/latex/base\atbegshi-ltx.sty"
Package: atbegshi-ltx 2020/08/17 v1.0a Emulation of the original atbegshi packa
ge
with kernel methods
)
\Hy@abspage=\count270
\c@Item=\count271
\c@Hfootnote=\count272
)
Package hyperref Info: Driver (autodetected): hpdftex.

("C:\Program Files\MiKTeX\tex/latex/hyperref\hpdftex.def"
File: hpdftex.def 2020-05-15 v7.00e Hyperref driver for pdfTeX

("C:\Program Files\MiKTeX\tex/latex/base\atveryend-ltx.sty"
Package: atveryend-ltx 2020/08/19 v1.0a Emulation of the original atvery packag
e
with kernel methods
)
\Fld@listcount=\count273
\c@bookmark@seq@number=\count274

(C:\Users\sonta\AppData\Roaming\MiKTeX\tex/latex/rerunfilecheck\rerunfilecheck.
sty
Package: rerunfilecheck 2019/12/05 v1.9 Rerun checks for auxiliary files (HO)

(C:\Users\sonta\AppData\Roaming\MiKTeX\tex/generic/uniquecounter\uniquecounter.
sty
Package: uniquecounter 2019/12/15 v1.4 Provide unlimited unique counter (HO)
)
Package uniquecounter Info: New unique counter `rerunfilecheck' on input line 2
86.
)
\Hy@SectionHShift=\skip53
) (main-preamble.tex ("C:\Program Files\MiKTeX\tex/latex/tools\verbatim.sty"
Package: verbatim 2019/11/10 v1.5r LaTeX2e package for verbatim enhancements
\every@verbatim=\toks19
\verbatim@line=\toks20
\verbatim@in@stream=\read2
) (C:\Users\sonta\AppData\Roaming\MiKTeX\tex/latex/wrapfig\wrapfig.sty
\wrapoverhang=\dimen155
\WF@size=\dimen156
\c@WF@wrappedlines=\count275
\WF@box=\box55
\WF@everypar=\toks21
Package: wrapfig 2003/01/31  v 3.6
)
LaTeX Info: Redefining \rm on input line 10.
LaTeX Info: Redefining \sf on input line 11.
LaTeX Info: Redefining \tt on input line 12.
LaTeX Info: Redefining \bf on input line 13.
LaTeX Info: Redefining \it on input line 14.
LaTeX Info: Redefining \sl on input line 15.
LaTeX Info: Redefining \sc on input line 16.

(C:\Users\sonta\AppData\Roaming\MiKTeX\tex/latex/mathpartir\mathpartir.sty
Package: mathpartir 2016/02/24 version 1.3.2 Math Paragraph for Typesetting Inf
erence Rules
\mpr@andskip=\skip54
\mpr@lista=\toks22
\mpr@listb=\toks23
\mpr@hlist=\box56
\mpr@vlist=\box57
\mpr@right=\box58
)
("C:\Program Files\MiKTeX\tex/latex/amsmath\amsmath.sty"
Package: amsmath 2020/09/23 v2.17i AMS math features
\@mathmargin=\skip55

For additional information on amsmath, use the `?' option.
("C:\Program Files\MiKTeX\tex/latex/amsmath\amstext.sty"
Package: amstext 2000/06/29 v2.01 AMS text

("C:\Program Files\MiKTeX\tex/latex/amsmath\amsgen.sty"
File: amsgen.sty 1999/11/30 v2.0 generic functions
\@emptytoks=\toks24
\ex@=\dimen157
))
("C:\Program Files\MiKTeX\tex/latex/amsmath\amsbsy.sty"
Package: amsbsy 1999/11/29 v1.2d Bold Symbols
\pmbraise@=\dimen158
)
("C:\Program Files\MiKTeX\tex/latex/amsmath\amsopn.sty"
Package: amsopn 2016/03/08 v2.02 operator names
)
\inf@bad=\count276
LaTeX Info: Redefining \frac on input line 234.
\uproot@=\count277
\leftroot@=\count278
LaTeX Info: Redefining \overline on input line 399.
\classnum@=\count279
\DOTSCASE@=\count280
LaTeX Info: Redefining \ldots on input line 496.
LaTeX Info: Redefining \dots on input line 499.
LaTeX Info: Redefining \cdots on input line 620.
\Mathstrutbox@=\box59
\strutbox@=\box60
\big@size=\dimen159
LaTeX Font Info:    Redeclaring font encoding OML on input line 743.
LaTeX Font Info:    Redeclaring font encoding OMS on input line 744.
\macc@depth=\count281
\c@MaxMatrixCols=\count282
\dotsspace@=\muskip17
\c@parentequation=\count283
\dspbrk@lvl=\count284
\tag@help=\toks25
\row@=\count285
\column@=\count286
\maxfields@=\count287
\andhelp@=\toks26
\eqnshift@=\dimen160
\alignsep@=\dimen161
\tagshift@=\dimen162
\tagwidth@=\dimen163
\totwidth@=\dimen164
\lineht@=\dimen165
\@envbody=\toks27
\multlinegap=\skip56
\multlinetaggap=\skip57
\mathdisplay@stack=\toks28
LaTeX Info: Redefining \[ on input line 2923.
LaTeX Info: Redefining \] on input line 2924.
)
(C:\Users\sonta\AppData\Roaming\MiKTeX\tex/latex/amscls\amsthm.sty
Package: amsthm 2020/05/29 v2.20.6
\thm@style=\toks29
\thm@bodyfont=\toks30
\thm@headfont=\toks31
\thm@notefont=\toks32
\thm@headpunct=\toks33
\thm@preskip=\skip58
\thm@postskip=\skip59
\thm@headsep=\skip60
\dth@everypar=\toks34
LaTeX Info: Redefining \qed on input line 273.
)
\c@definition=\count288

("C:\Program Files\MiKTeX\tex/latex/tools\xspace.sty"
Package: xspace 2014/10/28 v1.13 Space after command names (DPC,MH)
)
\c@assumption=\count289
\c@llemma=\count290
 (../Def/Def.tex
("C:\Program Files\MiKTeX\tex/latex/listings\listings.sty"
\lst@mode=\count291
\lst@gtempboxa=\box61
\lst@token=\toks35
\lst@length=\count292
\lst@currlwidth=\dimen166
\lst@column=\count293
\lst@pos=\count294
\lst@lostspace=\dimen167
\lst@width=\dimen168
\lst@newlines=\count295
\lst@lineno=\count296
\lst@maxwidth=\dimen169

("C:\Program Files\MiKTeX\tex/latex/listings\lstmisc.sty"
File: lstmisc.sty 2020/03/24 1.8d (Carsten Heinz)
\c@lstnumber=\count297
\lst@skipnumbers=\count298
\lst@framebox=\box62
)
("C:\Program Files\MiKTeX\tex/latex/listings\listings.cfg"
File: listings.cfg 2020/03/24 1.8d listings configuration
))
Package: listings 2020/03/24 1.8d (Carsten Heinz)

("C:\Program Files\MiKTeX\tex/latex/pgf/frontendlayer\tikz.sty"
("C:\Program Files\MiKTeX\tex/latex/pgf/basiclayer\pgf.sty"
("C:\Program Files\MiKTeX\tex/latex/pgf/utilities\pgfrcs.sty"
("C:\Program Files\MiKTeX\tex/generic/pgf/utilities\pgfutil-common.tex"
\pgfutil@everybye=\toks36
\pgfutil@tempdima=\dimen170
\pgfutil@tempdimb=\dimen171

("C:\Program Files\MiKTeX\tex/generic/pgf/utilities\pgfutil-common-lists.tex"))
("C:\Program Files\MiKTeX\tex/generic/pgf/utilities\pgfutil-latex.def"
\pgfutil@abb=\box63
)
("C:\Program Files\MiKTeX\tex/generic/pgf/utilities\pgfrcs.code.tex"
("C:\Program Files\MiKTeX\tex/generic/pgf\pgf.revision.tex")
Package: pgfrcs 2020/11/23 v3.1.7 (3.1.7)
))
Package: pgf 2020/11/23 v3.1.7 (3.1.7)

("C:\Program Files\MiKTeX\tex/latex/pgf/basiclayer\pgfcore.sty"
("C:\Program Files\MiKTeX\tex/latex/pgf/systemlayer\pgfsys.sty"
("C:\Program Files\MiKTeX\tex/generic/pgf/systemlayer\pgfsys.code.tex"
Package: pgfsys 2020/11/23 v3.1.7 (3.1.7)

("C:\Program Files\MiKTeX\tex/generic/pgf/utilities\pgfkeys.code.tex"
\pgfkeys@pathtoks=\toks37
\pgfkeys@temptoks=\toks38

("C:\Program Files\MiKTeX\tex/generic/pgf/utilities\pgfkeysfiltered.code.tex"
\pgfkeys@tmptoks=\toks39
))
\pgf@x=\dimen172
\pgf@y=\dimen173
\pgf@xa=\dimen174
\pgf@ya=\dimen175
\pgf@xb=\dimen176
\pgf@yb=\dimen177
\pgf@xc=\dimen178
\pgf@yc=\dimen179
\pgf@xd=\dimen180
\pgf@yd=\dimen181
\w@pgf@writea=\write4
\r@pgf@reada=\read3
\c@pgf@counta=\count299
\c@pgf@countb=\count300
\c@pgf@countc=\count301
\c@pgf@countd=\count302
\t@pgf@toka=\toks40
\t@pgf@tokb=\toks41
\t@pgf@tokc=\toks42
\pgf@sys@id@count=\count303
("C:\Program Files\MiKTeX\tex/generic/pgf/systemlayer\pgf.cfg"
File: pgf.cfg 2020/11/23 v3.1.7 (3.1.7)
)
Driver file for pgf: pgfsys-pdftex.def

("C:\Program Files\MiKTeX\tex/generic/pgf/systemlayer\pgfsys-pdftex.def"
File: pgfsys-pdftex.def 2020/11/23 v3.1.7 (3.1.7)

("C:\Program Files\MiKTeX\tex/generic/pgf/systemlayer\pgfsys-common-pdf.def"
File: pgfsys-common-pdf.def 2020/11/23 v3.1.7 (3.1.7)
))) ("C:\Program Files\MiKTeX\tex/generic/pgf/systemlayer\pgfsyssoftpath.code.t
ex"
File: pgfsyssoftpath.code.tex 2020/11/23 v3.1.7 (3.1.7)
\pgfsyssoftpath@smallbuffer@items=\count304
\pgfsyssoftpath@bigbuffer@items=\count305
) ("C:\Program Files\MiKTeX\tex/generic/pgf/systemlayer\pgfsysprotocol.code.tex
"
File: pgfsysprotocol.code.tex 2020/11/23 v3.1.7 (3.1.7)
)) ("C:\Program Files\MiKTeX\tex/latex/xcolor\xcolor.sty"
Package: xcolor 2016/05/11 v2.12 LaTeX color extensions (UK)

("C:\Program Files\MiKTeX\tex/latex/graphics-cfg\color.cfg"
File: color.cfg 2016/01/02 v1.6 sample color configuration
)
Package xcolor Info: Driver file: pdftex.def on input line 225.
Package xcolor Info: Model `cmy' substituted by `cmy0' on input line 1348.
Package xcolor Info: Model `hsb' substituted by `rgb' on input line 1352.
Package xcolor Info: Model `RGB' extended on input line 1364.
Package xcolor Info: Model `HTML' substituted by `rgb' on input line 1366.
Package xcolor Info: Model `Hsb' substituted by `hsb' on input line 1367.
Package xcolor Info: Model `tHsb' substituted by `hsb' on input line 1368.
Package xcolor Info: Model `HSB' substituted by `hsb' on input line 1369.
Package xcolor Info: Model `Gray' substituted by `gray' on input line 1370.
Package xcolor Info: Model `wave' substituted by `hsb' on input line 1371.
)
("C:\Program Files\MiKTeX\tex/generic/pgf/basiclayer\pgfcore.code.tex"
Package: pgfcore 2020/11/23 v3.1.7 (3.1.7)

("C:\Program Files\MiKTeX\tex/generic/pgf/math\pgfmath.code.tex"
("C:\Program Files\MiKTeX\tex/generic/pgf/math\pgfmathcalc.code.tex"
("C:\Program Files\MiKTeX\tex/generic/pgf/math\pgfmathutil.code.tex")
("C:\Program Files\MiKTeX\tex/generic/pgf/math\pgfmathparser.code.tex"
\pgfmath@dimen=\dimen182
\pgfmath@count=\count306
\pgfmath@box=\box64
\pgfmath@toks=\toks43
\pgfmath@stack@operand=\toks44
\pgfmath@stack@operation=\toks45
)
("C:\Program Files\MiKTeX\tex/generic/pgf/math\pgfmathfunctions.code.tex"
("C:\Program Files\MiKTeX\tex/generic/pgf/math\pgfmathfunctions.basic.code.tex"
)
("C:\Program Files\MiKTeX\tex/generic/pgf/math\pgfmathfunctions.trigonometric.c
ode.tex")
("C:\Program Files\MiKTeX\tex/generic/pgf/math\pgfmathfunctions.random.code.tex
")
("C:\Program Files\MiKTeX\tex/generic/pgf/math\pgfmathfunctions.comparison.code
.tex")
("C:\Program Files\MiKTeX\tex/generic/pgf/math\pgfmathfunctions.base.code.tex")
("C:\Program Files\MiKTeX\tex/generic/pgf/math\pgfmathfunctions.round.code.tex"
) ("C:\Program Files\MiKTeX\tex/generic/pgf/math\pgfmathfunctions.misc.code.tex
")
("C:\Program Files\MiKTeX\tex/generic/pgf/math\pgfmathfunctions.integerarithmet
ics.code.tex")))
("C:\Program Files\MiKTeX\tex/generic/pgf/math\pgfmathfloat.code.tex"
\c@pgfmathroundto@lastzeros=\count307
))
("C:\Program Files\MiKTeX\tex/generic/pgf/math\pgfint.code.tex")
("C:\Program Files\MiKTeX\tex/generic/pgf/basiclayer\pgfcorepoints.code.tex"
File: pgfcorepoints.code.tex 2020/11/23 v3.1.7 (3.1.7)
\pgf@picminx=\dimen183
\pgf@picmaxx=\dimen184
\pgf@picminy=\dimen185
\pgf@picmaxy=\dimen186
\pgf@pathminx=\dimen187
\pgf@pathmaxx=\dimen188
\pgf@pathminy=\dimen189
\pgf@pathmaxy=\dimen190
\pgf@xx=\dimen191
\pgf@xy=\dimen192
\pgf@yx=\dimen193
\pgf@yy=\dimen194
\pgf@zx=\dimen195
\pgf@zy=\dimen196
)
("C:\Program Files\MiKTeX\tex/generic/pgf/basiclayer\pgfcorepathconstruct.code.
tex"
File: pgfcorepathconstruct.code.tex 2020/11/23 v3.1.7 (3.1.7)
\pgf@path@lastx=\dimen197
\pgf@path@lasty=\dimen198
)
("C:\Program Files\MiKTeX\tex/generic/pgf/basiclayer\pgfcorepathusage.code.tex"
File: pgfcorepathusage.code.tex 2020/11/23 v3.1.7 (3.1.7)
\pgf@shorten@end@additional=\dimen199
\pgf@shorten@start@additional=\dimen256
) ("C:\Program Files\MiKTeX\tex/generic/pgf/basiclayer\pgfcorescopes.code.tex"
File: pgfcorescopes.code.tex 2020/11/23 v3.1.7 (3.1.7)
\pgfpic=\box65
\pgf@hbox=\box66
\pgf@layerbox@main=\box67
\pgf@picture@serial@count=\count308
)
("C:\Program Files\MiKTeX\tex/generic/pgf/basiclayer\pgfcoregraphicstate.code.t
ex"
File: pgfcoregraphicstate.code.tex 2020/11/23 v3.1.7 (3.1.7)
\pgflinewidth=\dimen257
)
("C:\Program Files\MiKTeX\tex/generic/pgf/basiclayer\pgfcoretransformations.cod
e.tex"
File: pgfcoretransformations.code.tex 2020/11/23 v3.1.7 (3.1.7)
\pgf@pt@x=\dimen258
\pgf@pt@y=\dimen259
\pgf@pt@temp=\dimen260
)
("C:\Program Files\MiKTeX\tex/generic/pgf/basiclayer\pgfcorequick.code.tex"
File: pgfcorequick.code.tex 2020/11/23 v3.1.7 (3.1.7)
)
("C:\Program Files\MiKTeX\tex/generic/pgf/basiclayer\pgfcoreobjects.code.tex"
File: pgfcoreobjects.code.tex 2020/11/23 v3.1.7 (3.1.7)
)
("C:\Program Files\MiKTeX\tex/generic/pgf/basiclayer\pgfcorepathprocessing.code
.tex"
File: pgfcorepathprocessing.code.tex 2020/11/23 v3.1.7 (3.1.7)
)
("C:\Program Files\MiKTeX\tex/generic/pgf/basiclayer\pgfcorearrows.code.tex"
File: pgfcorearrows.code.tex 2020/11/23 v3.1.7 (3.1.7)
\pgfarrowsep=\dimen261
)
("C:\Program Files\MiKTeX\tex/generic/pgf/basiclayer\pgfcoreshade.code.tex"
File: pgfcoreshade.code.tex 2020/11/23 v3.1.7 (3.1.7)
\pgf@max=\dimen262
\pgf@sys@shading@range@num=\count309
\pgf@shadingcount=\count310
)
("C:\Program Files\MiKTeX\tex/generic/pgf/basiclayer\pgfcoreimage.code.tex"
File: pgfcoreimage.code.tex 2020/11/23 v3.1.7 (3.1.7)

("C:\Program Files\MiKTeX\tex/generic/pgf/basiclayer\pgfcoreexternal.code.tex"
File: pgfcoreexternal.code.tex 2020/11/23 v3.1.7 (3.1.7)
\pgfexternal@startupbox=\box68
)) ("C:\Program Files\MiKTeX\tex/generic/pgf/basiclayer\pgfcorelayers.code.tex"
File: pgfcorelayers.code.tex 2020/11/23 v3.1.7 (3.1.7)
)
("C:\Program Files\MiKTeX\tex/generic/pgf/basiclayer\pgfcoretransparency.code.t
ex"
File: pgfcoretransparency.code.tex 2020/11/23 v3.1.7 (3.1.7)
)
("C:\Program Files\MiKTeX\tex/generic/pgf/basiclayer\pgfcorepatterns.code.tex"
File: pgfcorepatterns.code.tex 2020/11/23 v3.1.7 (3.1.7)
) ("C:\Program Files\MiKTeX\tex/generic/pgf/basiclayer\pgfcorerdf.code.tex"
File: pgfcorerdf.code.tex 2020/11/23 v3.1.7 (3.1.7)
)))
("C:\Program Files\MiKTeX\tex/generic/pgf/modules\pgfmoduleshapes.code.tex"
File: pgfmoduleshapes.code.tex 2020/11/23 v3.1.7 (3.1.7)
\pgfnodeparttextbox=\box69
)
("C:\Program Files\MiKTeX\tex/generic/pgf/modules\pgfmoduleplot.code.tex"
File: pgfmoduleplot.code.tex 2020/11/23 v3.1.7 (3.1.7)
)
("C:\Program Files\MiKTeX\tex/latex/pgf/compatibility\pgfcomp-version-0-65.sty"
Package: pgfcomp-version-0-65 2020/11/23 v3.1.7 (3.1.7)
\pgf@nodesepstart=\dimen263
\pgf@nodesepend=\dimen264
) ("C:\Program Files\MiKTeX\tex/latex/pgf/compatibility\pgfcomp-version-1-18.st
y"
Package: pgfcomp-version-1-18 2020/11/23 v3.1.7 (3.1.7)
)) ("C:\Program Files\MiKTeX\tex/latex/pgf/utilities\pgffor.sty"
("C:\Program Files\MiKTeX\tex/latex/pgf/utilities\pgfkeys.sty"
("C:\Program Files\MiKTeX\tex/generic/pgf/utilities\pgfkeys.code.tex"))
("C:\Program Files\MiKTeX\tex/latex/pgf/math\pgfmath.sty"
("C:\Program Files\MiKTeX\tex/generic/pgf/math\pgfmath.code.tex"))
("C:\Program Files\MiKTeX\tex/generic/pgf/utilities\pgffor.code.tex"
Package: pgffor 2020/11/23 v3.1.7 (3.1.7)

("C:\Program Files\MiKTeX\tex/generic/pgf/math\pgfmath.code.tex")
\pgffor@iter=\dimen265
\pgffor@skip=\dimen266
\pgffor@stack=\toks46
\pgffor@toks=\toks47
))
("C:\Program Files\MiKTeX\tex/generic/pgf/frontendlayer/tikz\tikz.code.tex"
Package: tikz 2020/11/23 v3.1.7 (3.1.7)

("C:\Program Files\MiKTeX\tex/generic/pgf/libraries\pgflibraryplothandlers.code
.tex"
File: pgflibraryplothandlers.code.tex 2020/11/23 v3.1.7 (3.1.7)
\pgf@plot@mark@count=\count311
\pgfplotmarksize=\dimen267
)
\tikz@lastx=\dimen268
\tikz@lasty=\dimen269
\tikz@lastxsaved=\dimen270
\tikz@lastysaved=\dimen271
\tikz@lastmovetox=\dimen272
\tikz@lastmovetoy=\dimen273
\tikzleveldistance=\dimen274
\tikzsiblingdistance=\dimen275
\tikz@figbox=\box70
\tikz@figbox@bg=\box71
\tikz@tempbox=\box72
\tikz@tempbox@bg=\box73
\tikztreelevel=\count312
\tikznumberofchildren=\count313
\tikznumberofcurrentchild=\count314
\tikz@fig@count=\count315

("C:\Program Files\MiKTeX\tex/generic/pgf/modules\pgfmodulematrix.code.tex"
File: pgfmodulematrix.code.tex 2020/11/23 v3.1.7 (3.1.7)
\pgfmatrixcurrentrow=\count316
\pgfmatrixcurrentcolumn=\count317
\pgf@matrix@numberofcolumns=\count318
)
\tikz@expandcount=\count319

("C:\Program Files\MiKTeX\tex/generic/pgf/frontendlayer/tikz/libraries\tikzlibr
arytopaths.code.tex"
File: tikzlibrarytopaths.code.tex 2020/11/23 v3.1.7 (3.1.7)
)))
("C:\Program Files\MiKTeX\tex/generic/pgf/frontendlayer/tikz/libraries\tikzlibr
arycalc.code.tex"
File: tikzlibrarycalc.code.tex 2020/11/23 v3.1.7 (3.1.7)
)
("C:\Program Files\MiKTeX\tex/generic/pgf/frontendlayer/tikz/libraries\tikzlibr
aryshapes.code.tex"
File: tikzlibraryshapes.code.tex 2020/11/23 v3.1.7 (3.1.7)

("C:\Program Files\MiKTeX\tex/generic/pgf/frontendlayer/tikz/libraries\tikzlibr
aryshapes.geometric.code.tex"
File: tikzlibraryshapes.geometric.code.tex 2020/11/23 v3.1.7 (3.1.7)

("C:\Program Files\MiKTeX\tex/generic/pgf/libraries/shapes\pgflibraryshapes.geo
metric.code.tex"
File: pgflibraryshapes.geometric.code.tex 2020/11/23 v3.1.7 (3.1.7)
))
("C:\Program Files\MiKTeX\tex/generic/pgf/frontendlayer/tikz/libraries\tikzlibr
aryshapes.misc.code.tex"
File: tikzlibraryshapes.misc.code.tex 2020/11/23 v3.1.7 (3.1.7)

("C:\Program Files\MiKTeX\tex/generic/pgf/libraries/shapes\pgflibraryshapes.mis
c.code.tex"
File: pgflibraryshapes.misc.code.tex 2020/11/23 v3.1.7 (3.1.7)
))
("C:\Program Files\MiKTeX\tex/generic/pgf/frontendlayer/tikz/libraries\tikzlibr
aryshapes.symbols.code.tex"
File: tikzlibraryshapes.symbols.code.tex 2020/11/23 v3.1.7 (3.1.7)

("C:\Program Files\MiKTeX\tex/generic/pgf/libraries/shapes\pgflibraryshapes.sym
bols.code.tex"
File: pgflibraryshapes.symbols.code.tex 2020/11/23 v3.1.7 (3.1.7)
))
("C:\Program Files\MiKTeX\tex/generic/pgf/frontendlayer/tikz/libraries\tikzlibr
aryshapes.arrows.code.tex"
File: tikzlibraryshapes.arrows.code.tex 2020/11/23 v3.1.7 (3.1.7)

("C:\Program Files\MiKTeX\tex/generic/pgf/libraries/shapes\pgflibraryshapes.arr
ows.code.tex"
File: pgflibraryshapes.arrows.code.tex 2020/11/23 v3.1.7 (3.1.7)
))
("C:\Program Files\MiKTeX\tex/generic/pgf/frontendlayer/tikz/libraries\tikzlibr
aryshapes.callouts.code.tex"
("C:\Program Files\MiKTeX\tex/generic/pgf/libraries/shapes\pgflibraryshapes.cal
louts.code.tex"))
("C:\Program Files\MiKTeX\tex/generic/pgf/frontendlayer/tikz/libraries\tikzlibr
aryshapes.multipart.code.tex"
File: tikzlibraryshapes.multipart.code.tex 2020/11/23 v3.1.7 (3.1.7)

("C:\Program Files\MiKTeX\tex/generic/pgf/libraries/shapes\pgflibraryshapes.mul
tipart.code.tex"
File: pgflibraryshapes.multipart.code.tex 2020/11/23 v3.1.7 (3.1.7)
\pgfnodepartlowerbox=\box74
\pgfnodeparttwobox=\box75
\pgfnodepartthreebox=\box76
\pgfnodepartfourbox=\box77
\pgfnodeparttwentybox=\box78
\pgfnodepartnineteenbox=\box79
\pgfnodeparteighteenbox=\box80
\pgfnodepartseventeenbox=\box81
\pgfnodepartsixteenbox=\box82
\pgfnodepartfifteenbox=\box83
\pgfnodepartfourteenbox=\box84
\pgfnodepartthirteenbox=\box85
\pgfnodeparttwelvebox=\box86
\pgfnodepartelevenbox=\box87
\pgfnodeparttenbox=\box88
\pgfnodepartninebox=\box89
\pgfnodeparteightbox=\box90
\pgfnodepartsevenbox=\box91
\pgfnodepartsixbox=\box92
\pgfnodepartfivebox=\box93
)))
("C:\Program Files\MiKTeX\tex/generic/pgf/frontendlayer/tikz/libraries\tikzlibr
arysnakes.code.tex"
File: tikzlibrarysnakes.code.tex 2020/11/23 v3.1.7 (3.1.7)


Package pgf Warning: Snakes have been superseded by decorations. Please use the
 decoration libraries instead of the snakes library on input line 14.


("C:\Program Files\MiKTeX\tex/generic/pgf/frontendlayer/tikz/libraries\tikzlibr
arydecorations.pathmorphing.code.tex"
("C:\Program Files\MiKTeX\tex/generic/pgf/frontendlayer/tikz/libraries\tikzlibr
arydecorations.code.tex"
("C:\Program Files\MiKTeX\tex/generic/pgf/modules\pgfmoduledecorations.code.tex
"
\pgfdecoratedcompleteddistance=\dimen276
\pgfdecoratedremainingdistance=\dimen277
\pgfdecoratedinputsegmentcompleteddistance=\dimen278
\pgfdecoratedinputsegmentremainingdistance=\dimen279
\pgf@decorate@distancetomove=\dimen280
\pgf@decorate@repeatstate=\count320
\pgfdecorationsegmentamplitude=\dimen281
\pgfdecorationsegmentlength=\dimen282
)
\tikz@lib@dec@box=\box94
)
("C:\Program Files\MiKTeX\tex/generic/pgf/libraries/decorations\pgflibrarydecor
ations.pathmorphing.code.tex"))
("C:\Program Files\MiKTeX\tex/generic/pgf/frontendlayer/tikz/libraries\tikzlibr
arydecorations.pathreplacing.code.tex"
("C:\Program Files\MiKTeX\tex/generic/pgf/libraries/decorations\pgflibrarydecor
ations.pathreplacing.code.tex"))
("C:\Program Files\MiKTeX\tex/generic/pgf/frontendlayer/tikz/libraries\tikzlibr
arydecorations.shapes.code.tex"
("C:\Program Files\MiKTeX\tex/generic/pgf/libraries/decorations\pgflibrarydecor
ations.shapes.code.tex")))
(C:\Users\sonta\AppData\Roaming\MiKTeX\tex/latex/mathtools\mathtools.sty
Package: mathtools 2020/03/24 v1.24 mathematical typesetting tools

("C:\Program Files\MiKTeX\tex/latex/tools\calc.sty"
Package: calc 2017/05/25 v4.3 Infix arithmetic (KKT,FJ)
\calc@Acount=\count321
\calc@Bcount=\count322
\calc@Adimen=\dimen283
\calc@Bdimen=\dimen284
\calc@Askip=\skip61
\calc@Bskip=\skip62
LaTeX Info: Redefining \setlength on input line 80.
LaTeX Info: Redefining \addtolength on input line 81.
\calc@Ccount=\count323
\calc@Cskip=\skip63
)
(C:\Users\sonta\AppData\Roaming\MiKTeX\tex/latex/mathtools\mhsetup.sty
Package: mhsetup 2017/03/31 v1.3 programming setup (MH)
)
LaTeX Info: Thecontrolsequence`\('isalreadyrobust on input line 130.
LaTeX Info: Thecontrolsequence`\)'isalreadyrobust on input line 130.
LaTeX Info: Thecontrolsequence`\['isalreadyrobust on input line 130.
LaTeX Info: Thecontrolsequence`\]'isalreadyrobust on input line 130.
\g_MT_multlinerow_int=\count324
\l_MT_multwidth_dim=\dimen285
\origjot=\skip64
\l_MT_shortvdotswithinadjustabove_dim=\dimen286
\l_MT_shortvdotswithinadjustbelow_dim=\dimen287
\l_MT_above_intertext_sep=\dimen288
\l_MT_below_intertext_sep=\dimen289
\l_MT_above_shortintertext_sep=\dimen290
\l_MT_below_shortintertext_sep=\dimen291
\xmathstrut@box=\box95
\xmathstrut@dim=\dimen292
)
(C:\Users\sonta\AppData\Roaming\MiKTeX\tex/latex/ulem\ulem.sty
\UL@box=\box96
\UL@hyphenbox=\box97
\UL@skip=\skip65
\UL@hook=\toks48
\UL@height=\dimen293
\UL@pe=\count325
\UL@pixel=\dimen294
\ULC@box=\box98
Package: ulem 2019/11/18
\ULdepth=\dimen295
)
(../Def/commonDef.tex ("C:\Program Files\MiKTeX\tex/latex/xcolor\svgnam.def"
File: svgnam.def 2016/05/11 v2.12 Predefined colors according to SVG 1.1 (UK)
)
\savePremise=\box99
\saveConsequence=\box100
\saveSideCondition=\box101
\saveMetaRule=\box102
\saveScaled=\box103
\c@theorem=\count326
)
(../Def/tikzDef.tex
\pgf@layerbox@background=\box104
\pgf@layerboxsaved@background=\box105
)
\stageHeight=\skip66
\stageWidth=\skip67
\colonwidth=\skip68
\colonheight=\skip69
 ("C:\Program Files\MiKTeX\tex/latex/listings\lstlang1.sty"
File: lstlang1.sty 2020/03/24 1.8d listings language file
))) (SCP.aux)
\openout1 = `SCP.aux'.

LaTeX Font Info:    Checking defaults for OML/cmm/m/it on input line 43.
LaTeX Font Info:    ... okay on input line 43.
LaTeX Font Info:    Checking defaults for OMS/cmsy/m/n on input line 43.
LaTeX Font Info:    ... okay on input line 43.
LaTeX Font Info:    Checking defaults for OT1/cmr/m/n on input line 43.
LaTeX Font Info:    ... okay on input line 43.
LaTeX Font Info:    Checking defaults for T1/cmr/m/n on input line 43.
LaTeX Font Info:    ... okay on input line 43.
LaTeX Font Info:    Checking defaults for TS1/cmr/m/n on input line 43.
LaTeX Font Info:    ... okay on input line 43.
LaTeX Font Info:    Checking defaults for OMX/cmex/m/n on input line 43.
LaTeX Font Info:    ... okay on input line 43.
LaTeX Font Info:    Checking defaults for U/cmr/m/n on input line 43.
LaTeX Font Info:    ... okay on input line 43.
LaTeX Font Info:    Checking defaults for PD1/pdf/m/n on input line 43.
LaTeX Font Info:    ... okay on input line 43.
 ("C:\Program Files\MiKTeX\tex/context/base/mkii\supp-pdf.mkii"
[Loading MPS to PDF converter (version 2006.09.02).]
\scratchcounter=\count327
\scratchdimen=\dimen296
\scratchbox=\box106
\nofMPsegments=\count328
\nofMParguments=\count329
\everyMPshowfont=\toks49
\MPscratchCnt=\count330
\MPscratchDim=\dimen297
\MPnumerator=\count331
\makeMPintoPDFobject=\count332
\everyMPtoPDFconversion=\toks50
) ("C:\Program Files\MiKTeX\tex/latex/epstopdf-pkg\epstopdf-base.sty"
Package: epstopdf-base 2020-01-24 v2.11 Base part for package epstopdf

(C:\Users\sonta\AppData\Roaming\MiKTeX\tex/latex/grfext\grfext.sty
Package: grfext 2019/12/03 v1.3 Manage graphics extensions (HO)
)
Package epstopdf-base Info: Redefining graphics rule for `.eps' on input line 4
85.
Package grfext Info: Graphics extension search list:
(grfext)             [.pdf,.png,.jpg,.mps,.jpeg,.jbig2,.jb2,.PDF,.PNG,.JPG,.JPE
G,.JBIG2,.JB2,.eps]
(grfext)             \AppendGraphicsExtensions on input line 504.
)
Package hyperref Info: Link coloring OFF on input line 43.

("C:\Program Files\MiKTeX\tex/latex/hyperref\nameref.sty"
Package: nameref 2019/09/16 v2.46 Cross-referencing by name of section

(C:\Users\sonta\AppData\Roaming\MiKTeX\tex/latex/refcount\refcount.sty
Package: refcount 2019/12/15 v3.6 Data extraction from label references (HO)
)
(C:\Users\sonta\AppData\Roaming\MiKTeX\tex/generic/gettitlestring\gettitlestrin
g.sty
Package: gettitlestring 2019/12/15 v1.6 Cleanup title references (HO)
)
\c@section@level=\count333
)
LaTeX Info: Redefining \ref on input line 43.
LaTeX Info: Redefining \pageref on input line 43.
LaTeX Info: Redefining \nameref on input line 43.
 (SCP.out) (SCP.out)
\@outlinefile=\write5
\openout5 = `SCP.out'.

\c@lstlisting=\count334
 (main-abstract.tex) (main-body.tex (intro.tex
LaTeX Font Info:    Font shape `OT1/cmtt/bx/n' in size <9> not available
(Font)              Font shape `OT1/cmtt/m/n' tried instead on input line 10.

Overfull \hbox (2.22221pt too wide) has occurred while \output is active
[] 
 []

[1


{C:/Users/sonta/AppData/Local/MiKTeX/pdftex/config/pdftex.map}] [2] [3]
[4]) (TMsAndOCs.tex [5] [6] [7] [8] [9] [10]
LaTeX Font Info:    Trying to load font information for TS1+cmtt on input line 
231.

("C:\Program Files\MiKTeX\tex/latex/base\ts1cmtt.fd"
File: ts1cmtt.fd 2019/12/16 v2.5j Standard LaTeX font definitions
)
Overfull \hbox (4.75064pt too wide) in paragraph at lines 245--246
\OT1/cmr/m/n/10 L42 ca-pa-bil-ity op-er-a-tions are mostly used in-ter-nally by
 ca-pa-bil-ity classes, whereas
 []

) (protocol.tex [11] [12]
LaTeX Font Info:    Font shape `OT1/cmtt/bx/n' in size <10> not available
(Font)              Font shape `OT1/cmtt/m/n' tried instead on input line 107.
 [13] [14]) (immutable.tex [15] [16]
Overfull \hbox (6.53894pt too wide) in paragraph at lines 40--41
[][][][][][][][][][][][][][][][][][][][][][][][][][][][][][][][][][][][][][][][
][][][][][][][][] 
 []


Overfull \hbox (12.20892pt too wide) in paragraph at lines 44--45
[][][][][][][][][][][][][][][][][][][][][][][][][][][][][][][][][][][][][][][][
][] 
 []

[17]
Overfull \hbox (46.22882pt too wide) in paragraph at lines 62--63
[][][][][][][][][][][][][][][][][][][][][][][][][][][][][][][][][][][][][][][][
][][][][][][][][][] 
 []


Overfull \hbox (23.54889pt too wide) in paragraph at lines 65--66
[][][][][][][][][][][][][][][][][][][][][][][][][][][][][][] 
 []


Overfull \hbox (23.54889pt too wide) in paragraph at lines 67--68
[][][][][][][][][][][][][][][][][][][][][][][][][][][][][][][][][][][][][][][][
][][][][][][][][][][][][][][][][][][] 
 []


Overfull \hbox (12.20892pt too wide) in paragraph at lines 68--69
[][][][][][][][][][][][][][][][][][][][][][][][][][][][][][][][][][][][][][][][
][][][][][][][][][][][] 
 []

[18]) (encapsulated.tex
Overfull \hbox (17.8789pt too wide) in paragraph at lines 9--10
[][][][][][][][][][][][][][][][][][][][][][][][][][][][] 
 []


Overfull \hbox (6.53894pt too wide) in paragraph at lines 12--13
[][][][][][][][][][][][][][][][][][][][][][][][][][][][][][][][][] 
 []


Overfull \hbox (12.20892pt too wide) in paragraph at lines 15--16
[][][][][][][][][][][][][][][][][][][][][][][][][][][][][][][][][] 
 []


Overfull \hbox (3.01012pt too wide) in paragraph at lines 17--26
\OT1/cmr/m/n/10 We in-ject calls to [][][][] at the end of the con-struc-tor an
d the [][][][][][]
 []

[19]
Overfull \hbox (6.53894pt too wide) in paragraph at lines 36--37
[][][][][][][][][][][][][][][][][][][][][][][][][][][][][][][][][][][][][][][][
][][][][][][][] 
 []


Overfull \hbox (12.20892pt too wide) in paragraph at lines 43--44
[][][][][][][][][][][][][][][][][][][][][][][][][][][][][][][][][][][][][][][][
][][][][][][][][][][][][][][][][][][][][][][][][][][][][][] 
 []


Overfull \hbox (0.86896pt too wide) in paragraph at lines 64--65
[][][][][][][][][][][][][][][][][][][][][][][][][][][][][][][][][][][][][][][][
][][][][][][][][][][][][][][] 
 []


Overfull \hbox (0.86896pt too wide) in paragraph at lines 67--68
[][][][][][][][][][][][][][][][][][][][][][][][][][][][][][][][][][][][][][][][
][][][][][][][][][][][][][][][][][][][][][][][][][][][][][][][][][][][][][][][]
[][][][][][] 
 []


Overfull \hbox (0.86896pt too wide) in paragraph at lines 76--77
[][][][][][][][][][][][][][][][][][][][][][][][][][][][][][][][][][][][][][][][
][][][][][][][][][][][][][][][][][][][][][][][][][][][][][][][][][][][][][][][]
[][][][][][] 
 []

[20]) (formalism.tex [21]
Overfull \hbox (2.88951pt too wide) in paragraph at lines 33--35
\OT1/cmr/m/n/10 deterministically, such meth-ods would model op-er-a-tions such
 as file read-ing/writ-
 []

LaTeX Font Info:    Trying to load font information for OMS+cmtt on input line 
54.
LaTeX Font Info:    No file OMScmtt.fd. on input line 54.

LaTeX Font Warning: Font shape `OMS/cmtt/bx/n' undefined
(Font)              using `OMS/cmsy/m/n' instead
(Font)              for symbol `textbraceleft' on input line 54.


Overfull \hbox (66.11613pt too wide) in paragraph at lines 49--116
[]$[]$ 
 []

[22] [23]
Overfull \hbox (52.6214pt too wide) in paragraph at lines 141--202
[] $     []$
 []

[24]
Overfull \hbox (39.99266pt too wide) in paragraph at lines 247--248
[][]\OT1/cmr/bx/n/10 Theorem 1 \OT1/cmr/m/n/10 (Sound-ness)\OT1/cmr/bx/n/10 . [
]\OT1/cmr/m/n/10 If $[](\OML/cmm/m/it/10 ; [][][]\OT1/cmr/m/n/10 [\OML/cmm/m/i
t/10 r[]\OT1/cmr/m/n/10 ])$, then ei-ther $[](\OML/cmm/m/it/10 ; l\OT1/cmr/m/n
/10 )$ or $[]([][][]\OML/cmm/m/it/10 ; r[]\OT1/cmr/m/n/10 )$. 
 []

) (case-study.tex [25]
Overfull \hbox (3.63704pt too wide) in paragraph at lines 20--23
[][][]\OT1/cmr/m/n/10 s' size and po-si-tion as well as chil-dren (a list of []
[][]s). Both [][][]s
 []


Overfull \hbox (51.8988pt too wide) in paragraph at lines 30--31
[][][][][][][][][][][][][][][][][][][][][][][][][][][][][][][][][][][][][][][] 

 []

[26] [27]
Overfull \hbox (17.8789pt too wide) in paragraph at lines 64--65
[][][][][][][][][][][][][][][][][][][][][][][][][][][][][][][] 
 []

\imglength=\skip70
<GuiImg.png, id=495, 529.98pt x 531.48563pt>
File: GuiImg.png Graphic file (type png)
<use GuiImg.png>
Package pdftex.def Info: GuiImg.png  used on input line 76.
(pdftex.def)             Requested size: 103.50105pt x 103.7893pt.
[28 <./GuiImg.png>] [29]
Overfull \hbox (18.96675pt too wide) in paragraph at lines 157--173
 [] 
 []

[30]) (hamster.tex (hamsterExample.tex
Overfull \hbox (17.8789pt too wide) in paragraph at lines 13--14
[][][][][][][][][][][][][][][][][][][][][][][][][][][][][][][][][][] 
 []


Overfull \hbox (17.8789pt too wide) in paragraph at lines 16--17
[][][][][][][][][][][][][][][][][][][][][][][][][][][][][][][][][][][][][][] 
 []

[31] [32] ("C:\Program Files\MiKTeX\tex/latex/listings\lstlang1.sty"
File: lstlang1.sty 2020/03/24 1.8d listings language file
)
Overfull \hbox (17.8789pt too wide) in paragraph at lines 72--73
[][][][][][][][][][][][][][][][][][][][][][][][][][][][][][][][][][][][][][][][
][][] 
 []


Overfull \hbox (17.8789pt too wide) in paragraph at lines 86--87
[][][][][][][][][][][][][][][][][][][][][][][][][][][][][][][][][][][][][] 
 []


Overfull \hbox (12.20892pt too wide) in paragraph at lines 87--88
[][][][][][][][][][][][][][][][][][][][][][][][][][][][][][][][][][][][][][][][
] 
 []

[33] [34]
Overfull \hbox (17.8789pt too wide) in paragraph at lines 119--120
[][][][][][][][][][][][][][][][][][][][][][][][][][][][][][][][] 
 []

)) (more-case-studies.tex [35]
Overfull \hbox (17.8789pt too wide) in paragraph at lines 121--122
[][][][][][][][][][][][][][][][][][][][][][][][][][][][][] 
 []


Overfull \hbox (17.8789pt too wide) in paragraph at lines 123--124
[][][][][][][][][][][][][][][][][][][][][][][][][][][][][][][] 
 []


Overfull \hbox (17.8789pt too wide) in paragraph at lines 124--125
[][][][][][][][][][][][][][][][][][][][][][][][][][][][][][][] 
 []

[36]
Overfull \hbox (19.02112pt too wide) in paragraph at lines 141--146
\OT1/cmr/m/n/10 pat-tern, the in-vari-ant only needs to hold at the end of [][]
[][][][][][],
 []


Overfull \hbox (10.64462pt too wide) in paragraph at lines 141--146
\OT1/cmr/m/n/10 af-ter all the [][][] and [][][] have been up-dated. Thus [][][
][][][]
 []


Overfull \hbox (25.28633pt too wide) in paragraph at lines 173--174
[]\OT1/cmr/m/n/10 The idea is that ev-ery-thing we do with the [][][] is a mu-t
a-tion; the [][][][][]
 []

[37]
Overfull \hbox (10.15385pt too wide) in paragraph at lines 187--188
\OT1/cmr/m/n/10 checks at the be-gin-ning of each call to [][][][][][] and [][]
[][][][]. 
 []

[38] [39] [40]) (patterns.tex [41]
Overfull \hbox (85.9187pt too wide) in paragraph at lines 17--18
[][][][][][][][][][][][][][][][][][][][][][][][][][][][][][][][][][][][][] 
 []


Overfull \hbox (6.53894pt too wide) in paragraph at lines 18--19
[][][][][][][][][][][][][][][][][][][][][][][][] 
 []


Overfull \hbox (46.22882pt too wide) in paragraph at lines 28--29
[][][][][][][][][][][][][][][][][][][][][][][][][][][][][][][][] 
 []


Overfull \hbox (0.86896pt too wide) in paragraph at lines 29--30
[][][][][][][][][][][][][][][][][][][][][][][][][][][][][][][][][][][][][][][][
][][][][][][][][][][][][][][][][][][][][][][][][][][][] 
 []


Overfull \hbox (12.20892pt too wide) in paragraph at lines 34--35
[][][][][][][][][][][][][][][][][][][][][][][][][][][][] 
 []


Overfull \hbox (29.21887pt too wide) in paragraph at lines 36--37
[][][][][][][][][][][][][][][][][][][][][][][][][][][][][][][][][][][] 
 []


Overfull \hbox (63.23877pt too wide) in paragraph at lines 38--39
[][][][][][][][][][][][][][][][][][][][][][][][][][][][][][][][][] 
 []


Overfull \hbox (6.53894pt too wide) in paragraph at lines 40--41
[][][][][][][][][][][][][][][][][][][][][][][][][][][] 
 []

[42]
Overfull \hbox (34.08278pt too wide) in paragraph at lines 56--57
[]\OT1/cmr/m/n/10 Temporarily break an in-vari-ant: it is fine if dur-ing the [
][][][][] loop, [][][][][][][],
 []

[43]
Overfull \hbox (1.77774pt too wide) in paragraph at lines 57--58
[]\OT1/cmr/m/n/10 Pass the state of an `in-valid' ob-ject around, in a safe man
-ner: an [][][]
 []

[44]
Overfull \hbox (1.16238pt too wide) in paragraph at lines 85--86
[]\OT1/cmr/m/n/10 We de-fine [][][] as a [][][] and [][][]; since [][][][]
 []


Overfull \hbox (46.22882pt too wide) in paragraph at lines 90--91
[][][][][][][][][][][][][][][][][][][][][][][][][][][][][][][][][][][][][][][][
][][][][][][][][][][][][][][][][][][][][][][][][][][][][][][][][][][][][][][][]
[][][][][][][][][] 
 []


Overfull \hbox (12.20892pt too wide) in paragraph at lines 97--98
[][][][][][][][][][][][][][][][][][][][][][][][][][][][][][][][] 
 []


Overfull \hbox (46.22882pt too wide) in paragraph at lines 101--102
[][][][][][][][][][][][][][][][][][][][][][][][][][][][][][][][][][][][][][][][
][][][][][][] 
 []


Overfull \hbox (17.8789pt too wide) in paragraph at lines 103--104
[][][][][][][][][][][][][][][][][][][][][][][][][][][][][][][][][][][][][][][][
][][][][][][][][][][][][][][] 
 []


Overfull \hbox (63.23877pt too wide) in paragraph at lines 104--105
[][][][][][][][][][][][][][][][][][][][][][][][][][][][][][][][][][][][][][][][
][][][][][][][][][][][][][][][][][][][][][] 
 []

[45]
Overfull \hbox (23.54889pt too wide) in paragraph at lines 123--124
[][][][][][][][][][][][][][][][][][][][][][][][][][][][][][][][][][] 
 []


Overfull \hbox (0.86896pt too wide) in paragraph at lines 124--125
[][][][][][][][][][][][][][][][][][][][][][][][][][][][] 
 []


Overfull \hbox (12.20892pt too wide) in paragraph at lines 125--126
[][][][][][][][][][][][][][][][][][][][][][][][][][] 
 []


Overfull \hbox (91.58868pt too wide) in paragraph at lines 127--128
[][][][][][][][][][][][][][][][][][][][][][][][][][][][][][][][][][][][][][][][
][][][][][][][][][][][][][] 
 []


Overfull \hbox (51.8988pt too wide) in paragraph at lines 128--129
[][][][][][][][][][][][][][][][][][][][][][][][][][][][][][][][][][][][][][][][
][][][][][][][][][][][][][][][][] 
 []

[46]
Overfull \hbox (0.86896pt too wide) in paragraph at lines 172--173
[][][][][][][][][][][][][][][][][][][][][][][][][][][][][][][][][][][][][][][][
][][][][][][][][] 
 []


Overfull \hbox (80.24872pt too wide) in paragraph at lines 178--179
[][][][][][][][][][][][][][][][][][][][][][][][][][][][][][][][][][][][][] 
 []

[47]
Underfull \hbox (badness 10000) in paragraph at lines 213--214

 []


Overfull \hbox (0.86896pt too wide) in paragraph at lines 223--225
[][][][][][][][][][][][][][][][][][][][][][][][][][][][][][][] 
 []


Overfull \hbox (68.90875pt too wide) in paragraph at lines 240--241
[][][][][][][][][][][][][][][][][][][][][][][][][][][][][][][][][][][][][][][][
][][][][][][][][][][][][][][][][][][][][][][][][][][][][][][][][] 
 []

[48]
Overfull \hbox (74.57874pt too wide) in paragraph at lines 259--260
[][][][][][][][][][][][][][][][][][][][][][][][][][][][][][] 
 []


Overfull \hbox (17.8789pt too wide) in paragraph at lines 264--265
[][][][][][][][][][][][][][][][][][][][][][][][][][][][][][][][][] 
 []

[49]) (related.tex [50] [51] [52] [53] [54]
Overfull \hbox (41.91898pt too wide) in paragraph at lines 144--155
\OT1/cmr/m/n/10 the fol-low-ing ver-i-fies: [][][][][][][][][][][][][][][][][][
][][][][][][][][][][][][][][][][][] 
 []

[55]) (runtime-verification.tex [56]) (conclusion.tex [57]) (SCP.bbl [58]
LaTeX Info: Redefining \tempurl on input line 66.
LaTeX Info: Redefining \tempurl on input line 95.
LaTeX Info: Redefining \tempurl on input line 113.
LaTeX Info: Redefining \tempurl on input line 130.
LaTeX Info: Redefining \tempurl on input line 149.

Underfull \hbox (badness 1005) in paragraph at lines 138--151
\OT1/cmr/m/it/10 In-ter-na-tional Con-fer-ence on Con-struc-tion and Anal-y-sis
 of Safe, Se-
 []

[59]
LaTeX Info: Redefining \tempurl on input line 164.
LaTeX Info: Redefining \tempurl on input line 179.
LaTeX Info: Redefining \tempurl on input line 195.
LaTeX Info: Redefining \tempurl on input line 210.
LaTeX Info: Redefining \tempurl on input line 240.
LaTeX Info: Redefining \tempurl on input line 256.
 [60]
LaTeX Info: Redefining \tempurl on input line 281.
LaTeX Info: Redefining \tempurl on input line 294.
LaTeX Info: Redefining \tempurl on input line 313.
LaTeX Info: Redefining \tempurl on input line 328.
LaTeX Info: Redefining \tempurl on input line 343.
LaTeX Info: Redefining \tempurl on input line 363.
LaTeX Info: Redefining \tempurl on input line 380.
 [61]
LaTeX Info: Redefining \tempurl on input line 397.
LaTeX Info: Redefining \tempurl on input line 415.
LaTeX Info: Redefining \tempurl on input line 446.
LaTeX Info: Redefining \tempurl on input line 475.
LaTeX Info: Redefining \tempurl on input line 491.
 [62]
LaTeX Info: Redefining \tempurl on input line 507.
LaTeX Info: Redefining \tempurl on input line 524.
LaTeX Info: Redefining \tempurl on input line 539.
LaTeX Info: Redefining \tempurl on input line 555.
LaTeX Info: Redefining \tempurl on input line 583.
LaTeX Info: Redefining \tempurl on input line 601.
 [63]
LaTeX Info: Redefining \tempurl on input line 617.
LaTeX Info: Redefining \tempurl on input line 633.
LaTeX Info: Redefining \tempurl on input line 650.
LaTeX Info: Redefining \tempurl on input line 668.
LaTeX Info: Redefining \tempurl on input line 686.
 [64]
LaTeX Info: Redefining \tempurl on input line 737.
LaTeX Info: Redefining \tempurl on input line 751.
LaTeX Info: Redefining \tempurl on input line 766.
LaTeX Info: Redefining \tempurl on input line 781.
LaTeX Info: Redefining \tempurl on input line 797.
LaTeX Info: Redefining \tempurl on input line 823.
 [65]
LaTeX Info: Redefining \tempurl on input line 842.
LaTeX Info: Redefining \tempurl on input line 913.
LaTeX Info: Redefining \tempurl on input line 928.
LaTeX Info: Redefining \tempurl on input line 943.
 [66]
LaTeX Info: Redefining \tempurl on input line 974.
LaTeX Info: Redefining \tempurl on input line 1011.
LaTeX Info: Redefining \tempurl on input line 1027.
LaTeX Info: Redefining \tempurl on input line 1042.
LaTeX Info: Redefining \tempurl on input line 1060.
 [67]
LaTeX Info: Redefining \tempurl on input line 1078.
LaTeX Info: Redefining \tempurl on input line 1106.
LaTeX Info: Redefining \tempurl on input line 1125.
LaTeX Info: Redefining \tempurl on input line 1143.
LaTeX Info: Redefining \tempurl on input line 1161.
 [68]
LaTeX Info: Redefining \tempurl on input line 1177.
LaTeX Info: Redefining \tempurl on input line 1194.
LaTeX Info: Redefining \tempurl on input line 1211.
LaTeX Info: Redefining \tempurl on input line 1228.
) (proof.tex [69] [70]
Overfull \hbox (6.9224pt too wide) in paragraph at lines 63--67
[][]\OT1/cmr/bx/n/10 Assumption 3 \OT1/cmr/m/n/10 (Method Con-sis-tency)\OT1/cm
r/bx/n/10 . [] \OT1/cmr/m/n/10 If $[](\OML/cmm/m/it/10 ; [][][]\OT1/cmr/m/n/10
 [\OML/cmm/m/it/10 l[]m[]v[]; []; v[][]\OT1/cmr/m/n/10 ])$ where:
 []

[71]
Overfull \hbox (29.58151pt too wide) in paragraph at lines 83--85
[]\OT1/cmr/m/n/10 not $[](\OML/cmm/m/it/10 ; [][][]; e; l\OT1/cmr/m/n/10 )$, a
nd $\OML/cmm/m/it/10 \OMS/cmtt/bx/n/10 j[][][]\OT1/cmr/m/n/10 [\OML/cmm/m/it/1
0 e\OT1/cmr/m/n/10 ] \OMS/cmtt/bx/n/10 ![] \OML/cmm/m/it/10 []\OMS/cmtt/bx/n/1
0 j[][][]\OT1/cmr/m/n/10 [\OML/cmm/m/it/10 e[]\OT1/cmr/m/n/10 ]$, then not $[](
\OML/cmm/m/it/10 []; [][][]; e[]; l\OT1/cmr/m/n/10 )$. 
 []

[72]
Overfull \hbox (15.82384pt too wide) in paragraph at lines 116--118
[][]\OT1/cmr/bx/n/10 Assumption 10 \OT1/cmr/m/n/10 (Strong Ex-cep-tion Safety)\
OT1/cmr/bx/n/10 . []\OT1/cmr/m/n/10 If $[](\OML/cmm/m/it/10 []; []\OT1/cmr/m/n
/10 [[][][]\OML/cmm/m/it/10 e[][] [] []e[][]\OT1/cmr/m/n/10 ])$,
 []


Overfull \hbox (16.0442pt too wide) in paragraph at lines 122--123
[][]\OT1/cmr/bx/n/10 Lemma 1 \OT1/cmr/m/n/10 (Un-mon-i-tored Try)\OT1/cmr/bx/n/
10 . []\OT1/cmr/m/n/10 If $[](\OML/cmm/m/it/10 ; e\OT1/cmr/m/n/10 )$, $\OMS/cm
tt/bx/n/10 8[]$\OT1/cmr/m/n/10 , if $\OML/cmm/m/it/10 e \OT1/cmr/m/n/10 = [][[]
[][][][[][][]\OML/cmm/m/it/10 l[][][][][][][]\OT1/cmr/m/n/10 ][] []])$,
 []

[73] [74]
Overfull \hbox (25.89188pt too wide) in paragraph at lines 171--173
[]$[]\OT1/cmr/m/n/10 (\OML/cmm/m/it/10 ; e; l\OT1/cmr/m/n/10 )$ iff $\OMS/cmtt
/bx/n/10 8\OML/cmm/m/it/10 f \OMS/cmtt/bx/n/10 2 []\OT1/cmr/m/n/10 (\OML/cmm/m/
it/10 ; l\OT1/cmr/m/n/10 )$, not $[](\OML/cmm/m/it/10  \OMS/cmtt/bx/n/10 n \O
ML/cmm/m/it/10 l; \OT1/cmr/m/n/10 []\OML/cmm/m/it/10 ; e; \OT1/cmr/m/n/10 [\OM
L/cmm/m/it/10 l[]f\OT1/cmr/m/n/10 ])$. 
 []


Overfull \hbox (25.36607pt too wide) in paragraph at lines 190--193
[][]\OT1/cmr/bx/n/10 Theorem 2 \OT1/cmr/m/n/10 (Cap-sule Field Sound-ness)\OT1/
cmr/bx/n/10 . []\OT1/cmr/m/n/10 If $[](\OML/cmm/m/it/10 ; e\OT1/cmr/m/n/10 )$ 
then $\OMS/cmtt/bx/n/10 8\OML/cmm/m/it/10 l$\OT1/cmr/m/n/10 , if $[](\OML/cmm/m
/it/10 ; e; l\OT1/cmr/m/n/10 )$,
 []

[75]
Overfull \hbox (79.06718pt too wide) in paragraph at lines 215--216
[]$\OT1/cmr/m/n/10 , so by \OT1/cmss/m/n/10 Type Con-sis-tency \OT1/cmr/m/n/10 
and \OT1/cmss/m/n/10 Cap-sule Con-sis-tency\OT1/cmr/m/n/10 , $[](\OML/cmm/m/it/
10 ; [][][]\OT1/cmr/m/n/10 [\OML/cmm/m/it/10 l[]f \OT1/cmr/m/n/10 =
 []


Overfull \hbox (14.50952pt too wide) in paragraph at lines 218--219
\OT1/cmr/m/n/10 through a field \OT1/cmr/m/it/10 ac-cess \OT1/cmr/m/n/10 on $\O
ML/cmm/m/it/10 l[]$\OT1/cmr/m/n/10 ), thus we have that $\OML/cmm/m/it/10 l [] 
[]\OT1/cmr/m/n/10 (\OML/cmm/m/it/10 ; \OT1/cmr/m/n/10 [\OML/cmm/m/it/10 l[][]
f[]\OT1/cmr/m/n/10 ])$,
 []


Overfull \hbox (35.28569pt too wide) in paragraph at lines 219--220
\OT1/cmr/m/n/10 we can't have added $\OML/cmm/m/it/10 l[]$ \OT1/cmr/m/n/10 to t
he $[]$ of any-thing, thus $[]$
 []

[76]
Overfull \hbox (1.48997pt too wide) in paragraph at lines 236--237
[]\OT1/cmr/m/n/10 As with the above case, we can't have vi-o-lated $[]$
 []


Overfull \hbox (28.19781pt too wide) in paragraph at lines 240--241
\OT1/cmr/m/n/10 duc-tion, $\OML/cmm/m/it/10 l$ \OT1/cmr/m/n/10 was orig-i-nally
 $[]$ and $[]$. 
 []

[77]
Overfull \hbox (5.38019pt too wide) in paragraph at lines 244--245
\OT1/cmr/m/n/10 longer $[]$), so we haven't made such a field $[]$. 
 []


Overfull \hbox (2.2407pt too wide) in paragraph at lines 245--246
\OT1/cmss/m/n/10 tency\OT1/cmr/m/n/10 , and \OT1/cmss/m/n/10 Mut Con-sis-tency\
OT1/cmr/m/n/10 , we have that $\OML/cmm/m/it/10 v$ \OT1/cmr/m/n/10 is not $[]$.
 
 []


Overfull \hbox (102.24104pt too wide) in paragraph at lines 247--248
\OT1/cmr/m/n/10 Either way, the \OT1/cmr/m/sc/10 mon-i-tor exit \OT1/cmr/m/n/10
 re-duc-tion has re-stored $[](\OML/cmm/m/it/10 []; [][][]\OT1/cmr/m/n/10 [\OM
L/cmm/m/it/10 e[]\OT1/cmr/m/n/10 ]\OML/cmm/m/it/10 ; l\OT1/cmr/m/n/10 )$. 
 []


Overfull \hbox (35.99553pt too wide) in paragraph at lines 252--253
[]\OT1/cmr/m/n/10 By our re-duc-tion rules, we were pre-vi-ously in state $\OML
/cmm/m/it/10 []\OMS/cmtt/bx/n/10 j[][][]\OT1/cmr/m/n/10 [[] []\OML/cmm/m/it/10
 e[][] [] []e[]\OT1/cmr/m/n/10 ]$.
 []

[78]
Overfull \hbox (11.95181pt too wide) in paragraph at lines 273--275
[]\OT1/cmr/m/n/10 (\OT1/cmr/m/sc/10 new\OT1/cmr/m/n/10 ) $\OML/cmm/m/it/10 \OM
S/cmtt/bx/n/10 j[][][]\OT1/cmr/m/n/10 [[] \OML/cmm/m/it/10 C[]v[]; []; v[][]\OT
1/cmr/m/n/10 ] \OMS/cmtt/bx/n/10 ! \OML/cmm/m/it/10 ; l [] C\OMS/cmtt/bx/n/10 
f\OML/cmm/m/it/10 v[]; []; v[]\OMS/cmtt/bx/n/10 gj[][][]\OT1/cmr/m/n/10 [[][][]
\OML/cmm/m/it/10 l[][]l[][]l[][][][][]\OT1/cmr/m/n/10 ]$: 
 []


Overfull \hbox (60.12599pt too wide) in paragraph at lines 277--278
[]$ \OT1/cmr/m/n/10 from $[][][]$, and so $\OML/cmm/m/it/10 v[]$ \OT1/cmr/m/n/1
0 is not $[](\OML/cmm/m/it/10 [] \OMS/cmtt/bx/n/10 n \OML/cmm/m/it/10 l; \OT1/
cmr/m/n/10 []\OML/cmm/m/it/10 ; [][][]\OT1/cmr/m/n/10 [[][][]\OML/cmm/m/it/10 l
[][]l[][]l[][][][][]\OT1/cmr/m/n/10 ]\OML/cmm/m/it/10 ; v[]\OT1/cmr/m/n/10 )$;
 []

[79]
Overfull \hbox (6.22629pt too wide) in paragraph at lines 287--288
[]\OT1/cmr/m/n/10 Now con-sider any $[]$ $\OML/cmm/m/it/10 l[]$ \OT1/cmr/m/n/10
 and $\OML/cmm/m/it/10 f[] \OMS/cmtt/bx/n/10 2 []\OT1/cmr/m/n/10 (\OML/cmm/m/it
/10 ; l[]\OT1/cmr/m/n/10 )$,
 []


Overfull \hbox (5.18488pt too wide) in paragraph at lines 287--288
\OT1/cmr/m/n/10 with $\OML/cmm/m/it/10 l[][]f[] \OMS/cmtt/bx/n/10 6\OT1/cmr/m/n
/10 = \OML/cmm/m/it/10 l[]f$\OT1/cmr/m/n/10 ; by the above \OT1/cmr/m/sc/10 Up-
date \OT1/cmr/m/n/10 case for $[]$,
 []


Overfull \hbox (14.87167pt too wide) in paragraph at lines 287--288
\OML/cmm/m/it/10 v [] []\OT1/cmr/m/n/10 (\OML/cmm/m/it/10 ; \OT1/cmr/m/n/10 [
\OML/cmm/m/it/10 l[][]f[]\OT1/cmr/m/n/10 ])$; thus we can't have made $[](\OML/
cmm/m/it/10 ; \OT1/cmr/m/n/10 [\OML/cmm/m/it/10 l[][]f[]\OT1/cmr/m/n/10 ])$ $
[]$
 []


Overfull \hbox (33.4499pt too wide) in paragraph at lines 293--294
\OT1/cmr/m/n/10 Oth-er-wise, if $\OML/cmm/m/it/10 l$ \OT1/cmr/m/n/10 was not []
[][][][], $\OML/cmm/m/it/10 \OT1/cmr/m/n/10 [\OML/cmm/m/it/10 l[]f\OT1/cmr/m/n
/10 ]$ will not be [][][][][], so $[]$
 []


Overfull \hbox (24.75047pt too wide) in paragraph at lines 293--294
\OT1/cmr/m/n/10 was $[]$, so we don't need to pre-serve $[]$. 
 []

[80]
Overfull \hbox (15.9543pt too wide) in paragraph at lines 301--303
\OT1/cmr/m/n/10 In each case above, for each $\OML/cmm/m/it/10 l$\OT1/cmr/m/n/1
0 , $[]$ holds; and ei-ther $[]$
 []


Overfull \hbox (4.40425pt too wide) in paragraph at lines 326--327
[][]\OT1/cmr/bx/n/10 Theorem 3 \OT1/cmr/m/n/10 (Stronger Sound-ness)\OT1/cmr/bx
/n/10 . []\OT1/cmr/m/n/10 If $[]$ ($\OML/cmm/m/it/10 $\OT1/cmr/m/n/10 , e) the
n $\OMS/cmtt/bx/n/10 8\OML/cmm/m/it/10 l$\OT1/cmr/m/n/10 , if $[](\OML/cmm/m/it
/10 ; e; l\OT1/cmr/m/n/10 )$
 []

[81]
Overfull \hbox (3.62793pt too wide) in paragraph at lines 344--345
[]\OT1/cmr/m/n/10 Since we don't re-move any mon-i-tors, we can't have vi-o-lat
ed $[]$.
 []

[82]
Overfull \hbox (24.6551pt too wide) in paragraph at lines 357--359
[]\OT1/cmr/m/n/10 (\OT1/cmr/m/sc/10 try er-ror\OT1/cmr/m/n/10 ) $\OML/cmm/m/it/
10 \OMS/cmtt/bx/n/10 j[][][]\OT1/cmr/m/n/10 [[][][][][] [] []\OML/cmm/m/it/10 
e[]\OT1/cmr/m/n/10 ] \OMS/cmtt/bx/n/10 ! \OML/cmm/m/it/10 \OMS/cmtt/bx/n/10 j[
][][]\OT1/cmr/m/n/10 [\OML/cmm/m/it/10 e\OT1/cmr/m/n/10 ]$, where $[] = [][][][
][[][][]\OML/cmm/m/it/10 l[][][][][][][]\OT1/cmr/m/n/10 ]$: 
 []


Overfull \hbox (16.50095pt too wide) in paragraph at lines 368--370
[]\OT1/cmr/m/n/10 If $[](\OML/cmm/m/it/10 ; e\OT1/cmr/m/n/10 )$, $\OMS/cmtt/bx
/n/10 8\OML/cmm/m/it/10 f; l$\OT1/cmr/m/n/10 , if $[](\OML/cmm/m/it/10 ; e; l\
OT1/cmr/m/n/10 )$, $[](\OML/cmm/m/it/10 l\OT1/cmr/m/n/10 )[]\OML/cmm/m/it/10 f
 \OT1/cmr/m/n/10 = [] []$, then $\OML/cmm/m/it/10 l [] []\OT1/cmr/m/n/10 (\OML/
cmm/m/it/10 ; \OT1/cmr/m/n/10 [\OML/cmm/m/it/10 l[]f\OT1/cmr/m/n/10 ])$. 
 []


Overfull \hbox (0.57532pt too wide) in paragraph at lines 374--375
\OT1/cmss/m/n/10 Con-sis-tency \OT1/cmr/m/n/10 and \OT1/cmss/m/n/10 Mut Up-date
\OT1/cmr/m/n/10 , the only way $[](\OML/cmm/m/it/10 ; \OT1/cmr/m/n/10 [\OML/c
mm/m/it/10 l[]f\OT1/cmr/m/n/10 ])$ could have changed
 []


Overfull \hbox (34.52919pt too wide) in paragraph at lines 375--376
[]\OT1/cmr/m/n/10 The only rule that makes an $\OML/cmm/m/it/10 l$ $[]$ \OT1/cm
r/m/n/10 is \OT1/cmr/m/sc/10 new\OT1/cmr/m/n/10 . So con-sider $\OML/cmm/m/it/1
0 e \OT1/cmr/m/n/10 = [][][][[] \OML/cmm/m/it/10 C[]v[]; []; v[][]\OT1/cmr/m/n/
10 ]$
 []

[83]pdfTeX warning (ext4): destination with the same identifier (name{theorem.1
}) has been already used, duplicate ignored
<to be read again> 
                   \relax 
l.383 I
       f $\VS(\s, \EV[r_l])$, then either $\valid(\s,l)$ or $\trusted(\EV,r_...

Overfull \hbox (39.99266pt too wide) in paragraph at lines 383--384
[][]\OT1/cmr/bx/n/10 Theorem 1 \OT1/cmr/m/n/10 (Sound-ness)\OT1/cmr/bx/n/10 . [
]\OT1/cmr/m/n/10 If $[](\OML/cmm/m/it/10 ; [][][]\OT1/cmr/m/n/10 [\OML/cmm/m/i
t/10 r[]\OT1/cmr/m/n/10 ])$, then ei-ther $[](\OML/cmm/m/it/10 ; l\OT1/cmr/m/n
/10 )$ or $[]([][][]\OML/cmm/m/it/10 ; r[]\OT1/cmr/m/n/10 )$. 
 []

)) [84] (SCP.aux)
Package rerunfilecheck Info: File `SCP.out' has not changed.
(rerunfilecheck)             Checksum: 1709733045AFD40B90FFC16F0DBB8257;903.


LaTeX Font Warning: Some font shapes were not available, defaults substituted.

 ) 
Here is how much of TeX's memory you used:
 24969 strings out of 479799
 473985 string characters out of 2879558
 1018416 words of memory out of 3000000
 40769 multiletter control sequences out of 15000+200000
 544726 words of font info for 64 fonts, out of 3000000 for 9000
 1141 hyphenation exceptions out of 8191
 88i,20n,89p,1202b,1874s stack positions out of 5000i,500n,10000p,200000b,50000s
 <C:\Users\sonta\AppData\Local\MiKTeX\fonts/pk/ljfour/jknappen/ec/dpi600\tctt
1000.pk> <C:\Users\sonta\AppData\Local\MiKTeX\fonts/pk/ljfour/jknappen/ec/dpi60
0\tcrm1000.pk><C:/Program Files/MiKTeX/fonts/type1/public/amsfonts/cm/cmbx10.pf
b><C:/Program Files/MiKTeX/fonts/type1/public/amsfonts/cm/cmcsc10.pfb><C:/Progr
am Files/MiKTeX/fonts/type1/public/amsfonts/cm/cmmi10.pfb><C:/Program Files/MiK
TeX/fonts/type1/public/amsfonts/cm/cmmi6.pfb><C:/Program Files/MiKTeX/fonts/typ
e1/public/amsfonts/cm/cmmi7.pfb><C:/Program Files/MiKTeX/fonts/type1/public/ams
fonts/cm/cmmi9.pfb><C:/Program Files/MiKTeX/fonts/type1/public/amsfonts/cm/cmr1
0.pfb><C:/Program Files/MiKTeX/fonts/type1/public/amsfonts/cm/cmr12.pfb><C:/Pro
gram Files/MiKTeX/fonts/type1/public/amsfonts/cm/cmr5.pfb><C:/Program Files/MiK
TeX/fonts/type1/public/amsfonts/cm/cmr6.pfb><C:/Program Files/MiKTeX/fonts/type
1/public/amsfonts/cm/cmr7.pfb><C:/Program Files/MiKTeX/fonts/type1/public/amsfo
nts/cm/cmr8.pfb><C:/Program Files/MiKTeX/fonts/type1/public/amsfonts/cm/cmr9.pf
b><C:/Program Files/MiKTeX/fonts/type1/public/amsfonts/cm/cmss10.pfb><C:/Progra
m Files/MiKTeX/fonts/type1/public/amsfonts/cm/cmss8.pfb><C:/Program Files/MiKTe
X/fonts/type1/public/amsfonts/cm/cmssbx10.pfb><C:/Program Files/MiKTeX/fonts/ty
pe1/public/amsfonts/cm/cmsy10.pfb><C:/Program Files/MiKTeX/fonts/type1/public/a
msfonts/cm/cmsy7.pfb><C:/Program Files/MiKTeX/fonts/type1/public/amsfonts/cm/cm
ti10.pfb><C:/Program Files/MiKTeX/fonts/type1/public/amsfonts/cm/cmti8.pfb><C:/
Program Files/MiKTeX/fonts/type1/public/amsfonts/cm/cmtt10.pfb><C:/Program File
s/MiKTeX/fonts/type1/public/amsfonts/cm/cmtt8.pfb><C:/Program Files/MiKTeX/font
s/type1/public/amsfonts/cm/cmtt9.pfb>
Output written on SCP.pdf (84 pages, 744901 bytes).
PDF statistics:
 1526 PDF objects out of 1728 (max. 8388607)
 657 named destinations out of 1000 (max. 500000)
 130 words of extra memory for PDF output out of 10000 (max. 10000000)

