This is pdfTeX, Version 3.14159265-2.6-1.40.20 (Web2C 2019) (preloaded format=pdflatex 2019.6.25)  5 AUG 2019 17:19
entering extended mode
 restricted \write18 enabled.
 %&-line parsing enabled.
**mainEsoop.tex
(./mainEsoop.tex
LaTeX2e <2018-12-01>
(./llncs.cls
Document Class: llncs 2018/03/10 v2.20 
 LaTeX document class for Lecture Notes in Computer Science
(/usr/pkg/share/texmf-dist/tex/latex/base/article.cls
Document Class: article 2018/09/03 v1.4i Standard LaTeX document class
(/usr/pkg/share/texmf-dist/tex/latex/base/size10.clo
File: size10.clo 2018/09/03 v1.4i Standard LaTeX file (size option)
)
\c@part=\count80
\c@section=\count81
\c@subsection=\count82
\c@subsubsection=\count83
\c@paragraph=\count84
\c@subparagraph=\count85
\c@figure=\count86
\c@table=\count87
\abovecaptionskip=\skip41
\belowcaptionskip=\skip42
\bibindent=\dimen102
)
(/usr/pkg/share/texmf-dist/tex/latex/tools/multicol.sty
Package: multicol 2018/12/27 v1.8v multicolumn formatting (FMi)
\c@tracingmulticols=\count88
\mult@box=\box27
\multicol@leftmargin=\dimen103
\c@unbalance=\count89
\c@collectmore=\count90
\doublecol@number=\count91
\multicoltolerance=\count92
\multicolpretolerance=\count93
\full@width=\dimen104
\page@free=\dimen105
\premulticols=\dimen106
\postmulticols=\dimen107
\multicolsep=\skip43
\multicolbaselineskip=\skip44
\partial@page=\box28
\last@line=\box29
\maxbalancingoverflow=\dimen108
\mult@rightbox=\box30
\mult@grightbox=\box31
\mult@gfirstbox=\box32
\mult@firstbox=\box33
\@tempa=\box34
\@tempa=\box35
\@tempa=\box36
\@tempa=\box37
\@tempa=\box38
\@tempa=\box39
\@tempa=\box40
\@tempa=\box41
\@tempa=\box42
\@tempa=\box43
\@tempa=\box44
\@tempa=\box45
\@tempa=\box46
\@tempa=\box47
\@tempa=\box48
\@tempa=\box49
\@tempa=\box50
\c@columnbadness=\count94
\c@finalcolumnbadness=\count95
\last@try=\dimen109
\multicolovershoot=\dimen110
\multicolundershoot=\dimen111
\mult@nat@firstbox=\box51
\colbreak@box=\box52
\mc@col@check@num=\count96
)
(/usr/pkg/share/texmf-dist/tex/latex/oberdiek/aliascnt.sty
Package: aliascnt 2018/09/07 v1.5 Alias counters (HO)
)
\c@chapter=\count97
LaTeX Font Info:    Redeclaring math symbol \Gamma on input line 362.
LaTeX Font Info:    Redeclaring math symbol \Delta on input line 363.
LaTeX Font Info:    Redeclaring math symbol \Theta on input line 364.
LaTeX Font Info:    Redeclaring math symbol \Lambda on input line 365.
LaTeX Font Info:    Redeclaring math symbol \Xi on input line 366.
LaTeX Font Info:    Redeclaring math symbol \Pi on input line 367.
LaTeX Font Info:    Redeclaring math symbol \Sigma on input line 368.
LaTeX Font Info:    Redeclaring math symbol \Upsilon on input line 369.
LaTeX Font Info:    Redeclaring math symbol \Phi on input line 370.
LaTeX Font Info:    Redeclaring math symbol \Psi on input line 371.
LaTeX Font Info:    Redeclaring math symbol \Omega on input line 372.
\tocchpnum=\dimen112
\tocsecnum=\dimen113
\tocsectotal=\dimen114
\tocsubsecnum=\dimen115
\tocsubsectotal=\dimen116
\tocsubsubsecnum=\dimen117
\tocsubsubsectotal=\dimen118
\tocparanum=\dimen119
\tocparatotal=\dimen120
\tocsubparanum=\dimen121
\@tempcntc=\count98
\fnindent=\dimen122
\c@@inst=\count99
\c@@auth=\count100
\c@auco=\count101
\instindent=\dimen123
\authrun=\box53
\authorrunning=\toks14
\tocauthor=\toks15
\titrun=\box54
\titlerunning=\toks16
\toctitle=\toks17
\c@theorem=\count102
\c@case=\count103
\c@conjecture=\count104
\c@corollary=\count105
\c@definition=\count106
\c@example=\count107
\c@exercise=\count108
\c@lemma=\count109
\c@note=\count110
\c@problem=\count111
\c@property=\count112
\c@proposition=\count113
\c@question=\count114
\c@solution=\count115
\c@remark=\count116
\headlineindent=\dimen124
)
(/usr/pkg/share/texmf-dist/tex/latex/graphics/graphicx.sty
Package: graphicx 2017/06/01 v1.1a Enhanced LaTeX Graphics (DPC,SPQR)

(/usr/pkg/share/texmf-dist/tex/latex/graphics/keyval.sty
Package: keyval 2014/10/28 v1.15 key=value parser (DPC)
\KV@toks@=\toks18
)
(/usr/pkg/share/texmf-dist/tex/latex/graphics/graphics.sty
Package: graphics 2017/06/25 v1.2c Standard LaTeX Graphics (DPC,SPQR)

(/usr/pkg/share/texmf-dist/tex/latex/graphics/trig.sty
Package: trig 2016/01/03 v1.10 sin cos tan (DPC)
)
(/usr/pkg/share/texmf-dist/tex/latex/graphics-cfg/graphics.cfg
File: graphics.cfg 2016/06/04 v1.11 sample graphics configuration
)
Package graphics Info: Driver file: pdftex.def on input line 99.

(/usr/pkg/share/texmf-dist/tex/latex/graphics-def/pdftex.def
File: pdftex.def 2018/01/08 v1.0l Graphics/color driver for pdftex
))
\Gin@req@height=\dimen125
\Gin@req@width=\dimen126
)
(./main-preamble.tex (/usr/pkg/share/texmf-dist/tex/latex/tools/verbatim.sty
Package: verbatim 2014/10/28 v1.5q LaTeX2e package for verbatim enhancements
\every@verbatim=\toks19
\verbatim@line=\toks20
\verbatim@in@stream=\read1
)
(/usr/pkg/share/texmf-dist/tex/latex/wrapfig/wrapfig.sty
\wrapoverhang=\dimen127
\WF@size=\dimen128
\c@WF@wrappedlines=\count117
\WF@box=\box55
\WF@everypar=\toks21
Package: wrapfig 2003/01/31  v 3.6
)
(/usr/pkg/share/texmf-dist/tex/latex/etoolbox/etoolbox.sty
Package: etoolbox 2018/08/19 v2.5f e-TeX tools for LaTeX (JAW)
\etb@tempcnta=\count118
)
(/usr/pkg/share/texmf-dist/tex/latex/l3packages/xparse/xparse.sty
(/usr/pkg/share/texmf-dist/tex/latex/l3kernel/expl3.sty
Package: expl3 2019-05-07 L3 programming layer (loader) 

(/usr/pkg/share/texmf-dist/tex/latex/l3kernel/expl3-code.tex
Package: expl3 2019-05-07 L3 programming layer (code)
\c_max_int=\count119
\l_tmpa_int=\count120
\l_tmpb_int=\count121
\g_tmpa_int=\count122
\g_tmpb_int=\count123
\g__kernel_prg_map_int=\count124
\c__ior_term_ior=\count125
\c_log_iow=\count126
\l_iow_line_count_int=\count127
\l__iow_line_target_int=\count128
\l__iow_one_indent_int=\count129
\l__iow_indent_int=\count130
\c_zero_dim=\dimen129
\c_max_dim=\dimen130
\l_tmpa_dim=\dimen131
\l_tmpb_dim=\dimen132
\g_tmpa_dim=\dimen133
\g_tmpb_dim=\dimen134
\c_zero_skip=\skip45
\c_max_skip=\skip46
\l_tmpa_skip=\skip47
\l_tmpb_skip=\skip48
\g_tmpa_skip=\skip49
\g_tmpb_skip=\skip50
\c_zero_muskip=\muskip10
\c_max_muskip=\muskip11
\l_tmpa_muskip=\muskip12
\l_tmpb_muskip=\muskip13
\g_tmpa_muskip=\muskip14
\g_tmpb_muskip=\muskip15
\l_keys_choice_int=\count131
\l__intarray_loop_int=\count132
\c__intarray_sp_dim=\dimen135
\g__intarray_font_int=\count133
\c__fp_leading_shift_int=\count134
\c__fp_middle_shift_int=\count135
\c__fp_trailing_shift_int=\count136
\c__fp_big_leading_shift_int=\count137
\c__fp_big_middle_shift_int=\count138
\c__fp_big_trailing_shift_int=\count139
\c__fp_Bigg_leading_shift_int=\count140
\c__fp_Bigg_middle_shift_int=\count141
\c__fp_Bigg_trailing_shift_int=\count142
\c__kernel_randint_max_int=\count143
\g__fp_array_int=\count144
\l__fp_array_loop_int=\count145
\l__sort_length_int=\count146
\l__sort_min_int=\count147
\l__sort_top_int=\count148
\l__sort_max_int=\count149
\l__sort_true_max_int=\count150
\l__sort_block_int=\count151
\l__sort_begin_int=\count152
\l__sort_end_int=\count153
\l__sort_A_int=\count154
\l__sort_B_int=\count155
\l__sort_C_int=\count156
\l__tl_analysis_normal_int=\count157
\l__tl_analysis_index_int=\count158
\l__tl_analysis_nesting_int=\count159
\l__tl_analysis_type_int=\count160
\l__regex_internal_a_int=\count161
\l__regex_internal_b_int=\count162
\l__regex_internal_c_int=\count163
\l__regex_balance_int=\count164
\l__regex_group_level_int=\count165
\l__regex_mode_int=\count166
\c__regex_cs_in_class_mode_int=\count167
\c__regex_cs_mode_int=\count168
\l__regex_catcodes_int=\count169
\l__regex_default_catcodes_int=\count170
\c__regex_catcode_D_int=\count171
\c__regex_catcode_S_int=\count172
\c__regex_catcode_L_int=\count173
\c__regex_catcode_O_int=\count174
\c__regex_catcode_A_int=\count175
\c__regex_all_catcodes_int=\count176
\l__regex_show_lines_int=\count177
\l__regex_min_state_int=\count178
\l__regex_max_state_int=\count179
\l__regex_left_state_int=\count180
\l__regex_right_state_int=\count181
\l__regex_capturing_group_int=\count182
\l__regex_min_pos_int=\count183
\l__regex_max_pos_int=\count184
\l__regex_curr_pos_int=\count185
\l__regex_start_pos_int=\count186
\l__regex_success_pos_int=\count187
\l__regex_curr_char_int=\count188
\l__regex_curr_catcode_int=\count189
\l__regex_last_char_int=\count190
\l__regex_case_changed_char_int=\count191
\l__regex_curr_state_int=\count192
\l__regex_step_int=\count193
\l__regex_min_active_int=\count194
\l__regex_max_active_int=\count195
\l__regex_replacement_csnames_int=\count196
\l__regex_match_count_int=\count197
\l__regex_min_submatch_int=\count198
\l__regex_submatch_int=\count199
\l__regex_zeroth_submatch_int=\count266
\g__regex_trace_regex_int=\count267
\c_empty_box=\box56
\l_tmpa_box=\box57
\l_tmpb_box=\box58
\g_tmpa_box=\box59
\g_tmpb_box=\box60
\l__box_top_dim=\dimen136
\l__box_bottom_dim=\dimen137
\l__box_left_dim=\dimen138
\l__box_right_dim=\dimen139
\l__box_top_new_dim=\dimen140
\l__box_bottom_new_dim=\dimen141
\l__box_left_new_dim=\dimen142
\l__box_right_new_dim=\dimen143
\l__box_internal_box=\box61
\l__coffin_internal_box=\box62
\l__coffin_internal_dim=\dimen144
\l__coffin_offset_x_dim=\dimen145
\l__coffin_offset_y_dim=\dimen146
\l__coffin_x_dim=\dimen147
\l__coffin_y_dim=\dimen148
\l__coffin_x_prime_dim=\dimen149
\l__coffin_y_prime_dim=\dimen150
\c_empty_coffin=\box63
\l__coffin_aligned_coffin=\box64
\l__coffin_aligned_internal_coffin=\box65
\l_tmpa_coffin=\box66
\l_tmpb_coffin=\box67
\g_tmpa_coffin=\box68
\g_tmpb_coffin=\box69
\l__coffin_bounding_shift_dim=\dimen151
\l__coffin_left_corner_dim=\dimen152
\l__coffin_right_corner_dim=\dimen153
\l__coffin_bottom_corner_dim=\dimen154
\l__coffin_top_corner_dim=\dimen155
\l__coffin_scaled_total_height_dim=\dimen156
\l__coffin_scaled_width_dim=\dimen157
\c__coffin_empty_coffin=\box70
\l__coffin_display_coffin=\box71
\l__coffin_display_coord_coffin=\box72
\l__coffin_display_pole_coffin=\box73
\l__coffin_display_offset_dim=\dimen158
\l__coffin_display_x_dim=\dimen159
\l__coffin_display_y_dim=\dimen160
\g__file_internal_ior=\read2
\l__seq_internal_a_int=\count268
\l__seq_internal_b_int=\count269
\c__deprecation_minus_one=\count270
)
(/usr/pkg/share/texmf-dist/tex/latex/l3kernel/l3pdfmode.def
File: l3pdfmode.def 2019-04-06 v L3 Experimental driver: PDF mode
\l__driver_color_stack_int=\count271
\l__driver_pdf_tmp_box=\box74
))
Package: xparse 2019-05-03 L3 Experimental document command parser
\l__xparse_current_arg_int=\count272
\g__xparse_grabber_int=\count273
\l__xparse_m_args_int=\count274
\l__xparse_v_nesting_int=\count275
)
LaTeX Info: Redefining \rm on input line 9.
LaTeX Info: Redefining \sf on input line 10.
LaTeX Info: Redefining \tt on input line 11.
LaTeX Info: Redefining \bf on input line 12.
LaTeX Info: Redefining \it on input line 13.
LaTeX Info: Redefining \sl on input line 14.
LaTeX Info: Redefining \sc on input line 15.

(/usr/pkg/share/texmf-dist/tex/latex/mathpartir/mathpartir.sty
Package: mathpartir 2016/02/24 version 1.3.2 Math Paragraph for Typesetting Inf
erence Rules
\mpr@andskip=\skip51
\mpr@lista=\toks22
\mpr@listb=\toks23
\mpr@hlist=\box75
\mpr@vlist=\box76
\mpr@right=\box77
)
(/usr/pkg/share/texmf-dist/tex/latex/amsmath/amsmath.sty
Package: amsmath 2018/12/01 v2.17b AMS math features
\@mathmargin=\skip52

For additional information on amsmath, use the `?' option.
(/usr/pkg/share/texmf-dist/tex/latex/amsmath/amstext.sty
Package: amstext 2000/06/29 v2.01 AMS text

(/usr/pkg/share/texmf-dist/tex/latex/amsmath/amsgen.sty
File: amsgen.sty 1999/11/30 v2.0 generic functions
\@emptytoks=\toks24
\ex@=\dimen161
))
(/usr/pkg/share/texmf-dist/tex/latex/amsmath/amsbsy.sty
Package: amsbsy 1999/11/29 v1.2d Bold Symbols
\pmbraise@=\dimen162
)
(/usr/pkg/share/texmf-dist/tex/latex/amsmath/amsopn.sty
Package: amsopn 2016/03/08 v2.02 operator names
)
\inf@bad=\count276
LaTeX Info: Redefining \frac on input line 223.
\uproot@=\count277
\leftroot@=\count278
LaTeX Info: Redefining \overline on input line 385.
\classnum@=\count279
\DOTSCASE@=\count280
LaTeX Info: Redefining \ldots on input line 482.
LaTeX Info: Redefining \dots on input line 485.
LaTeX Info: Redefining \cdots on input line 606.
\Mathstrutbox@=\box78
\strutbox@=\box79
\big@size=\dimen163
LaTeX Font Info:    Redeclaring font encoding OML on input line 729.
LaTeX Font Info:    Redeclaring font encoding OMS on input line 730.


Package amsmath Warning: Unable to redefine math accent \vec.

\macc@depth=\count281
\c@MaxMatrixCols=\count282
\dotsspace@=\muskip16
\c@parentequation=\count283
\dspbrk@lvl=\count284
\tag@help=\toks25
\row@=\count285
\column@=\count286
\maxfields@=\count287
\andhelp@=\toks26
\eqnshift@=\dimen164
\alignsep@=\dimen165
\tagshift@=\dimen166
\tagwidth@=\dimen167
\totwidth@=\dimen168
\lineht@=\dimen169
\@envbody=\toks27
\multlinegap=\skip53
\multlinetaggap=\skip54
\mathdisplay@stack=\toks28
LaTeX Info: Redefining \[ on input line 2844.
LaTeX Info: Redefining \] on input line 2845.
) (/usr/pkg/share/texmf-dist/tex/latex/tools/xspace.sty
Package: xspace 2014/10/28 v1.13 Space after command names (DPC,MH)
)
\c@assumption=\count288
\c@llemma=\count289
 (../Def/Def.tex
(/usr/pkg/share/texmf-dist/tex/latex/listings/listings.sty
\lst@mode=\count290
\lst@gtempboxa=\box80
\lst@token=\toks29
\lst@length=\count291
\lst@currlwidth=\dimen170
\lst@column=\count292
\lst@pos=\count293
\lst@lostspace=\dimen171
\lst@width=\dimen172
\lst@newlines=\count294
\lst@lineno=\count295
\lst@maxwidth=\dimen173

(/usr/pkg/share/texmf-dist/tex/latex/listings/lstmisc.sty
File: lstmisc.sty 2019/02/27 1.8b (Carsten Heinz)
\c@lstnumber=\count296
\lst@skipnumbers=\count297
\lst@framebox=\box81
)
(/usr/pkg/share/texmf-dist/tex/latex/listings/listings.cfg
File: listings.cfg 2019/02/27 1.8b listings configuration
))
Package: listings 2019/02/27 1.8b (Carsten Heinz)

(/usr/pkg/share/texmf-dist/tex/latex/pgf/frontendlayer/tikz.sty
(/usr/pkg/share/texmf-dist/tex/latex/pgf/basiclayer/pgf.sty
(/usr/pkg/share/texmf-dist/tex/latex/pgf/utilities/pgfrcs.sty
(/usr/pkg/share/texmf-dist/tex/generic/pgf/utilities/pgfutil-common.tex
\pgfutil@everybye=\toks30
\pgfutil@tempdima=\dimen174
\pgfutil@tempdimb=\dimen175

(/usr/pkg/share/texmf-dist/tex/generic/pgf/utilities/pgfutil-common-lists.tex))
(/usr/pkg/share/texmf-dist/tex/generic/pgf/utilities/pgfutil-latex.def
\pgfutil@abb=\box82

(/usr/pkg/share/texmf-dist/tex/latex/ms/everyshi.sty
Package: everyshi 2001/05/15 v3.00 EveryShipout Package (MS)
))
(/usr/pkg/share/texmf-dist/tex/generic/pgf/utilities/pgfrcs.code.tex
(/usr/pkg/share/texmf-dist/tex/generic/pgf/pgf.revision.tex)
Package: pgfrcs 2019/07/12 v3.1.4 (3.1.4)
))
Package: pgf 2019/07/12 v3.1.4 (3.1.4)

(/usr/pkg/share/texmf-dist/tex/latex/pgf/basiclayer/pgfcore.sty
(/usr/pkg/share/texmf-dist/tex/latex/pgf/systemlayer/pgfsys.sty
(/usr/pkg/share/texmf-dist/tex/generic/pgf/systemlayer/pgfsys.code.tex
Package: pgfsys 2019/07/12 v3.1.4 (3.1.4)

(/usr/pkg/share/texmf-dist/tex/generic/pgf/utilities/pgfkeys.code.tex
\pgfkeys@pathtoks=\toks31
\pgfkeys@temptoks=\toks32

(/usr/pkg/share/texmf-dist/tex/generic/pgf/utilities/pgfkeysfiltered.code.tex
\pgfkeys@tmptoks=\toks33
))
\pgf@x=\dimen176
\pgf@y=\dimen177
\pgf@xa=\dimen178
\pgf@ya=\dimen179
\pgf@xb=\dimen180
\pgf@yb=\dimen181
\pgf@xc=\dimen182
\pgf@yc=\dimen183
\pgf@xd=\dimen184
\pgf@yd=\dimen185
\w@pgf@writea=\write3
\r@pgf@reada=\read3
\c@pgf@counta=\count298
\c@pgf@countb=\count299
\c@pgf@countc=\count300
\c@pgf@countd=\count301
\t@pgf@toka=\toks34
\t@pgf@tokb=\toks35
\t@pgf@tokc=\toks36
\pgf@sys@id@count=\count302
(/usr/pkg/share/texmf-dist/tex/generic/pgf/systemlayer/pgf.cfg
File: pgf.cfg 2019/07/12 v3.1.4 (3.1.4)
)
Driver file for pgf: pgfsys-pdftex.def

(/usr/pkg/share/texmf-dist/tex/generic/pgf/systemlayer/pgfsys-pdftex.def
File: pgfsys-pdftex.def 2019/07/12 v3.1.4 (3.1.4)

(/usr/pkg/share/texmf-dist/tex/generic/pgf/systemlayer/pgfsys-common-pdf.def
File: pgfsys-common-pdf.def 2019/07/12 v3.1.4 (3.1.4)
))) (/usr/pkg/share/texmf-dist/tex/generic/pgf/systemlayer/pgfsyssoftpath.code.
tex
File: pgfsyssoftpath.code.tex 2019/07/12 v3.1.4 (3.1.4)
\pgfsyssoftpath@smallbuffer@items=\count303
\pgfsyssoftpath@bigbuffer@items=\count304
)
(/usr/pkg/share/texmf-dist/tex/generic/pgf/systemlayer/pgfsysprotocol.code.tex
File: pgfsysprotocol.code.tex 2019/07/12 v3.1.4 (3.1.4)
)) (/usr/pkg/share/texmf-dist/tex/latex/xcolor/xcolor.sty
Package: xcolor 2016/05/11 v2.12 LaTeX color extensions (UK)

(/usr/pkg/share/texmf-dist/tex/latex/graphics-cfg/color.cfg
File: color.cfg 2016/01/02 v1.6 sample color configuration
)
Package xcolor Info: Driver file: pdftex.def on input line 225.
Package xcolor Info: Model `cmy' substituted by `cmy0' on input line 1348.
Package xcolor Info: Model `hsb' substituted by `rgb' on input line 1352.
Package xcolor Info: Model `RGB' extended on input line 1364.
Package xcolor Info: Model `HTML' substituted by `rgb' on input line 1366.
Package xcolor Info: Model `Hsb' substituted by `hsb' on input line 1367.
Package xcolor Info: Model `tHsb' substituted by `hsb' on input line 1368.
Package xcolor Info: Model `HSB' substituted by `hsb' on input line 1369.
Package xcolor Info: Model `Gray' substituted by `gray' on input line 1370.
Package xcolor Info: Model `wave' substituted by `hsb' on input line 1371.
)
(/usr/pkg/share/texmf-dist/tex/generic/pgf/basiclayer/pgfcore.code.tex
Package: pgfcore 2019/07/12 v3.1.4 (3.1.4)

(/usr/pkg/share/texmf-dist/tex/generic/pgf/math/pgfmath.code.tex
(/usr/pkg/share/texmf-dist/tex/generic/pgf/math/pgfmathcalc.code.tex
(/usr/pkg/share/texmf-dist/tex/generic/pgf/math/pgfmathutil.code.tex)
(/usr/pkg/share/texmf-dist/tex/generic/pgf/math/pgfmathparser.code.tex
\pgfmath@dimen=\dimen186
\pgfmath@count=\count305
\pgfmath@box=\box83
\pgfmath@toks=\toks37
\pgfmath@stack@operand=\toks38
\pgfmath@stack@operation=\toks39
)
(/usr/pkg/share/texmf-dist/tex/generic/pgf/math/pgfmathfunctions.code.tex
(/usr/pkg/share/texmf-dist/tex/generic/pgf/math/pgfmathfunctions.basic.code.tex
)
(/usr/pkg/share/texmf-dist/tex/generic/pgf/math/pgfmathfunctions.trigonometric.
code.tex)
(/usr/pkg/share/texmf-dist/tex/generic/pgf/math/pgfmathfunctions.random.code.te
x)
(/usr/pkg/share/texmf-dist/tex/generic/pgf/math/pgfmathfunctions.comparison.cod
e.tex)
(/usr/pkg/share/texmf-dist/tex/generic/pgf/math/pgfmathfunctions.base.code.tex)

(/usr/pkg/share/texmf-dist/tex/generic/pgf/math/pgfmathfunctions.round.code.tex
)
(/usr/pkg/share/texmf-dist/tex/generic/pgf/math/pgfmathfunctions.misc.code.tex)

(/usr/pkg/share/texmf-dist/tex/generic/pgf/math/pgfmathfunctions.integerarithme
tics.code.tex)))
(/usr/pkg/share/texmf-dist/tex/generic/pgf/math/pgfmathfloat.code.tex
\c@pgfmathroundto@lastzeros=\count306
))
(/usr/pkg/share/texmf-dist/tex/generic/pgf/math/pgfint.code.tex)
(/usr/pkg/share/texmf-dist/tex/generic/pgf/basiclayer/pgfcorepoints.code.tex
File: pgfcorepoints.code.tex 2019/07/12 v3.1.4 (3.1.4)
\pgf@picminx=\dimen187
\pgf@picmaxx=\dimen188
\pgf@picminy=\dimen189
\pgf@picmaxy=\dimen190
\pgf@pathminx=\dimen191
\pgf@pathmaxx=\dimen192
\pgf@pathminy=\dimen193
\pgf@pathmaxy=\dimen194
\pgf@xx=\dimen195
\pgf@xy=\dimen196
\pgf@yx=\dimen197
\pgf@yy=\dimen198
\pgf@zx=\dimen199
\pgf@zy=\dimen256
)
(/usr/pkg/share/texmf-dist/tex/generic/pgf/basiclayer/pgfcorepathconstruct.code
.tex
File: pgfcorepathconstruct.code.tex 2019/07/12 v3.1.4 (3.1.4)
\pgf@path@lastx=\dimen257
\pgf@path@lasty=\dimen258
)
(/usr/pkg/share/texmf-dist/tex/generic/pgf/basiclayer/pgfcorepathusage.code.tex
File: pgfcorepathusage.code.tex 2019/07/12 v3.1.4 (3.1.4)
\pgf@shorten@end@additional=\dimen259
\pgf@shorten@start@additional=\dimen260
) (/usr/pkg/share/texmf-dist/tex/generic/pgf/basiclayer/pgfcorescopes.code.tex
File: pgfcorescopes.code.tex 2019/07/12 v3.1.4 (3.1.4)
\pgfpic=\box84
\pgf@hbox=\box85
\pgf@layerbox@main=\box86
\pgf@picture@serial@count=\count307
)
(/usr/pkg/share/texmf-dist/tex/generic/pgf/basiclayer/pgfcoregraphicstate.code.
tex
File: pgfcoregraphicstate.code.tex 2019/07/12 v3.1.4 (3.1.4)
\pgflinewidth=\dimen261
)
(/usr/pkg/share/texmf-dist/tex/generic/pgf/basiclayer/pgfcoretransformations.co
de.tex
File: pgfcoretransformations.code.tex 2019/07/12 v3.1.4 (3.1.4)
\pgf@pt@x=\dimen262
\pgf@pt@y=\dimen263
\pgf@pt@temp=\dimen264
)
(/usr/pkg/share/texmf-dist/tex/generic/pgf/basiclayer/pgfcorequick.code.tex
File: pgfcorequick.code.tex 2019/07/12 v3.1.4 (3.1.4)
)
(/usr/pkg/share/texmf-dist/tex/generic/pgf/basiclayer/pgfcoreobjects.code.tex
File: pgfcoreobjects.code.tex 2019/07/12 v3.1.4 (3.1.4)
)
(/usr/pkg/share/texmf-dist/tex/generic/pgf/basiclayer/pgfcorepathprocessing.cod
e.tex
File: pgfcorepathprocessing.code.tex 2019/07/12 v3.1.4 (3.1.4)
)
(/usr/pkg/share/texmf-dist/tex/generic/pgf/basiclayer/pgfcorearrows.code.tex
File: pgfcorearrows.code.tex 2019/07/12 v3.1.4 (3.1.4)
\pgfarrowsep=\dimen265
)
(/usr/pkg/share/texmf-dist/tex/generic/pgf/basiclayer/pgfcoreshade.code.tex
File: pgfcoreshade.code.tex 2019/07/12 v3.1.4 (3.1.4)
\pgf@max=\dimen266
\pgf@sys@shading@range@num=\count308
\pgf@shadingcount=\count309
)
(/usr/pkg/share/texmf-dist/tex/generic/pgf/basiclayer/pgfcoreimage.code.tex
File: pgfcoreimage.code.tex 2019/07/12 v3.1.4 (3.1.4)

(/usr/pkg/share/texmf-dist/tex/generic/pgf/basiclayer/pgfcoreexternal.code.tex
File: pgfcoreexternal.code.tex 2019/07/12 v3.1.4 (3.1.4)
\pgfexternal@startupbox=\box87
)) (/usr/pkg/share/texmf-dist/tex/generic/pgf/basiclayer/pgfcorelayers.code.tex
File: pgfcorelayers.code.tex 2019/07/12 v3.1.4 (3.1.4)
)
(/usr/pkg/share/texmf-dist/tex/generic/pgf/basiclayer/pgfcoretransparency.code.
tex
File: pgfcoretransparency.code.tex 2019/07/12 v3.1.4 (3.1.4)
)
(/usr/pkg/share/texmf-dist/tex/generic/pgf/basiclayer/pgfcorepatterns.code.tex
File: pgfcorepatterns.code.tex 2019/07/12 v3.1.4 (3.1.4)
) (/usr/pkg/share/texmf-dist/tex/generic/pgf/basiclayer/pgfcorerdf.code.tex
File: pgfcorerdf.code.tex 2019/07/12 v3.1.4 (3.1.4)
)))
(/usr/pkg/share/texmf-dist/tex/generic/pgf/modules/pgfmoduleshapes.code.tex
File: pgfmoduleshapes.code.tex 2019/07/12 v3.1.4 (3.1.4)
\pgfnodeparttextbox=\box88
)
(/usr/pkg/share/texmf-dist/tex/generic/pgf/modules/pgfmoduleplot.code.tex
File: pgfmoduleplot.code.tex 2019/07/12 v3.1.4 (3.1.4)
)
(/usr/pkg/share/texmf-dist/tex/latex/pgf/compatibility/pgfcomp-version-0-65.sty
Package: pgfcomp-version-0-65 2019/07/12 v3.1.4 (3.1.4)
\pgf@nodesepstart=\dimen267
\pgf@nodesepend=\dimen268
)
(/usr/pkg/share/texmf-dist/tex/latex/pgf/compatibility/pgfcomp-version-1-18.sty
Package: pgfcomp-version-1-18 2019/07/12 v3.1.4 (3.1.4)
)) (/usr/pkg/share/texmf-dist/tex/latex/pgf/utilities/pgffor.sty
(/usr/pkg/share/texmf-dist/tex/latex/pgf/utilities/pgfkeys.sty
(/usr/pkg/share/texmf-dist/tex/generic/pgf/utilities/pgfkeys.code.tex))
(/usr/pkg/share/texmf-dist/tex/latex/pgf/math/pgfmath.sty
(/usr/pkg/share/texmf-dist/tex/generic/pgf/math/pgfmath.code.tex))
(/usr/pkg/share/texmf-dist/tex/generic/pgf/utilities/pgffor.code.tex
Package: pgffor 2019/07/12 v3.1.4 (3.1.4)

(/usr/pkg/share/texmf-dist/tex/generic/pgf/math/pgfmath.code.tex)
\pgffor@iter=\dimen269
\pgffor@skip=\dimen270
\pgffor@stack=\toks40
\pgffor@toks=\toks41
))
(/usr/pkg/share/texmf-dist/tex/generic/pgf/frontendlayer/tikz/tikz.code.tex
Package: tikz 2019/07/12 v3.1.4 (3.1.4)

(/usr/pkg/share/texmf-dist/tex/generic/pgf/libraries/pgflibraryplothandlers.cod
e.tex
File: pgflibraryplothandlers.code.tex 2019/07/12 v3.1.4 (3.1.4)
\pgf@plot@mark@count=\count310
\pgfplotmarksize=\dimen271
)
\tikz@lastx=\dimen272
\tikz@lasty=\dimen273
\tikz@lastxsaved=\dimen274
\tikz@lastysaved=\dimen275
\tikz@lastmovetox=\dimen276
\tikz@lastmovetoy=\dimen277
\tikzleveldistance=\dimen278
\tikzsiblingdistance=\dimen279
\tikz@figbox=\box89
\tikz@figbox@bg=\box90
\tikz@tempbox=\box91
\tikz@tempbox@bg=\box92
\tikztreelevel=\count311
\tikznumberofchildren=\count312
\tikznumberofcurrentchild=\count313
\tikz@fig@count=\count314

(/usr/pkg/share/texmf-dist/tex/generic/pgf/modules/pgfmodulematrix.code.tex
File: pgfmodulematrix.code.tex 2019/07/12 v3.1.4 (3.1.4)
\pgfmatrixcurrentrow=\count315
\pgfmatrixcurrentcolumn=\count316
\pgf@matrix@numberofcolumns=\count317
)
\tikz@expandcount=\count318

(/usr/pkg/share/texmf-dist/tex/generic/pgf/frontendlayer/tikz/libraries/tikzlib
rarytopaths.code.tex
File: tikzlibrarytopaths.code.tex 2019/07/12 v3.1.4 (3.1.4)
)))
(/usr/pkg/share/texmf-dist/tex/generic/pgf/frontendlayer/tikz/libraries/tikzlib
rarycalc.code.tex
File: tikzlibrarycalc.code.tex 2019/07/12 v3.1.4 (3.1.4)
)
(/usr/pkg/share/texmf-dist/tex/generic/pgf/frontendlayer/tikz/libraries/tikzlib
raryshapes.code.tex
File: tikzlibraryshapes.code.tex 2019/07/12 v3.1.4 (3.1.4)

(/usr/pkg/share/texmf-dist/tex/generic/pgf/frontendlayer/tikz/libraries/tikzlib
raryshapes.geometric.code.tex
File: tikzlibraryshapes.geometric.code.tex 2019/07/12 v3.1.4 (3.1.4)

(/usr/pkg/share/texmf-dist/tex/generic/pgf/libraries/shapes/pgflibraryshapes.ge
ometric.code.tex
File: pgflibraryshapes.geometric.code.tex 2019/07/12 v3.1.4 (3.1.4)
))
(/usr/pkg/share/texmf-dist/tex/generic/pgf/frontendlayer/tikz/libraries/tikzlib
raryshapes.misc.code.tex
File: tikzlibraryshapes.misc.code.tex 2019/07/12 v3.1.4 (3.1.4)

(/usr/pkg/share/texmf-dist/tex/generic/pgf/libraries/shapes/pgflibraryshapes.mi
sc.code.tex
File: pgflibraryshapes.misc.code.tex 2019/07/12 v3.1.4 (3.1.4)
))
(/usr/pkg/share/texmf-dist/tex/generic/pgf/frontendlayer/tikz/libraries/tikzlib
raryshapes.symbols.code.tex
File: tikzlibraryshapes.symbols.code.tex 2019/07/12 v3.1.4 (3.1.4)

(/usr/pkg/share/texmf-dist/tex/generic/pgf/libraries/shapes/pgflibraryshapes.sy
mbols.code.tex
File: pgflibraryshapes.symbols.code.tex 2019/07/12 v3.1.4 (3.1.4)
))
(/usr/pkg/share/texmf-dist/tex/generic/pgf/frontendlayer/tikz/libraries/tikzlib
raryshapes.arrows.code.tex
File: tikzlibraryshapes.arrows.code.tex 2019/07/12 v3.1.4 (3.1.4)

(/usr/pkg/share/texmf-dist/tex/generic/pgf/libraries/shapes/pgflibraryshapes.ar
rows.code.tex
File: pgflibraryshapes.arrows.code.tex 2019/07/12 v3.1.4 (3.1.4)
))
(/usr/pkg/share/texmf-dist/tex/generic/pgf/frontendlayer/tikz/libraries/tikzlib
raryshapes.callouts.code.tex
(/usr/pkg/share/texmf-dist/tex/generic/pgf/libraries/shapes/pgflibraryshapes.ca
llouts.code.tex))
(/usr/pkg/share/texmf-dist/tex/generic/pgf/frontendlayer/tikz/libraries/tikzlib
raryshapes.multipart.code.tex
File: tikzlibraryshapes.multipart.code.tex 2019/07/12 v3.1.4 (3.1.4)

(/usr/pkg/share/texmf-dist/tex/generic/pgf/libraries/shapes/pgflibraryshapes.mu
ltipart.code.tex
File: pgflibraryshapes.multipart.code.tex 2019/07/12 v3.1.4 (3.1.4)
\pgfnodepartlowerbox=\box93
\pgfnodeparttwobox=\box94
\pgfnodepartthreebox=\box95
\pgfnodepartfourbox=\box96
\pgfnodeparttwentybox=\box97
\pgfnodepartnineteenbox=\box98
\pgfnodeparteighteenbox=\box99
\pgfnodepartseventeenbox=\box100
\pgfnodepartsixteenbox=\box101
\pgfnodepartfifteenbox=\box102
\pgfnodepartfourteenbox=\box103
\pgfnodepartthirteenbox=\box104
\pgfnodeparttwelvebox=\box105
\pgfnodepartelevenbox=\box106
\pgfnodeparttenbox=\box107
\pgfnodepartninebox=\box108
\pgfnodeparteightbox=\box109
\pgfnodepartsevenbox=\box110
\pgfnodepartsixbox=\box111
\pgfnodepartfivebox=\box112
)))
(/usr/pkg/share/texmf-dist/tex/generic/pgf/frontendlayer/tikz/libraries/tikzlib
rarysnakes.code.tex
File: tikzlibrarysnakes.code.tex 2019/07/12 v3.1.4 (3.1.4)


Package pgf Warning: Snakes have been superseded by decorations. Please use the
 decoration libraries instead of the snakes library on input line 14.


(/usr/pkg/share/texmf-dist/tex/generic/pgf/frontendlayer/tikz/libraries/tikzlib
rarydecorations.pathmorphing.code.tex
(/usr/pkg/share/texmf-dist/tex/generic/pgf/frontendlayer/tikz/libraries/tikzlib
rarydecorations.code.tex
(/usr/pkg/share/texmf-dist/tex/generic/pgf/modules/pgfmoduledecorations.code.te
x
\pgfdecoratedcompleteddistance=\dimen280
\pgfdecoratedremainingdistance=\dimen281
\pgfdecoratedinputsegmentcompleteddistance=\dimen282
\pgfdecoratedinputsegmentremainingdistance=\dimen283
\pgf@decorate@distancetomove=\dimen284
\pgf@decorate@repeatstate=\count319
\pgfdecorationsegmentamplitude=\dimen285
\pgfdecorationsegmentlength=\dimen286
)
\tikz@lib@dec@box=\box113
)
(/usr/pkg/share/texmf-dist/tex/generic/pgf/libraries/decorations/pgflibrarydeco
rations.pathmorphing.code.tex))
(/usr/pkg/share/texmf-dist/tex/generic/pgf/frontendlayer/tikz/libraries/tikzlib
rarydecorations.pathreplacing.code.tex
(/usr/pkg/share/texmf-dist/tex/generic/pgf/libraries/decorations/pgflibrarydeco
rations.pathreplacing.code.tex))
(/usr/pkg/share/texmf-dist/tex/generic/pgf/frontendlayer/tikz/libraries/tikzlib
rarydecorations.shapes.code.tex
(/usr/pkg/share/texmf-dist/tex/generic/pgf/libraries/decorations/pgflibrarydeco
rations.shapes.code.tex)))
(/usr/pkg/share/texmf-dist/tex/latex/mathtools/mathtools.sty
Package: mathtools 2018/01/08 v1.21 mathematical typesetting tools

(/usr/pkg/share/texmf-dist/tex/latex/tools/calc.sty
Package: calc 2017/05/25 v4.3 Infix arithmetic (KKT,FJ)
\calc@Acount=\count320
\calc@Bcount=\count321
\calc@Adimen=\dimen287
\calc@Bdimen=\dimen288
\calc@Askip=\skip55
\calc@Bskip=\skip56
LaTeX Info: Redefining \setlength on input line 80.
LaTeX Info: Redefining \addtolength on input line 81.
\calc@Ccount=\count322
\calc@Cskip=\skip57
)
(/usr/pkg/share/texmf-dist/tex/latex/mathtools/mhsetup.sty
Package: mhsetup 2017/03/31 v1.3 programming setup (MH)
)
LaTeX Info: Thecontrolsequence`\('isalreadyrobust on input line 129.
LaTeX Info: Thecontrolsequence`\)'isalreadyrobust on input line 129.
LaTeX Info: Thecontrolsequence`\['isalreadyrobust on input line 129.
LaTeX Info: Thecontrolsequence`\]'isalreadyrobust on input line 129.
\g_MT_multlinerow_int=\count323
\l_MT_multwidth_dim=\dimen289
\origjot=\skip58
\l_MT_shortvdotswithinadjustabove_dim=\dimen290
\l_MT_shortvdotswithinadjustbelow_dim=\dimen291
\l_MT_above_intertext_sep=\dimen292
\l_MT_below_intertext_sep=\dimen293
\l_MT_above_shortintertext_sep=\dimen294
\l_MT_below_shortintertext_sep=\dimen295
)
(/usr/pkg/share/texmf-dist/tex/generic/ulem/ulem.sty
\UL@box=\box114
\UL@hyphenbox=\box115
\UL@skip=\skip59
\UL@hook=\toks42
\UL@height=\dimen296
\UL@pe=\count324
\UL@pixel=\dimen297
\ULC@box=\box116
Package: ulem 2012/05/18
\ULdepth=\dimen298
) (../Def/commonDef.tex
(/usr/pkg/share/texmf-dist/tex/latex/xcolor/svgnam.def
File: svgnam.def 2016/05/11 v2.12 Predefined colors according to SVG 1.1 (UK)
)
\savePremise=\box117
\saveConsequence=\box118
\saveSideCondition=\box119
\saveMetaRule=\box120
\saveScaled=\box121
) (../Def/tikzDef.tex
\pgf@layerbox@background=\box122
\pgf@layerboxsaved@background=\box123
)
\stageHeight=\skip60
\stageWidth=\skip61
\colonwidth=\skip62
\colonheight=\skip63

(/usr/pkg/share/texmf-dist/tex/latex/listings/lstlang1.sty
File: lstlang1.sty 2019/02/27 1.8b listings language file
))) (./mainEsoop.aux)
\openout1 = `mainEsoop.aux'.

LaTeX Font Info:    Checking defaults for OML/cmm/m/it on input line 18.
LaTeX Font Info:    ... okay on input line 18.
LaTeX Font Info:    Checking defaults for T1/cmr/m/n on input line 18.
LaTeX Font Info:    ... okay on input line 18.
LaTeX Font Info:    Checking defaults for OT1/cmr/m/n on input line 18.
LaTeX Font Info:    ... okay on input line 18.
LaTeX Font Info:    Checking defaults for OMS/cmsy/m/n on input line 18.
LaTeX Font Info:    ... okay on input line 18.
LaTeX Font Info:    Checking defaults for OMX/cmex/m/n on input line 18.
LaTeX Font Info:    ... okay on input line 18.
LaTeX Font Info:    Checking defaults for U/cmr/m/n on input line 18.
LaTeX Font Info:    ... okay on input line 18.
(/usr/pkg/share/texmf-dist/tex/context/base/mkii/supp-pdf.mkii
[Loading MPS to PDF converter (version 2006.09.02).]
\scratchcounter=\count325
\scratchdimen=\dimen299
\scratchbox=\box124
\nofMPsegments=\count326
\nofMParguments=\count327
\everyMPshowfont=\toks43
\MPscratchCnt=\count328
\MPscratchDim=\dimen300
\MPnumerator=\count329
\makeMPintoPDFobject=\count330
\everyMPtoPDFconversion=\toks44
) (/usr/pkg/share/texmf-dist/tex/latex/oberdiek/epstopdf-base.sty
Package: epstopdf-base 2016/05/15 v2.6 Base part for package epstopdf

(/usr/pkg/share/texmf-dist/tex/generic/oberdiek/infwarerr.sty
Package: infwarerr 2016/05/16 v1.4 Providing info/warning/error messages (HO)
)
(/usr/pkg/share/texmf-dist/tex/latex/oberdiek/grfext.sty
Package: grfext 2016/05/16 v1.2 Manage graphics extensions (HO)

(/usr/pkg/share/texmf-dist/tex/generic/oberdiek/kvdefinekeys.sty
Package: kvdefinekeys 2016/05/16 v1.4 Define keys (HO)

(/usr/pkg/share/texmf-dist/tex/generic/oberdiek/ltxcmds.sty
Package: ltxcmds 2016/05/16 v1.23 LaTeX kernel commands for general use (HO)
)))
(/usr/pkg/share/texmf-dist/tex/latex/oberdiek/kvoptions.sty
Package: kvoptions 2016/05/16 v3.12 Key value format for package options (HO)

(/usr/pkg/share/texmf-dist/tex/generic/oberdiek/kvsetkeys.sty
Package: kvsetkeys 2016/05/16 v1.17 Key value parser (HO)

(/usr/pkg/share/texmf-dist/tex/generic/oberdiek/etexcmds.sty
Package: etexcmds 2016/05/16 v1.6 Avoid name clashes with e-TeX commands (HO)

(/usr/pkg/share/texmf-dist/tex/generic/oberdiek/ifluatex.sty
Package: ifluatex 2016/05/16 v1.4 Provides the ifluatex switch (HO)
Package ifluatex Info: LuaTeX not detected.
))))
(/usr/pkg/share/texmf-dist/tex/generic/oberdiek/pdftexcmds.sty
Package: pdftexcmds 2018/09/10 v0.29 Utility functions of pdfTeX for LuaTeX (HO
)

(/usr/pkg/share/texmf-dist/tex/generic/oberdiek/ifpdf.sty
Package: ifpdf 2018/09/07 v3.3 Provides the ifpdf switch
)
Package pdftexcmds Info: LuaTeX not detected.
Package pdftexcmds Info: \pdf@primitive is available.
Package pdftexcmds Info: \pdf@ifprimitive is available.
Package pdftexcmds Info: \pdfdraftmode found.
)
Package epstopdf-base Info: Redefining graphics rule for `.eps' on input line 4
38.
Package grfext Info: Graphics extension search list:
(grfext)             [.pdf,.png,.jpg,.mps,.jpeg,.jbig2,.jb2,.PDF,.PNG,.JPG,.JPE
G,.JBIG2,.JB2,.eps]
(grfext)             \AppendGraphicsExtensions on input line 456.

(/usr/pkg/share/texmf-dist/tex/latex/latexconfig/epstopdf-sys.cfg
File: epstopdf-sys.cfg 2010/07/13 v1.3 Configuration of (r)epstopdf for TeX Liv
e
))
\c@lstlisting=\count331

ABD: EveryShipout initializing macros
LaTeX Font Info:    Try loading font information for OMS+cmtt on input line 41.

LaTeX Font Info:    No file OMScmtt.fd. on input line 41.


LaTeX Font Warning: Font shape `OMS/cmtt/m/n' undefined
(Font)              using `OMS/cmsy/m/n' instead
(Font)              for symbol `textbraceleft' on input line 41.

(./main-abstract.tex)
LaTeX Font Info:    Try loading font information for OMS+cmr on input line 45.
 (/usr/pkg/share/texmf-dist/tex/latex/base/omscmr.fd
File: omscmr.fd 2014/09/29 v2.5h Standard LaTeX font definitions
)
LaTeX Font Info:    Font shape `OMS/cmr/m/n' in size <9> not available
(Font)              Font shape `OMS/cmsy/m/n' tried instead on input line 45.

(./main-body.tex (./intro.tex
LaTeX Font Info:    Font shape `OT1/cmtt/bx/n' in size <10> not available
(Font)              Font shape `OT1/cmtt/m/n' tried instead on input line 9.


LaTeX Warning: Citation `DBLP:conf/sigada/Leino12' on page 1 undefined on input
 line 10.


LaTeX Warning: Citation `Meyer:1988:OSC:534929' on page 1 undefined on input li
ne 14.


LaTeX Warning: Citation `DBLP:journals/jot/BarnettDFLS04' on page 1 undefined o
n input line 14.

[1

{/var/lib/texmf/fonts/map/pdftex/updmap/pdftex.map}]

LaTeX Warning: Citation `?' on page 2 undefined on input line 39.

[2]

LaTeX Warning: Citation `help' on page 3 undefined on input line 100.


LaTeX Warning: Citation `Barnett:2004:SPS:2131546.2131549' on page 3 undefined 
on input line 121.

[3]

LaTeX Warning: Citation `DBLP:journals/jot/BarnettDFLS04' on page 4 undefined o
n input line 144.


LaTeX Warning: Citation `leino2004object' on page 4 undefined on input line 144
.


LaTeX Warning: Citation `DBLP:conf/mpc/BarnettN04' on page 4 undefined on input
 line 144.

) (./TMsAndOCs.tex

LaTeX Warning: Citation `ServettoZucca15' on page 4 undefined on input line 7.


LaTeX Warning: Citation `ServettoEtAl13a' on page 4 undefined on input line 7.


LaTeX Warning: Citation `JOT:issue_2011_01/article1' on page 4 undefined on inp
ut line 7.


LaTeX Warning: Citation `GianniniEtAl16' on page 4 undefined on input line 7.


LaTeX Warning: Citation `clebsch2015deny' on page 4 undefined on input line 7.


LaTeX Warning: Citation `clebsch2017orca' on page 4 undefined on input line 7.


LaTeX Warning: Citation `GordonEtAl12' on page 4 undefined on input line 7.

[4]

LaTeX Warning: Citation `GordonEtAl12' on page 5 undefined on input line 21.


LaTeX Warning: Citation `clebsch2015deny' on page 5 undefined on input line 21.



LaTeX Warning: Citation `clebsch2017orca' on page 5 undefined on input line 21.



LaTeX Warning: Citation `ServettoZucca15' on page 5 undefined on input line 21.



LaTeX Warning: Citation `ServettoEtAl13a' on page 5 undefined on input line 21.



LaTeX Warning: Citation `JOT:issue_2011_01/article1' on page 5 undefined on inp
ut line 21.


LaTeX Warning: Citation `GianniniEtAl16' on page 5 undefined on input line 21.


LaTeX Warning: Citation `GordonEtAl12' on page 5 undefined on input line 22.


LaTeX Warning: Citation `clebsch2015deny' on page 5 undefined on input line 22.



LaTeX Warning: Citation `clebsch2017orca' on page 5 undefined on input line 22.



LaTeX Warning: Citation `ServettoEtAl13a' on page 5 undefined on input line 22.



LaTeX Warning: Citation `TschantzErnst05' on page 5 undefined on input line 25.



LaTeX Warning: Citation `BirkaErnst04' on page 5 undefined on input line 25.


LaTeX Warning: Citation `OstlundEtAl08' on page 5 undefined on input line 25.


LaTeX Warning: Citation `clebsch2015deny' on page 5 undefined on input line 25.



LaTeX Warning: Citation `GianniniEtAl16' on page 5 undefined on input line 25.


LaTeX Warning: Citation `GordonEtAl12' on page 5 undefined on input line 25.


LaTeX Warning: Citation `GordonEtAl12' on page 5 undefined on input line 26.


LaTeX Warning: Citation `GordonEtAl12' on page 5 undefined on input line 26.


LaTeX Warning: Citation `ServettoEtAl13a' on page 5 undefined on input line 26.



LaTeX Warning: Citation `ServettoZucca15' on page 5 undefined on input line 26.



LaTeX Warning: Citation `clebsch2015deny' on page 5 undefined on input line 26.



LaTeX Warning: Citation `clebsch2017orca' on page 5 undefined on input line 26.



Overfull \hbox (10.01576pt too wide) in paragraph at lines 28--30
[]\OT1/cmr/m/n/10 Mutable ([][][][][]): the ref-er-enced ob-ject can be mu-tate
d, and freely shared/aliased,
 []


LaTeX Warning: Citation `boyland2001alias' on page 5 undefined on input line 35
.

[5]
LaTeX Font Info:    Font shape `OT1/cmtt/bx/n' in size <9> not available
(Font)              Font shape `OT1/cmtt/m/n' tried instead on input line 41.


LaTeX Warning: Citation `ZibinEtAl10' on page 6 undefined on input line 57.


LaTeX Warning: Citation `Potanin2013' on page 6 undefined on input line 57.


LaTeX Warning: Citation `ServettoEtAl13a' on page 6 undefined on input line 74.



LaTeX Warning: Citation `GIANNINI2019145' on page 6 undefined on input line 74.


[6]

LaTeX Warning: Citation `ZibinEtAl10' on page 7 undefined on input line 85.


LaTeX Warning: Citation `ClarkeWrigstad03' on page 7 undefined on input line 85
.


LaTeX Warning: Citation `HallerOdersky10' on page 7 undefined on input line 85.



LaTeX Warning: Citation `GordonEtAl12' on page 7 undefined on input line 85.


LaTeX Warning: Citation `ServettoZucca15' on page 7 undefined on input line 85.



LaTeX Warning: Citation `GordonEtAl12' on page 7 undefined on input line 88.


LaTeX Warning: Citation `clebsch2015deny' on page 7 undefined on input line 88.



LaTeX Warning: Citation `ServettoZucca15' on page 7 undefined on input line 88.



LaTeX Warning: Citation `clebsch2015deny' on page 7 undefined on input line 99.



LaTeX Warning: Citation `GIANNINI2019145' on page 7 undefined on input line 99.



LaTeX Warning: Citation `ServettoEtAl13a' on page 7 undefined on input line 110
.


LaTeX Warning: Citation `ServettoZucca15' on page 7 undefined on input line 110
.


LaTeX Warning: Citation `GordonEtAl12' on page 7 undefined on input line 110.


LaTeX Warning: Citation `clebsch2015deny' on page 7 undefined on input line 110
.


LaTeX Warning: Citation `clebsch2017orca' on page 7 undefined on input line 110
.


LaTeX Warning: Citation `Abrahams2000' on page 7 undefined on input line 120.


LaTeX Warning: Citation `JOT:issue_2011_01/article1' on page 7 undefined on inp
ut line 120.


LaTeX Warning: Citation `JOT:issue_2011_01/article1' on page 7 undefined on inp
ut line 142.


Underfull \vbox (badness 10000) has occurred while \output is active []

 [7]

LaTeX Warning: Citation `miller2003capability' on page 8 undefined on input lin
e 180.


LaTeX Warning: Citation ` noble2016abstract' on page 8 undefined on input line 
180.


LaTeX Warning: Citation `karger1988improving' on page 8 undefined on input line
 180.


LaTeX Warning: Citation `finifter2008verifiable' on page 8 undefined on input l
ine 208.


Overfull \hbox (26.90273pt too wide) in paragraph at lines 199--210
\OT1/cmr/m/n/10 method could take a [][][] pa-ram-e-ter, as in [][][][][][][][]
  [][][][][][][][][][][][].
 []

[8]
Overfull \hbox (25.32106pt too wide) in paragraph at lines 217--218
[]\OT1/cmr/m/n/10 Capability meth-ods can only be called by other ca-pa-bil-ity
 meth-ods or [][][][][]/[][][][][]
 []

) (./protocol.tex [9] [10]

LaTeX Warning: Citation `Dietl05universes:lightweight' on page 11 undefined on 
input line 96.


LaTeX Warning: Citation `10.1007/978-3-540-92188-2_4' on page 11 undefined on i
nput line 96.


LaTeX Warning: Citation `GordonEtAl12' on page 11 undefined on input line 96.


LaTeX Warning: Citation `clebsch2015deny' on page 11 undefined on input line 96
.


LaTeX Warning: Citation `GIANNINI2019145' on page 11 undefined on input line 96
.


LaTeX Warning: Citation `DBLP:journals/programming/AroraSO19' on page 11 undefi
ned on input line 98.

[11]

LaTeX Warning: Citation `feldman2006jose' on page 12 undefined on input line 14
3.

) (./formalism.tex

LaTeX Warning: Citation `ServettoEtAl13a' on page 12 undefined on input line 11
.


LaTeX Warning: Citation `ServettoZucca15' on page 12 undefined on input line 11
.


LaTeX Warning: Citation `GordonEtAl12' on page 12 undefined on input line 11.


LaTeX Warning: Citation `clebsch2015deny' on page 12 undefined on input line 11
.


LaTeX Warning: Citation `JOT:issue_2011_01/article1' on page 12 undefined on in
put line 11.

[12]

LaTeX Warning: Citation `pierce2002types' on page 13 undefined on input line 15
.


LaTeX Warning: Citation `IgarashiEtAl01' on page 13 undefined on input line 15.



Overfull \hbox (0.54375pt too wide) in paragraph at lines 30--31
\OT1/cmr/m/n/10 deterministically, such meth-ods would model op-er-a-tions such
 as file read-ing/writ-
 []


LaTeX Font Warning: Font shape `OMS/cmtt/bx/n' undefined
(Font)              using `OMS/cmtt/m/n' instead
(Font)              for symbol `textbraceleft' on input line 49.


Overfull \hbox (7.18289pt too wide) in paragraph at lines 43--111
[] $[]$ 
 []

[13]
Overfull \hbox (12.73459pt too wide) in paragraph at lines 135--196
[] $     []$
 []

[14] [15]) (./immutable.tex
Overfull \hbox (18.27576pt too wide) in paragraph at lines 12--13
[][][][][][][][][][][][][][][][][][][][][][][][][][][][][] 
 []


Overfull \hbox (56.07568pt too wide) in paragraph at lines 13--14
[][][][][][][][][][][][][][][][][][][][][][][][][][][][][][][][][][][][][][][][
][][][][][][][][][][][][][] 
 []


Overfull \hbox (24.57574pt too wide) in paragraph at lines 15--16
[][][][][][][][][][][][][][][][][][][][][][][][][][][][][][][][][][] 
 []

[16]
Overfull \hbox (49.7757pt too wide) in paragraph at lines 72--73
[][][][][][][][][][][][][][][][][][][][][][][][][][][][][][][][][][][][][][][][
] 
 []


Overfull \hbox (49.7757pt too wide) in paragraph at lines 94--95
[][][][][][][][][][][][][][][][][][][][][][][][][][][][][][][][][][][][][][][][
][][][][][][][][][][][][][][][][][][][][][][][] 
 []


Overfull \hbox (56.07568pt too wide) in paragraph at lines 101--102
[][][][][][][][][][][][][][][][][][][][][][][][][][][][][][][][][][][][][][][][
][][][][][][][][][][][][][][][][][][][][][][][][][][][] 
 []


Overfull \hbox (49.7757pt too wide) in paragraph at lines 102--103
[][][][][][][][][][][][][][][][][][][][][][][][][][][][][][][][][][][][][][][][
][][][][][][][][][][] 
 []


LaTeX Warning: Citation `GordonEtAl12' on page 17 undefined on input line 107.


LaTeX Warning: Citation `boyland2001alias' on page 17 undefined on input line 1
71.

[17]
Overfull \hbox (37.17572pt too wide) in paragraph at lines 178--179
[][][][][][][][][][][][][][][][][][][][][][][][][][][][][][][][][][][][][][][][
][][][][][][][][][][][][][][][][][][][][][][][] 
 []

) (./encapsulated.tex
Overfull \hbox (62.37567pt too wide) in paragraph at lines 11--12
[][][][][][][][][][][][][][][][][][][][][][][][][][][][][][][][][][][][][][] 
 []


Overfull \hbox (68.67566pt too wide) in paragraph at lines 14--15
[][][][][][][][][][][][][][][][][][][][][][][][][][][][][][][][][][][][][][] 
 []


Overfull \hbox (24.57574pt too wide) in paragraph at lines 26--27
[][][][][][][][][][][][][][][][][][][][][][][][][][][][][][][][][][][][][][][][
][][] 
 []


LaTeX Warning: Citation `Bloch08' on page 18 undefined on input line 35.


LaTeX Warning: Citation `Bloch08' on page 18 undefined on input line 35.

[18]
Overfull \hbox (43.47571pt too wide) in paragraph at lines 42--43
[][][][][][][][][][][][][][][][][][][][][][][][][][][][][][][][][][][][][][][][
][][][][][][] 
 []


Overfull \hbox (5.67578pt too wide) in paragraph at lines 44--45
[][][][][][][][][][][][][][][][][][][][][][][][][][][][][][][][][][][][][][][][
][][][] 
 []


Overfull \hbox (30.87573pt too wide) in paragraph at lines 48--49
[][][][][][][][][][][][][][][][][][][][][][][][][][][][][][][][][][][][][][] 
 []


Overfull \hbox (30.87573pt too wide) in paragraph at lines 85--86
[][][][][][][][][][][][][][][][][][][][][][][][][][][][][][][][][][][][][][][][
][][][][][][][][][][][][][][][][][][][][][][][][][][] 
 []

) (./case-study.tex [19]
Overfull \hbox (11.97577pt too wide) in paragraph at lines 66--67
[][][][][][][][][][][][][][][][][][][][][][][][][][][][][][][][][][] 
 []


Overfull \hbox (5.67578pt too wide) in paragraph at lines 67--68
[][][][][][][][][][][][][][][][][][][][][][][][][][][][][][][][][][] 
 []


Overfull \hbox (18.27576pt too wide) in paragraph at lines 68--69
[][][][][][][][][][][][][][][][][][][][][][][][][][][][][][][][] 
 []


Overfull \hbox (30.87573pt too wide) in paragraph at lines 69--70
[][][][][][][][][][][][][][][][][][][][][][][][][][][][][][][][] 
 []


Overfull \hbox (24.57574pt too wide) in paragraph at lines 75--76
[][][][][][][][][][][][][][][][][][][][][][][][][][][][][][] 
 []


Overfull \hbox (5.67578pt too wide) in paragraph at lines 76--77
[][][][][][][][][][][][][][][][][][][][][][][][][][][][][] 
 []


Overfull \hbox (5.67578pt too wide) in paragraph at lines 78--79
[][][][][][][][][][][][][][][][][][][][][][][][][][][][][][] 
 []


Overfull \hbox (5.67578pt too wide) in paragraph at lines 79--80
[][][][][][][][][][][][][][][][][][][][][][][][][][][][][][][][][][][][][][][][
][][][][][][][][][][][][][][][][][] 
 []


Overfull \hbox (43.47571pt too wide) in paragraph at lines 84--85
[][][][][][][][][][][][][][][][][][][][][][][][][][][][][][][][][][][] 
 []


Overfull \hbox (62.37567pt too wide) in paragraph at lines 86--87
[][][][][][][][][][][][][][][][][][][][][][][][][][][][][][][][][][][][][][][][
][][][][][][][][][][][][][][][][][][][][][][][][][][][][][][][][][][][][][] 
 []


Underfull \vbox (badness 1389) has occurred while \output is active []

 [20]
Overfull \hbox (56.07568pt too wide) in paragraph at lines 105--106
[][][][][][][][][][][][][][][][][][][][][][][][][][][][][][] 
 []

\imglength=\skip64
<GuiImg.png, id=90, 529.98pt x 531.48563pt>
File: GuiImg.png Graphic file (type png)
<use GuiImg.png>
Package pdftex.def Info: GuiImg.png  used on input line 120.
(pdftex.def)             Requested size: 104.1381pt x 104.42998pt.

LaTeX Warning: Citation `Alexandrescu:2010:DPL:1875434' on page 21 undefined on
 input line 140.


LaTeX Warning: Citation `DRef' on page 21 undefined on input line 140.

[21 <./GuiImg.png>]

LaTeX Warning: Citation `DBLP:conf/fmco/BarnettCDJL05' on page 22 undefined on 
input line 179.


LaTeX Warning: Citation `DBLP:conf/sac/FahndrichBL10' on page 22 undefined on i
nput line 183.

[22]) (./related.tex

LaTeX Warning: Citation `ServettoZucca15' on page 23 undefined on input line 7.



LaTeX Warning: Citation `ServettoEtAl13a' on page 23 undefined on input line 7.



LaTeX Warning: Citation `JOT:issue_2011_01/article1' on page 23 undefined on in
put line 7.


LaTeX Warning: Citation `GianniniEtAl16' on page 23 undefined on input line 7.


LaTeX Warning: Citation `clebsch2015deny' on page 23 undefined on input line 8.



LaTeX Warning: Citation `clebsch2017orca' on page 23 undefined on input line 8.



LaTeX Warning: Citation `GordonEtAl12' on page 23 undefined on input line 8.


LaTeX Warning: Citation `Boyland10' on page 23 undefined on input line 14.


LaTeX Warning: Citation `boyland2003checking' on page 23 undefined on input lin
e 14.


LaTeX Warning: Citation `Hogg91' on page 23 undefined on input line 14.


LaTeX Warning: Citation `Smith:2000:AT:645394.651903' on page 23 undefined on i
nput line 14.


LaTeX Warning: Citation `DBLP:conf/pldi/AikenFKT03' on page 23 undefined on inp
ut line 14.


LaTeX Warning: Citation `TschantzErnst05' on page 23 undefined on input line 18
.


LaTeX Warning: Citation `Boyland06' on page 23 undefined on input line 18.


LaTeX Warning: Citation `matsakis2014rust' on page 23 undefined on input line 1
9.


LaTeX Warning: Citation `pearce2011jpure' on page 23 undefined on input line 22
.


LaTeX Warning: Citation `ClarkeEtAl13' on page 23 undefined on input line 23.


LaTeX Warning: Citation `ZibinEtAl10' on page 23 undefined on input line 23.


LaTeX Warning: Citation `DietlEtAl07' on page 23 undefined on input line 23.


LaTeX Warning: Citation `muller2002modular' on page 23 undefined on input line 
26.


LaTeX Warning: Citation `barnett2011specification' on page 23 undefined on inpu
t line 26.


LaTeX Warning: Citation `RobustComposition' on page 23 undefined on input line 
30.


LaTeX Warning: Citation `finifter2008verifiable' on page 23 undefined on input 
line 32.

[23]

LaTeX Warning: Citation `leino2004object' on page 24 undefined on input line 43
.


LaTeX Warning: Citation `drossopoulou2008unified' on page 24 undefined on input
 line 43.


LaTeX Warning: Citation ` meyer2016class' on page 24 undefined on input line 43
.


LaTeX Warning: Citation `Gopinathan:2008:RMO:1483018.1483028' on page 24 undefi
ned on input line 53.


LaTeX Warning: Citation `WikiInvariant' on page 24 undefined on input line 53.


LaTeX Warning: Citation `Burdy2005' on page 24 undefined on input line 56.


LaTeX Warning: Citation `drossopoulou2008unified' on page 24 undefined on input
 line 56.


LaTeX Warning: Citation `DBLP:journals/scp/MullerPL06' on page 24 undefined on 
input line 57.


LaTeX Warning: Citation `JML' on page 24 undefined on input line 58.


LaTeX Warning: Citation `meyer2016class' on page 24 undefined on input line 63.



LaTeX Warning: Citation `DBLP:journals/jot/BarnettDFLS04' on page 24 undefined 
on input line 64.

[24]

LaTeX Warning: Citation `DBLP:conf/oopsla/TakikawaSDTF12' on page 25 undefined 
on input line 102.


LaTeX Warning: Citation `DBLP:conf/popl/WrigstadNLOV10' on page 25 undefined on
 input line 102.


LaTeX Warning: Citation `parkinson2007class' on page 25 undefined on input line
 109.


LaTeX Warning: Citation `Barnett:2004:SPS:2131546.2131549' on page 25 undefined
 on input line 112.


LaTeX Warning: Citation `DBLP:journals/tcs/NaumannB06' on page 25 undefined on 
input line 113.


LaTeX Warning: Citation `DBLP:journals/jot/BarnettDFLS04' on page 25 undefined 
on input line 113.


LaTeX Warning: Citation `DBLP:conf/mpc/BarnettN04' on page 25 undefined on inpu
t line 113.


LaTeX Warning: Citation `DBLP:conf/ecoop/LeinoM04' on page 25 undefined on inpu
t line 113.


LaTeX Warning: Citation `Leino2004ExceptionSF' on page 25 undefined on input li
ne 117.


LaTeX Warning: Citation `DBLP:conf/fm/PolikarpovaTFM14' on page 25 undefined on
 input line 120.


LaTeX Warning: Citation `DBLP:conf/sigada/Leino12' on page 25 undefined on inpu
t line 121.

[25]

LaTeX Warning: Citation `chalin2007logical' on page 26 undefined on input line 
137.


LaTeX Warning: Citation `chalin2008jml' on page 26 undefined on input line 139.



LaTeX Warning: Citation `DBLP:conf/sigada/Leino12' on page 26 undefined on inpu
t line 140.


LaTeX Warning: Citation `barnett200499' on page 26 undefined on input line 143.



LaTeX Warning: Citation `barnett2003runtime' on page 26 undefined on input line
 146.


LaTeX Warning: Citation `Flanagan06hybridtypes' on page 26 undefined on input l
ine 154.

) (./conclusion.tex
Underfull \vbox (badness 10000) has occurred while \output is active []

 [26]

LaTeX Warning: Citation `stephens2015beginning' on page 27 undefined on input l
ine 13.

) (./mainEsoop.bbl) (./proof.tex [27] [28]
Overfull \hbox (21.52306pt too wide) in paragraph at lines 63--66
[] \OT1/cmr/m/n/10 If $[](\OML/cmm/m/it/10 ^^[; [][][]\OT1/cmr/m/n/10 [\OML/cmm
/m/it/10 l[]m[]v[]; []; v[][]\OT1/cmr/m/n/10 ])$ where:
 []


Overfull \hbox (27.01352pt too wide) in paragraph at lines 83--85
[]\OT1/cmr/m/n/10 not $[](\OML/cmm/m/it/10 ^^[; [][][]; e; l\OT1/cmr/m/n/10 )$,
 and $\OML/cmm/m/it/10 ^^[\OMS/cmsy/m/n/10 j[][][]\OT1/cmr/m/n/10 [\OML/cmm/m/i
t/10 e\OT1/cmr/m/n/10 ] \OMS/cmsy/m/n/10 ![] \OML/cmm/m/it/10 ^^[[]\OMS/cmsy/m/
n/10 j[][][]\OT1/cmr/m/n/10 [\OML/cmm/m/it/10 e[]\OT1/cmr/m/n/10 ]$, then not $
[](\OML/cmm/m/it/10 ^^[[]; [][][]; e[]; l\OT1/cmr/m/n/10 )$. 
 []

[29]
Overfull \hbox (3.57227pt too wide) in paragraph at lines 97--98
[]\OT1/cmr/m/n/10 If $\OML/cmm/m/it/10 ^^F\OT1/cmr/m/n/10 ; \OML/cmm/m/it/10 ^^
@\OT1/cmr/m/n/10 ; [] \OMS/cmsy/m/n/10 ` \OML/cmm/m/it/10 e[]f[]e[] \OT1/cmr/m/
n/10 : \OML/cmm/m/it/10 T$\OT1/cmr/m/n/10 , then $\OML/cmm/m/it/10 ^^F\OT1/cmr/
m/n/10 ; \OML/cmm/m/it/10 ^^@\OT1/cmr/m/n/10 ; [][[][]\OML/cmm/m/it/10 f[]e[]\O
T1/cmr/m/n/10 ] \OMS/cmsy/m/n/10 `
 []


Overfull \hbox (33.51184pt too wide) in paragraph at lines 116--118
[]\OT1/cmr/m/n/10 If $[](\OML/cmm/m/it/10 ^^[[]; []\OT1/cmr/m/n/10 [[][][]\OML/
cmm/m/it/10 e[][] [] []e[][]\OT1/cmr/m/n/10 ])$,
 []


Overfull \hbox (28.12137pt too wide) in paragraph at lines 122--123
[]\OT1/cmr/m/n/10 If $[](\OML/cmm/m/it/10 ^^[; e\OT1/cmr/m/n/10 )$, $\OMS/cmtt/
bx/n/10 8[]$\OT1/cmr/m/n/10 , if $\OML/cmm/m/it/10 e \OT1/cmr/m/n/10 = [][[][][
][][[][][]\OML/cmm/m/it/10 l[][][][][][][]\OT1/cmr/m/n/10 ][] []])$,
 []

[30]
Overfull \hbox (23.15717pt too wide) in paragraph at lines 171--173
[]$[]\OT1/cmr/m/n/10 (\OML/cmm/m/it/10 ^^[; e; l\OT1/cmr/m/n/10 )$ iff $\OMS/cm
tt/bx/n/10 8\OML/cmm/m/it/10 f \OMS/cmtt/bx/n/10 2 []\OT1/cmr/m/n/10 (\OML/cmm/
m/it/10 ^^[; l\OT1/cmr/m/n/10 )$, not $[](\OML/cmm/m/it/10 ^^[ \OMS/cmtt/bx/n/1
0 n \OML/cmm/m/it/10 l; []; e; ^^[\OT1/cmr/m/n/10 [\OML/cmm/m/it/10 l[]f\OT1/cm
r/m/n/10 ])$. 
 []

[31]
Overfull \hbox (37.89716pt too wide) in paragraph at lines 189--192
[]\OT1/cmr/bx/n/10 (Capsule Field Soundnes). \OT1/cmr/m/n/10 If $[](\OML/cmm/m/
it/10 ^^[; e\OT1/cmr/m/n/10 )$ then $\OMS/cmtt/bx/n/10 8\OML/cmm/m/it/10 l$\OT1
/cmr/m/n/10 , if $[](\OML/cmm/m/it/10 ^^[; e; l\OT1/cmr/m/n/10 )$,
 []


Overfull \hbox (10.31519pt too wide) in paragraph at lines 209--210
[]\OT1/cmr/m/n/10 Since the pre-existing $\OML/cmm/m/it/10 ^^[$ \OT1/cmr/m/n/10
 was not mod-i-fied, by $[]$, $\OML/cmm/m/it/10 l [] []\OT1/cmr/m/n/10 (\OML/cm
m/m/it/10 ^^[; v[]\OT1/cmr/m/n/10 ) =
 []


Overfull \hbox (13.88142pt too wide) in paragraph at lines 215--216
\OT1/cmr/m/n/10 so by \OT1/cmss/m/n/10 Type Con-sis-tency \OT1/cmr/m/n/10 and \
OT1/cmss/m/n/10 Cap-sule Con-sis-tency\OT1/cmr/m/n/10 , $[](\OML/cmm/m/it/10 ^^
[; [][][]\OT1/cmr/m/n/10 [\OML/cmm/m/it/10 l[]f \OT1/cmr/m/n/10 =
 []


Overfull \hbox (30.07837pt too wide) in paragraph at lines 218--219
[]\OT1/cmr/m/n/10 If $\OML/cmm/m/it/10 l[]$ \OT1/cmr/m/n/10 was $[]$, by \OT1/c
mss/m/n/10 Mut Up-date\OT1/cmr/m/n/10 , $\OML/cmm/m/it/10 l$ \OT1/cmr/m/n/10 is
 [][][][][]. By $[]$,
 []


Overfull \hbox (4.62885pt too wide) in paragraph at lines 219--220
\OT1/cmr/m/n/10 can't have added $\OML/cmm/m/it/10 l[]$ \OT1/cmr/m/n/10 to the 
$[]$ of any-thing, thus $[]$
 []

[32]
LaTeX Font Info:    Font shape `OMS/cmr/m/n' in size <10> not available
(Font)              Font shape `OMS/cmsy/m/n' tried instead on input line 244.

Overfull \hbox (85.1953pt too wide) in paragraph at lines 247--248
\OT1/cmr/m/n/10 Either way, the \OT1/cmr/m/sc/10 mon-i-tor exit \OT1/cmr/m/n/10
 re-duc-tion has re-stored $[](\OML/cmm/m/it/10 ^^[[]; [][][]\OT1/cmr/m/n/10 [\
OML/cmm/m/it/10 e[]\OT1/cmr/m/n/10 ]\OML/cmm/m/it/10 ; l\OT1/cmr/m/n/10 )$. 
 []


Overfull \hbox (18.94977pt too wide) in paragraph at lines 252--253
[]\OT1/cmr/m/n/10 By our re-duc-tion rules, we were pre-vi-ously in state $\OML
/cmm/m/it/10 ^^[[]\OMS/cmsy/m/n/10 j[][][]\OT1/cmr/m/n/10 [[] []\OML/cmm/m/it/1
0 e[][] [] []e[]\OT1/cmr/m/n/10 ]$.
 []

[33]
Overfull \hbox (19.60576pt too wide) in paragraph at lines 263--264
\OT1/cmr/m/n/10 So by \OT1/cmss/m/n/10 Mut Ac-cess \OT1/cmr/m/n/10 and \OT1/cms
s/m/n/10 Method Con-sis-tency\OT1/cmr/m/n/10 , we have that $\OML/cmm/m/it/10 ^
^F[]\OT1/cmr/m/n/10 ; \OMS/cmsy/m/n/10 ;\OT1/cmr/m/n/10 ; [][][][[]] \OMS/cmsy/
m/n/10 6`
 []


Overfull \hbox (6.9156pt too wide) in paragraph at lines 277--278
\OT1/cmss/m/n/10 Cap-sule Con-sis-tency\OT1/cmr/m/n/10 , $\OML/cmm/m/it/10 v[]$
 \OT1/cmr/m/n/10 was $[]$ and $[](\OML/cmm/m/it/10 ^^[; v[]\OT1/cmr/m/n/10 )$ i
s not $[]$
 []

[34]
Overfull \hbox (13.01593pt too wide) in paragraph at lines 301--303
\OT1/cmr/m/n/10 In each case above, for each $\OML/cmm/m/it/10 l$\OT1/cmr/m/n/1
0 , $[]$ holds; and ei-ther $[]$
 []


Overfull \hbox (18.75494pt too wide) in paragraph at lines 325--327
[]\OT1/cmr/bx/n/10 (Stronger Sound-ness). \OT1/cmr/m/n/10 If $[]$ ($\OML/cmm/m/
it/10 ^^[$\OT1/cmr/m/n/10 , e) then $\OMS/cmsy/m/n/10 8\OML/cmm/m/it/10 l$\OT1/
cmr/m/n/10 , if $[](\OML/cmm/m/it/10 ^^[; e; l\OT1/cmr/m/n/10 )$
 []

[35]
Overfull \hbox (5.12096pt too wide) in paragraph at lines 349--350
\OT1/cmr/m/n/10 ies, the mon-i-tor ex-pres-sion must have been in-tro-duced by 
\OT1/cmr/m/sc/10 up-date\OT1/cmr/m/n/10 , \OT1/cmr/m/sc/10 mcall\OT1/cmr/m/n/10
 ,
 []


Overfull \hbox (14.30931pt too wide) in paragraph at lines 357--358
[]\OT1/cmr/m/n/10 (\OT1/cmr/m/sc/10 try er-ror\OT1/cmr/m/n/10 ) $\OML/cmm/m/it/
10 ^^[\OMS/cmsy/m/n/10 j[][][]\OT1/cmr/m/n/10 [[][][][][] [] []\OML/cmm/m/it/10
 e[]\OT1/cmr/m/n/10 ] \OMS/cmsy/m/n/10 ! \OML/cmm/m/it/10 ^^[\OMS/cmsy/m/n/10 j
[][][]\OT1/cmr/m/n/10 [\OML/cmm/m/it/10 e\OT1/cmr/m/n/10 ]$, where $[] = [][][]
[][[][][]\OML/cmm/m/it/10 l[][][][][][][]\OT1/cmr/m/n/10 ]$: 
 []

[36]
Overfull \hbox (14.64127pt too wide) in paragraph at lines 368--370
[]\OT1/cmr/m/n/10 If $[](\OML/cmm/m/it/10 ^^[; e\OT1/cmr/m/n/10 )$, $\OMS/cmsy/
m/n/10 8\OML/cmm/m/it/10 f; l$\OT1/cmr/m/n/10 , if $[](\OML/cmm/m/it/10 ^^[; e;
 l\OT1/cmr/m/n/10 )$, $\OML/cmm/m/it/10 ^^F[]\OT1/cmr/m/n/10 (\OML/cmm/m/it/10 
l\OT1/cmr/m/n/10 )[]\OML/cmm/m/it/10 f \OT1/cmr/m/n/10 = [] []$, then $\OML/cmm
/m/it/10 l [] []\OT1/cmr/m/n/10 (\OML/cmm/m/it/10 ^^[; ^^[\OT1/cmr/m/n/10 [\OML
/cmm/m/it/10 l[]f\OT1/cmr/m/n/10 ])$. 
 []


Overfull \hbox (22.55376pt too wide) in paragraph at lines 375--376
[]\OT1/cmr/m/n/10 The only rule that makes an $\OML/cmm/m/it/10 l$ $[]$ \OT1/cm
r/m/n/10 is \OT1/cmr/m/sc/10 new\OT1/cmr/m/n/10 . So con-sider $\OML/cmm/m/it/1
0 e \OT1/cmr/m/n/10 = [][][][[] \OML/cmm/m/it/10 C[]v[]; []; v[][]\OT1/cmr/m/n/
10 ]$
 []


Overfull \hbox (13.20973pt too wide) in paragraph at lines 375--376
[]\OT1/cmr/m/n/10 (\OML/cmm/m/it/10 ^^[\OT1/cmr/m/n/10 )$; so by $[]$ and our r
e-duc-tion rules, $\OML/cmm/m/it/10 l [] []\OT1/cmr/m/n/10 (\OML/cmm/m/it/10 ^^
[; v[]\OT1/cmr/m/n/10 ) = [](\OML/cmm/m/it/10 ^^[[]; ^^[[]\OT1/cmr/m/n/10 [\OML
/cmm/m/it/10 l[]f\OT1/cmr/m/n/10 ])$. 
 []

) (./hamster.tex (/usr/pkg/share/texmf-dist/tex/latex/listings/lstlang1.sty
File: lstlang1.sty 2019/02/27 1.8b listings language file
)
[37]
LaTeX Font Info:    Font shape `OT1/cmtt/bx/n' in size <12> not available
(Font)              Font shape `OT1/cmtt/m/n' tried instead on input line 7.


LaTeX Warning: Citation `DBLP:conf/vstte/LeinoMW08' on page 38 undefined on inp
ut line 29.

[38]
Overfull \hbox (43.47571pt too wide) in paragraph at lines 51--52
[][][][][][][][][][][][][][][][][][][][][][][][][][][][][][][][][][] 
 []


Overfull \hbox (11.97577pt too wide) in paragraph at lines 66--67
[][][][][][][][][][][][][][][][][][][][][][][][] 
 []


Overfull \hbox (5.67578pt too wide) in paragraph at lines 67--68
[][][][][][][][][][][][][][][][][][][][] 
 []

[39]
Overfull \hbox (56.07568pt too wide) in paragraph at lines 73--74
[][][][][][][][][][][][][][][][][][][][][][][][][][][][][][][][][][][][][] 
 []


Overfull \hbox (49.7757pt too wide) in paragraph at lines 88--89
[][][][][][][][][][][][][][][][][][][][][][][][][][][][][][][][][][][][][][][][
][] 
 []


Overfull \hbox (44.23428pt too wide) in paragraph at lines 95--96
[][][][][][][][][][][] \OT1/cmr/m/n/10 or [][][][][][][][][][][] 
 []


Overfull \hbox (71.86263pt too wide) in paragraph at lines 95--96
\OT1/cmr/m/n/10 read fields of ob-jects owned by the \OT1/cmr/m/it/10 re-ceiver
 \OT1/cmr/m/n/10 of the method, so a [][][][][][][][][][][][][][][][]
 []

) (./more-case-studies.tex
Underfull \vbox (badness 10000) has occurred while \output is active []

 [40]
Overfull \hbox (11.97577pt too wide) in paragraph at lines 106--107
[][][][][][][][][][][][][][][][][][][][][][][][][] 
 []


Overfull \hbox (30.87573pt too wide) in paragraph at lines 110--111
[][][][][][][][][][][][][][][][][][][][][][][][][][][][][][][][][][][][][][][][
][][][][][][][][] 
 []


Overfull \hbox (18.27576pt too wide) in paragraph at lines 112--113
[][][][][][][][][][][][][][][][][][][][][][][][][][][][][][][][][][][][][] 
 []


Overfull \hbox (56.07568pt too wide) in paragraph at lines 119--120
[][][][][][][][][][][][][][][][][][][][][][][][][][][][] 
 []


Overfull \hbox (56.07568pt too wide) in paragraph at lines 121--122
[][][][][][][][][][][][][][][][][][][][][][][][][][][][][][] 
 []


Overfull \hbox (56.07568pt too wide) in paragraph at lines 122--123
[][][][][][][][][][][][][][][][][][][][][][][][][][][][][][] 
 []


Overfull \hbox (24.57574pt too wide) in paragraph at lines 125--126
[][][][][][][][][][][][][][][][][][][][][][][][][][][][][] 
 []

[41]
Overfull \hbox (4.56973pt too wide) in paragraph at lines 139--144
\OT1/cmr/m/n/10 af-ter all the [][][] and [][][] have been up-dated. Thus [][][
][][]
 []


Overfull \hbox (18.27576pt too wide) in paragraph at lines 150--151
[][][][][][][][][][][][][][][][][][][][][][][][][][][][][][][][][][][][][][][][
] 
 []


Overfull \hbox (33.2926pt too wide) in paragraph at lines 171--172
[]\OT1/cmr/m/n/10 The idea is that ev-ery-thing we do with the [][][] is a mu-t
a-tion; the [][][][][]
 []

[42]

LaTeX Warning: Citation `DBLP:journals/jot/BarnettDFLS04' on page 43 undefined 
on input line 224.


Overfull \hbox (8.32056pt too wide) in paragraph at lines 226--239
\OT1/cmr/m/n/10 used again. Note that Spec# it-self can-not rep-re-sent the [][
][]
 []

[43]

LaTeX Warning: Citation `leino2004object' on page 44 undefined on input line 24
2.


LaTeX Warning: Citation `DBLP:conf/mpc/BarnettN04' on page 44 undefined on inpu
t line 249.

[44]) (./patterns.tex
Overfull \hbox (49.7757pt too wide) in paragraph at lines 8--10
[][][][][][][][][][][][][][][][][][][][][][][][][][][][][][][][][][] 
 []


Overfull \hbox (5.67578pt too wide) in paragraph at lines 22--23
[][][][][][][][][][][][][][][][][][][][][][][][][][][] 
 []


Overfull \hbox (49.7757pt too wide) in paragraph at lines 37--38
[][][][][][][][][][][][][][][][][][][][][][][][][][][][] 
 []

[45]
Overfull \hbox (32.5705pt too wide) in paragraph at lines 50--51
[]\OT1/cmr/m/n/10 Temporarily break an in-vari-ant: it is fine if dur-ing the [
][][][][] loop, [][][][][][][],
 []


Overfull \hbox (14.82pt too wide) in paragraph at lines 51--52
\OT1/cmr/m/n/10 you can be sure that its [][][][][][][], but not if you have an
 [][][]. 
 []

[46]
Overfull \hbox (24.57574pt too wide) in paragraph at lines 73--74
[][][][][][][][][][][][][][][][][][][][][][][][][][][][][][][] 
 []


Overfull \hbox (37.17572pt too wide) in paragraph at lines 75--76
[][][][][][][][][][][][][][][][][][][][][][][][][][][][][][][][][][][][][][][][
][][][][][][][] 
 []


Overfull \hbox (11.97577pt too wide) in paragraph at lines 77--78
[][][][][][][][][][][][][][][][][][][][][][][][][][] 
 []


Overfull \hbox (18.27576pt too wide) in paragraph at lines 91--92
[][][][][][][][][][][][][][][][][][][][][][][][][][][][][][][][][][][] 
 []

) (./runtime-verification.tex

LaTeX Warning: Citation `Voigt2013' on page 47 undefined on input line 3.


LaTeX Warning: Citation `meredith2012overview' on page 47 undefined on input li
ne 3.


LaTeX Warning: Citation `meredith2012overview' on page 47 undefined on input li
ne 5.


LaTeX Warning: Citation `gorbovitski08efficient' on page 47 undefined on input 
line 11.


LaTeX Warning: Citation `Burdy2005' on page 47 undefined on input line 14.


LaTeX Warning: Citation `fahndrich2010embedded' on page 47 undefined on input l
ine 14.

[47]

LaTeX Warning: Citation `findler2001contract' on page 48 undefined on input lin
e 51.


LaTeX Warning: Citation `Gopinathan:2008:RMO:1483018.1483028' on page 48 undefi
ned on input line 56.


LaTeX Warning: Citation `DBLP:conf/oopsla/StricklandTFF12' on page 48 undefined
 on input line 85.


LaTeX Warning: Citation `takikawa2015towards' on page 48 undefined on input lin
e 85.


LaTeX Warning: Citation `DBLP:conf/oopsla/TakikawaSDTF12' on page 48 undefined 
on input line 85.


LaTeX Warning: Citation `DBLP:conf/popl/WrigstadNLOV10' on page 48 undefined on
 input line 85.


LaTeX Warning: Citation `feldman2006jose' on page 48 undefined on input line 90
.

))
Overfull \hbox (1.65472pt too wide) in paragraph at lines 85--48
[]\OT1/cmr/m/n/10 Chaperones and im-per-son-ators [\OT1/cmr/bx/n/10 ?\OT1/cmr/m
/n/10 ] lifts the tech-niques of grad-ual typ-ing [\OT1/cmr/bx/n/10 ?\OT1/cmr/m
/n/10 ,\OT1/cmr/bx/n/10 ?\OT1/cmr/m/n/10 ,\OT1/cmr/bx/n/10 ?\OT1/cmr/m/n/10 ]
 []

[48] (./mainEsoop.aux)

LaTeX Font Warning: Some font shapes were not available, defaults substituted.


LaTeX Warning: Label(s) may have changed. Rerun to get cross-references right.

 ) 
Here is how much of TeX's memory you used:
 29162 strings out of 493162
 573087 string characters out of 6149681
 845587 words of memory out of 5000000
 32519 multiletter control sequences out of 15000+600000
 544280 words of font info for 67 fonts, out of 8000000 for 9000
 912 hyphenation exceptions out of 8191
 59i,20n,76p,1206b,1633s stack positions out of 5000i,500n,10000p,200000b,80000s
</usr/pkg/share/texmf-dist/fonts/type1/public/amsfonts/cm/cmbx10.pfb></usr/pk
g/share/texmf-dist/fonts/type1/public/amsfonts/cm/cmbx12.pfb></usr/pkg/share/te
xmf-dist/fonts/type1/public/amsfonts/cm/cmbx9.pfb></usr/pkg/share/texmf-dist/fo
nts/type1/public/amsfonts/cm/cmcsc10.pfb></usr/pkg/share/texmf-dist/fonts/type1
/public/amsfonts/cm/cmmi10.pfb></usr/pkg/share/texmf-dist/fonts/type1/public/am
sfonts/cm/cmmi6.pfb></usr/pkg/share/texmf-dist/fonts/type1/public/amsfonts/cm/c
mmi7.pfb></usr/pkg/share/texmf-dist/fonts/type1/public/amsfonts/cm/cmmi9.pfb></
usr/pkg/share/texmf-dist/fonts/type1/public/amsfonts/cm/cmr10.pfb></usr/pkg/sha
re/texmf-dist/fonts/type1/public/amsfonts/cm/cmr5.pfb></usr/pkg/share/texmf-dis
t/fonts/type1/public/amsfonts/cm/cmr6.pfb></usr/pkg/share/texmf-dist/fonts/type
1/public/amsfonts/cm/cmr7.pfb></usr/pkg/share/texmf-dist/fonts/type1/public/ams
fonts/cm/cmr8.pfb></usr/pkg/share/texmf-dist/fonts/type1/public/amsfonts/cm/cmr
9.pfb></usr/pkg/share/texmf-dist/fonts/type1/public/amsfonts/cm/cmss10.pfb></us
r/pkg/share/texmf-dist/fonts/type1/public/amsfonts/cm/cmssbx10.pfb></usr/pkg/sh
are/texmf-dist/fonts/type1/public/amsfonts/cm/cmsy10.pfb></usr/pkg/share/texmf-
dist/fonts/type1/public/amsfonts/cm/cmsy6.pfb></usr/pkg/share/texmf-dist/fonts/
type1/public/amsfonts/cm/cmsy7.pfb></usr/pkg/share/texmf-dist/fonts/type1/publi
c/amsfonts/cm/cmsy9.pfb></usr/pkg/share/texmf-dist/fonts/type1/public/amsfonts/
cm/cmti10.pfb></usr/pkg/share/texmf-dist/fonts/type1/public/amsfonts/cm/cmti9.p
fb></usr/pkg/share/texmf-dist/fonts/type1/public/amsfonts/cm/cmtt10.pfb></usr/p
kg/share/texmf-dist/fonts/type1/public/amsfonts/cm/cmtt12.pfb></usr/pkg/share/t
exmf-dist/fonts/type1/public/amsfonts/cm/cmtt9.pfb>
Output written on mainEsoop.pdf (48 pages, 502387 bytes).
PDF statistics:
 266 PDF objects out of 1000 (max. 8388607)
 187 compressed objects within 2 object streams
 0 named destinations out of 1000 (max. 500000)
 18 words of extra memory for PDF output out of 10000 (max. 10000000)

