This is pdfTeX, Version 3.141592653-2.6-1.40.22 (MiKTeX 21.6) (preloaded format=pdflatex 2021.9.27)  4 AUG 2022 15:32
entering extended mode
**./SCP.tex
(SCP.tex
LaTeX2e <2021-06-01>
L3 programming layer <2021-06-01>
(C:\Users\sonta\AppData\Local\Programs\MiKTeX\tex/latex/elsarticle\elsarticle.c
ls
Document Class: elsarticle 2020/11/20, 3.3: Elsevier Ltd
(C:\Users\sonta\AppData\Local\Programs\MiKTeX\tex/latex/l3kernel\expl3.sty
Package: expl3 2021-06-01 L3 programming layer (loader) 

(C:\Users\sonta\AppData\Local\Programs\MiKTeX\tex/latex/l3backend\l3backend-pdf
tex.def
File: l3backend-pdftex.def 2021-05-07 L3 backend support: PDF output (pdfTeX)
\l__color_backend_stack_int=\count182
\l__pdf_internal_box=\box50
))
(C:\Users\sonta\AppData\Local\Programs\MiKTeX\tex/latex/l3packages/xparse\xpars
e.sty
Package: xparse 2021-06-01 L3 Experimental document command parser
)
(C:\Users\sonta\AppData\Local\Programs\MiKTeX\tex/latex/etoolbox\etoolbox.sty
Package: etoolbox 2020/10/05 v2.5k e-TeX tools for LaTeX (JAW)
\etb@tempcnta=\count183
)
\@bls=\dimen138

(C:\Users\sonta\AppData\Local\Programs\MiKTeX\tex/latex/base\article.cls
Document Class: article 2021/02/12 v1.4n Standard LaTeX document class
(C:\Users\sonta\AppData\Local\Programs\MiKTeX\tex/latex/base\size10.clo
File: size10.clo 2021/02/12 v1.4n Standard LaTeX file (size option)
)
\c@part=\count184
\c@section=\count185
\c@subsection=\count186
\c@subsubsection=\count187
\c@paragraph=\count188
\c@subparagraph=\count189
\c@figure=\count190
\c@table=\count191
\abovecaptionskip=\skip47
\belowcaptionskip=\skip48
\bibindent=\dimen139
)
(C:\Users\sonta\AppData\Local\Programs\MiKTeX\tex/latex/graphics\graphicx.sty
Package: graphicx 2020/12/05 v1.2c Enhanced LaTeX Graphics (DPC,SPQR)

(C:\Users\sonta\AppData\Local\Programs\MiKTeX\tex/latex/graphics\keyval.sty
Package: keyval 2014/10/28 v1.15 key=value parser (DPC)
\KV@toks@=\toks16
)
(C:\Users\sonta\AppData\Local\Programs\MiKTeX\tex/latex/graphics\graphics.sty
Package: graphics 2021/03/04 v1.4d Standard LaTeX Graphics (DPC,SPQR)

(C:\Users\sonta\AppData\Local\Programs\MiKTeX\tex/latex/graphics\trig.sty
Package: trig 2016/01/03 v1.10 sin cos tan (DPC)
)
(C:\Users\sonta\AppData\Local\Programs\MiKTeX\tex/latex/graphics-cfg\graphics.c
fg
File: graphics.cfg 2016/06/04 v1.11 sample graphics configuration
)
Package graphics Info: Driver file: pdftex.def on input line 107.

(C:\Users\sonta\AppData\Local\Programs\MiKTeX\tex/latex/graphics-def\pdftex.def
File: pdftex.def 2020/10/05 v1.2a Graphics/color driver for pdftex
))
\Gin@req@height=\dimen140
\Gin@req@width=\dimen141
)
\c@tnote=\count192
\c@fnote=\count193
\c@cnote=\count194
\c@ead=\count195
\c@author=\count196
\@eadauthor=\toks17
\c@affn=\count197
\absbox=\box51
\elsarticlehighlightsbox=\box52
\elsarticlegrabsbox=\box53
\keybox=\box54
\Columnwidth=\dimen142
\space@left=\dimen143
\els@boxa=\box55
\els@boxb=\box56
\leftMargin=\dimen144
\@enLab=\toks18
\@sep=\skip49
\@@sep=\skip50
 (SCP.spl)
(C:\Users\sonta\AppData\Local\Programs\MiKTeX\tex/latex/natbib\natbib.sty
Package: natbib 2010/09/13 8.31b (PWD, AO)
\bibhang=\skip51
\bibsep=\skip52
LaTeX Info: Redefining \cite on input line 694.
\c@NAT@ctr=\count198
)
\splwrite=\write3
\openout3 = `SCP.spl'.


(C:\Users\sonta\AppData\Local\Programs\MiKTeX\tex/latex/geometry\geometry.sty
Package: geometry 2020/01/02 v5.9 Page Geometry

(C:\Users\sonta\AppData\Local\Programs\MiKTeX\tex/generic/iftex\ifvtex.sty
Package: ifvtex 2019/10/25 v1.7 ifvtex legacy package. Use iftex instead.

(C:\Users\sonta\AppData\Local\Programs\MiKTeX\tex/generic/iftex\iftex.sty
Package: iftex 2020/03/06 v1.0d TeX engine tests
))
\Gm@cnth=\count199
\Gm@cntv=\count266
\c@Gm@tempcnt=\count267
\Gm@bindingoffset=\dimen145
\Gm@wd@mp=\dimen146
\Gm@odd@mp=\dimen147
\Gm@even@mp=\dimen148
\Gm@layoutwidth=\dimen149
\Gm@layoutheight=\dimen150
\Gm@layouthoffset=\dimen151
\Gm@layoutvoffset=\dimen152
\Gm@dimlist=\toks19

(C:\Users\sonta\AppData\Local\Programs\MiKTeX\tex/latex/geometry\geometry.cfg))
\appnamewidth=\dimen153
) (C:\Users\sonta\AppData\Local\Programs\MiKTeX\tex/latex/lineno\lineno.sty
Package: lineno 2005/11/02 line numbers on paragraphs v4.41
\linenopenalty=\count268
\output=\toks20
\linenoprevgraf=\count269
\linenumbersep=\dimen154
\linenumberwidth=\dimen155
\c@linenumber=\count270
\c@pagewiselinenumber=\count271
\c@LN@truepage=\count272
\c@internallinenumber=\count273
\c@internallinenumbers=\count274
\quotelinenumbersep=\dimen156
\bframerule=\dimen157
\bframesep=\dimen158
\bframebox=\box57
LaTeX Info: Redefining \\ on input line 3056.
)
(C:\Users\sonta\AppData\Local\Programs\MiKTeX\tex/latex/hyperref\hyperref.sty
Package: hyperref 2021-06-05 v7.00l Hypertext links for LaTeX

(C:\Users\sonta\AppData\Local\Programs\MiKTeX\tex/generic/ltxcmds\ltxcmds.sty
Package: ltxcmds 2020-05-10 v1.25 LaTeX kernel commands for general use (HO)
)
(C:\Users\sonta\AppData\Local\Programs\MiKTeX\tex/generic/pdftexcmds\pdftexcmds
.sty
Package: pdftexcmds 2020-06-27 v0.33 Utility functions of pdfTeX for LuaTeX (HO
)

(C:\Users\sonta\AppData\Local\Programs\MiKTeX\tex/generic/infwarerr\infwarerr.s
ty
Package: infwarerr 2019/12/03 v1.5 Providing info/warning/error messages (HO)
)
Package pdftexcmds Info: \pdf@primitive is available.
Package pdftexcmds Info: \pdf@ifprimitive is available.
Package pdftexcmds Info: \pdfdraftmode found.
)
(C:\Users\sonta\AppData\Local\Programs\MiKTeX\tex/generic/kvsetkeys\kvsetkeys.s
ty
Package: kvsetkeys 2019/12/15 v1.18 Key value parser (HO)
)
(C:\Users\sonta\AppData\Local\Programs\MiKTeX\tex/generic/kvdefinekeys\kvdefine
keys.sty
Package: kvdefinekeys 2019-12-19 v1.6 Define keys (HO)
)
(C:\Users\sonta\AppData\Local\Programs\MiKTeX\tex/generic/pdfescape\pdfescape.s
ty
Package: pdfescape 2019/12/09 v1.15 Implements pdfTeX's escape features (HO)
) (C:\Users\sonta\AppData\Local\Programs\MiKTeX\tex/latex/hycolor\hycolor.sty
Package: hycolor 2020-01-27 v1.10 Color options for hyperref/bookmark (HO)
)
(C:\Users\sonta\AppData\Local\Programs\MiKTeX\tex/latex/letltxmacro\letltxmacro
.sty
Package: letltxmacro 2019/12/03 v1.6 Let assignment for LaTeX macros (HO)
)
(C:\Users\sonta\AppData\Local\Programs\MiKTeX\tex/latex/auxhook\auxhook.sty
Package: auxhook 2019-12-17 v1.6 Hooks for auxiliary files (HO)
)
(C:\Users\sonta\AppData\Local\Programs\MiKTeX\tex/latex/kvoptions\kvoptions.sty
Package: kvoptions 2020-10-07 v3.14 Key value format for package options (HO)
)
\@linkdim=\dimen159
\Hy@linkcounter=\count275
\Hy@pagecounter=\count276
 (C:\Users\sonta\AppData\Local\Programs\MiKTeX\tex/latex/hyperref\pd1enc.def
File: pd1enc.def 2021-06-05 v7.00l Hyperref: PDFDocEncoding definition (HO)
Now handling font encoding PD1 ...
... no UTF-8 mapping file for font encoding PD1
)
(C:\Users\sonta\AppData\Local\Programs\MiKTeX\tex/latex/hyperref\hyperref-langp
atches.def
File: hyperref-langpatches.def 2021-06-05 v7.00l Hyperref: patches for babel la
nguages
)
(C:\Users\sonta\AppData\Local\Programs\MiKTeX\tex/generic/intcalc\intcalc.sty
Package: intcalc 2019/12/15 v1.3 Expandable calculations with integers (HO)
)
(C:\Users\sonta\AppData\Local\Programs\MiKTeX\tex/generic/etexcmds\etexcmds.sty
Package: etexcmds 2019/12/15 v1.7 Avoid name clashes with e-TeX commands (HO)
)
\Hy@SavedSpaceFactor=\count277
 (C:\Users\sonta\AppData\Local\Programs\MiKTeX\tex/latex/hyperref\puenc.def
File: puenc.def 2021-06-05 v7.00l Hyperref: PDF Unicode definition (HO)
Now handling font encoding PU ...
... no UTF-8 mapping file for font encoding PU
)
Package hyperref Info: Hyper figures OFF on input line 4192.
Package hyperref Info: Link nesting OFF on input line 4197.
Package hyperref Info: Hyper index ON on input line 4200.
Package hyperref Info: Plain pages OFF on input line 4207.
Package hyperref Info: Backreferencing OFF on input line 4212.
Package hyperref Info: Implicit mode ON; LaTeX internals redefined.
Package hyperref Info: Bookmarks ON on input line 4445.
\c@Hy@tempcnt=\count278

(C:\Users\sonta\AppData\Local\Programs\MiKTeX\tex/latex/url\url.sty
\Urlmuskip=\muskip16
Package: url 2013/09/16  ver 3.4  Verb mode for urls, etc.
)
LaTeX Info: Redefining \url on input line 4804.
\XeTeXLinkMargin=\dimen160

(C:\Users\sonta\AppData\Local\Programs\MiKTeX\tex/generic/bitset\bitset.sty
Package: bitset 2019/12/09 v1.3 Handle bit-vector datatype (HO)

(C:\Users\sonta\AppData\Local\Programs\MiKTeX\tex/generic/bigintcalc\bigintcalc
.sty
Package: bigintcalc 2019/12/15 v1.5 Expandable calculations on big integers (HO
)
))
\Fld@menulength=\count279
\Field@Width=\dimen161
\Fld@charsize=\dimen162
Package hyperref Info: Hyper figures OFF on input line 6076.
Package hyperref Info: Link nesting OFF on input line 6081.
Package hyperref Info: Hyper index ON on input line 6084.
Package hyperref Info: backreferencing OFF on input line 6091.
Package hyperref Info: Link coloring OFF on input line 6096.
Package hyperref Info: Link coloring with OCG OFF on input line 6101.
Package hyperref Info: PDF/A mode OFF on input line 6106.
LaTeX Info: Redefining \ref on input line 6146.
LaTeX Info: Redefining \pageref on input line 6150.

(C:\Users\sonta\AppData\Local\Programs\MiKTeX\tex/latex/base\atbegshi-ltx.sty
Package: atbegshi-ltx 2021/01/10 v1.0c Emulation of the original atbegshi
package with kernel methods
)
\Hy@abspage=\count280
\c@Item=\count281
\c@Hfootnote=\count282
)
Package hyperref Info: Driver (autodetected): hpdftex.
(C:\Users\sonta\AppData\Local\Programs\MiKTeX\tex/latex/hyperref\hpdftex.def
File: hpdftex.def 2021-06-05 v7.00l Hyperref driver for pdfTeX

(C:\Users\sonta\AppData\Local\Programs\MiKTeX\tex/latex/base\atveryend-ltx.sty
Package: atveryend-ltx 2020/08/19 v1.0a Emulation of the original atvery packag
e
with kernel methods
)
\Fld@listcount=\count283
\c@bookmark@seq@number=\count284

(C:\Users\sonta\AppData\Local\Programs\MiKTeX\tex/latex/rerunfilecheck\rerunfil
echeck.sty
Package: rerunfilecheck 2019/12/05 v1.9 Rerun checks for auxiliary files (HO)

(C:\Users\sonta\AppData\Local\Programs\MiKTeX\tex/generic/uniquecounter\uniquec
ounter.sty
Package: uniquecounter 2019/12/15 v1.4 Provide unlimited unique counter (HO)
)
Package uniquecounter Info: New unique counter `rerunfilecheck' on input line 2
86.
)
\Hy@SectionHShift=\skip53
) (main-preamble.tex
(C:\Users\sonta\AppData\Local\Programs\MiKTeX\tex/latex/tools\verbatim.sty
Package: verbatim 2020-07-07 v1.5u LaTeX2e package for verbatim enhancements
\every@verbatim=\toks21
\verbatim@line=\toks22
\verbatim@in@stream=\read2
)
(C:\Users\sonta\AppData\Local\Programs\MiKTeX\tex/latex/wrapfig\wrapfig.sty
\wrapoverhang=\dimen163
\WF@size=\dimen164
\c@WF@wrappedlines=\count285
\WF@box=\box58
\WF@everypar=\toks23
Package: wrapfig 2003/01/31  v 3.6
)
LaTeX Info: Redefining \rm on input line 16.
LaTeX Info: Redefining \sf on input line 17.
LaTeX Info: Redefining \tt on input line 18.
LaTeX Info: Redefining \bf on input line 19.
LaTeX Info: Redefining \it on input line 20.
LaTeX Info: Redefining \sl on input line 21.
LaTeX Info: Redefining \sc on input line 22.

(C:\Users\sonta\AppData\Local\Programs\MiKTeX\tex/latex/mathpartir\mathpartir.s
ty
Package: mathpartir 2016/02/24 version 1.3.2 Math Paragraph for Typesetting Inf
erence Rules
\mpr@andskip=\skip54
\mpr@lista=\toks24
\mpr@listb=\toks25
\mpr@hlist=\box59
\mpr@vlist=\box60
\mpr@right=\box61
) (C:\Users\sonta\AppData\Local\Programs\MiKTeX\tex/latex/amsmath\amsmath.sty
Package: amsmath 2021/04/20 v2.17j AMS math features
\@mathmargin=\skip55
For additional information on amsmath, use the `?' option.
(C:\Users\sonta\AppData\Local\Programs\MiKTeX\tex/latex/amsmath\amstext.sty
Package: amstext 2000/06/29 v2.01 AMS text

(C:\Users\sonta\AppData\Local\Programs\MiKTeX\tex/latex/amsmath\amsgen.sty
File: amsgen.sty 1999/11/30 v2.0 generic functions
\@emptytoks=\toks26
\ex@=\dimen165
))
(C:\Users\sonta\AppData\Local\Programs\MiKTeX\tex/latex/amsmath\amsbsy.sty
Package: amsbsy 1999/11/29 v1.2d Bold Symbols
\pmbraise@=\dimen166
)
(C:\Users\sonta\AppData\Local\Programs\MiKTeX\tex/latex/amsmath\amsopn.sty
Package: amsopn 2016/03/08 v2.02 operator names
)
\inf@bad=\count286
LaTeX Info: Redefining \frac on input line 234.
\uproot@=\count287
\leftroot@=\count288
LaTeX Info: Redefining \overline on input line 399.
\classnum@=\count289
\DOTSCASE@=\count290
LaTeX Info: Redefining \ldots on input line 496.
LaTeX Info: Redefining \dots on input line 499.
LaTeX Info: Redefining \cdots on input line 620.
\Mathstrutbox@=\box62
\strutbox@=\box63
\big@size=\dimen167
LaTeX Font Info:    Redeclaring font encoding OML on input line 743.
LaTeX Font Info:    Redeclaring font encoding OMS on input line 744.
\macc@depth=\count291
\c@MaxMatrixCols=\count292
\dotsspace@=\muskip17
\c@parentequation=\count293
\dspbrk@lvl=\count294
\tag@help=\toks27
\row@=\count295
\column@=\count296
\maxfields@=\count297
\andhelp@=\toks28
\eqnshift@=\dimen168
\alignsep@=\dimen169
\tagshift@=\dimen170
\tagwidth@=\dimen171
\totwidth@=\dimen172
\lineht@=\dimen173
\@envbody=\toks29
\multlinegap=\skip56
\multlinetaggap=\skip57
\mathdisplay@stack=\toks30
LaTeX Info: Redefining \[ on input line 2923.
LaTeX Info: Redefining \] on input line 2924.
)
(C:\Users\sonta\AppData\Local\Programs\MiKTeX\tex/latex/amsfonts\amssymb.sty
Package: amssymb 2013/01/14 v3.01 AMS font symbols

(C:\Users\sonta\AppData\Local\Programs\MiKTeX\tex/latex/amsfonts\amsfonts.sty
Package: amsfonts 2013/01/14 v3.01 Basic AMSFonts support
\symAMSa=\mathgroup4
\symAMSb=\mathgroup5
LaTeX Font Info:    Redeclaring math symbol \hbar on input line 98.
LaTeX Font Info:    Overwriting math alphabet `\mathfrak' in version `bold'
(Font)                  U/euf/m/n --> U/euf/b/n on input line 106.
)) (C:\Users\sonta\AppData\Local\Programs\MiKTeX\tex/latex/amscls\amsthm.sty
Package: amsthm 2020/05/29 v2.20.6
\thm@style=\toks31
\thm@bodyfont=\toks32
\thm@headfont=\toks33
\thm@notefont=\toks34
\thm@headpunct=\toks35
\thm@preskip=\skip58
\thm@postskip=\skip59
\thm@headsep=\skip60
\dth@everypar=\toks36
LaTeX Info: Redefining \qed on input line 273.
)
(C:\Users\sonta\AppData\Local\Programs\MiKTeX\tex/latex/thmtools\thm-restate.st
y
Package: thm-restate 2020/08/01 v0.72
 (C:\Users\sonta\AppData\Local\Programs\MiKTeX\tex/latex/thmtools\thmtools.sty
Package: thmtools 2020/08/01 v0.72
\thmt@toks=\toks37
\c@thmt@dummyctr=\count298
(C:\Users\sonta\AppData\Local\Programs\MiKTeX\tex/latex/thmtools\thm-patch.sty
Package: thm-patch 2020/08/01 v0.72

(C:\Users\sonta\AppData\Local\Programs\MiKTeX\tex/latex/thmtools\parseargs.sty
Package: parseargs 2020/08/01 v0.72
\@parsespec=\toks38
)) (C:\Users\sonta\AppData\Local\Programs\MiKTeX\tex/latex/thmtools\thm-kv.sty
Package: thm-kv 2020/08/01 v0.72
Package thm-kv Info: Theorem names will be uppercased on input line 42.
Package thm-kv Info: kvsetkeys patch (v1.16 or later) on input line 158.
)
(C:\Users\sonta\AppData\Local\Programs\MiKTeX\tex/latex/thmtools\thm-autoref.st
y
Package: thm-autoref 2020/08/01 v0.72
 (C:\Users\sonta\AppData\Local\Programs\MiKTeX\tex/latex/thmtools\aliasctr.sty
Package: aliasctr 2020/08/01 v0.72
))
(C:\Users\sonta\AppData\Local\Programs\MiKTeX\tex/latex/thmtools\thm-listof.sty
Package: thm-listof 2020/08/01 v0.72
)
(C:\Users\sonta\AppData\Local\Programs\MiKTeX\tex/latex/thmtools\thm-amsthm.sty
Package: thm-amsthm 2020/08/01 v0.72
\thmt@style@headstyle=\toks39
)))
\c@definition=\count299
 (C:\Users\sonta\AppData\Local\Programs\MiKTeX\tex/latex/tools\xspace.sty
Package: xspace 2014/10/28 v1.13 Space after command names (DPC,MH)
)
\c@requirement=\count300
\c@llemma=\count301
\c@corollary=\count302

(../Def/Def.tex
(C:\Users\sonta\AppData\Local\Programs\MiKTeX\tex/latex/listings\listings.sty
\lst@mode=\count303
\lst@gtempboxa=\box64
\lst@token=\toks40
\lst@length=\count304
\lst@currlwidth=\dimen174
\lst@column=\count305
\lst@pos=\count306
\lst@lostspace=\dimen175
\lst@width=\dimen176
\lst@newlines=\count307
\lst@lineno=\count308
\lst@maxwidth=\dimen177

(C:\Users\sonta\AppData\Local\Programs\MiKTeX\tex/latex/listings\lstmisc.sty
File: lstmisc.sty 2020/03/24 1.8d (Carsten Heinz)
\c@lstnumber=\count309
\lst@skipnumbers=\count310
\lst@framebox=\box65
)
(C:\Users\sonta\AppData\Local\Programs\MiKTeX\tex/latex/listings\listings.cfg
File: listings.cfg 2020/03/24 1.8d listings configuration
))
Package: listings 2020/03/24 1.8d (Carsten Heinz)

(C:\Users\sonta\AppData\Local\Programs\MiKTeX\tex/latex/pgf/frontendlayer\tikz.
sty
(C:\Users\sonta\AppData\Local\Programs\MiKTeX\tex/latex/pgf/basiclayer\pgf.sty
(C:\Users\sonta\AppData\Local\Programs\MiKTeX\tex/latex/pgf/utilities\pgfrcs.st
y
(C:\Users\sonta\AppData\Local\Programs\MiKTeX\tex/generic/pgf/utilities\pgfutil
-common.tex
\pgfutil@everybye=\toks41
\pgfutil@tempdima=\dimen178
\pgfutil@tempdimb=\dimen179

(C:\Users\sonta\AppData\Local\Programs\MiKTeX\tex/generic/pgf/utilities\pgfutil
-common-lists.tex))
(C:\Users\sonta\AppData\Local\Programs\MiKTeX\tex/generic/pgf/utilities\pgfutil
-latex.def
\pgfutil@abb=\box66
)
(C:\Users\sonta\AppData\Local\Programs\MiKTeX\tex/generic/pgf/utilities\pgfrcs.
code.tex
(C:\Users\sonta\AppData\Local\Programs\MiKTeX\tex/generic/pgf\pgf.revision.tex)
Package: pgfrcs 2021/05/15 v3.1.9a (3.1.9a)
))
Package: pgf 2021/05/15 v3.1.9a (3.1.9a)

(C:\Users\sonta\AppData\Local\Programs\MiKTeX\tex/latex/pgf/basiclayer\pgfcore.
sty
(C:\Users\sonta\AppData\Local\Programs\MiKTeX\tex/latex/pgf/systemlayer\pgfsys.
sty
(C:\Users\sonta\AppData\Local\Programs\MiKTeX\tex/generic/pgf/systemlayer\pgfsy
s.code.tex
Package: pgfsys 2021/05/15 v3.1.9a (3.1.9a)

(C:\Users\sonta\AppData\Local\Programs\MiKTeX\tex/generic/pgf/utilities\pgfkeys
.code.tex
\pgfkeys@pathtoks=\toks42
\pgfkeys@temptoks=\toks43

(C:\Users\sonta\AppData\Local\Programs\MiKTeX\tex/generic/pgf/utilities\pgfkeys
filtered.code.tex
\pgfkeys@tmptoks=\toks44
))
\pgf@x=\dimen180
\pgf@y=\dimen181
\pgf@xa=\dimen182
\pgf@ya=\dimen183
\pgf@xb=\dimen184
\pgf@yb=\dimen185
\pgf@xc=\dimen186
\pgf@yc=\dimen187
\pgf@xd=\dimen188
\pgf@yd=\dimen189
\w@pgf@writea=\write4
\r@pgf@reada=\read3
\c@pgf@counta=\count311
\c@pgf@countb=\count312
\c@pgf@countc=\count313
\c@pgf@countd=\count314
\t@pgf@toka=\toks45
\t@pgf@tokb=\toks46
\t@pgf@tokc=\toks47
\pgf@sys@id@count=\count315

(C:\Users\sonta\AppData\Local\Programs\MiKTeX\tex/generic/pgf/systemlayer\pgf.c
fg
File: pgf.cfg 2021/05/15 v3.1.9a (3.1.9a)
)
Driver file for pgf: pgfsys-pdftex.def

(C:\Users\sonta\AppData\Local\Programs\MiKTeX\tex/generic/pgf/systemlayer\pgfsy
s-pdftex.def
File: pgfsys-pdftex.def 2021/05/15 v3.1.9a (3.1.9a)

(C:\Users\sonta\AppData\Local\Programs\MiKTeX\tex/generic/pgf/systemlayer\pgfsy
s-common-pdf.def
File: pgfsys-common-pdf.def 2021/05/15 v3.1.9a (3.1.9a)
)))
(C:\Users\sonta\AppData\Local\Programs\MiKTeX\tex/generic/pgf/systemlayer\pgfsy
ssoftpath.code.tex
File: pgfsyssoftpath.code.tex 2021/05/15 v3.1.9a (3.1.9a)
\pgfsyssoftpath@smallbuffer@items=\count316
\pgfsyssoftpath@bigbuffer@items=\count317
)
(C:\Users\sonta\AppData\Local\Programs\MiKTeX\tex/generic/pgf/systemlayer\pgfsy
sprotocol.code.tex
File: pgfsysprotocol.code.tex 2021/05/15 v3.1.9a (3.1.9a)
))
(C:\Users\sonta\AppData\Local\Programs\MiKTeX\tex/latex/xcolor\xcolor.sty
Package: xcolor 2016/05/11 v2.12 LaTeX color extensions (UK)

(C:\Users\sonta\AppData\Local\Programs\MiKTeX\tex/latex/graphics-cfg\color.cfg
File: color.cfg 2016/01/02 v1.6 sample color configuration
)
Package xcolor Info: Driver file: pdftex.def on input line 225.
Package xcolor Info: Model `cmy' substituted by `cmy0' on input line 1348.
Package xcolor Info: Model `hsb' substituted by `rgb' on input line 1352.
Package xcolor Info: Model `RGB' extended on input line 1364.
Package xcolor Info: Model `HTML' substituted by `rgb' on input line 1366.
Package xcolor Info: Model `Hsb' substituted by `hsb' on input line 1367.
Package xcolor Info: Model `tHsb' substituted by `hsb' on input line 1368.
Package xcolor Info: Model `HSB' substituted by `hsb' on input line 1369.
Package xcolor Info: Model `Gray' substituted by `gray' on input line 1370.
Package xcolor Info: Model `wave' substituted by `hsb' on input line 1371.
)
(C:\Users\sonta\AppData\Local\Programs\MiKTeX\tex/generic/pgf/basiclayer\pgfcor
e.code.tex
Package: pgfcore 2021/05/15 v3.1.9a (3.1.9a)

(C:\Users\sonta\AppData\Local\Programs\MiKTeX\tex/generic/pgf/math\pgfmath.code
.tex
(C:\Users\sonta\AppData\Local\Programs\MiKTeX\tex/generic/pgf/math\pgfmathcalc.
code.tex
(C:\Users\sonta\AppData\Local\Programs\MiKTeX\tex/generic/pgf/math\pgfmathutil.
code.tex)
(C:\Users\sonta\AppData\Local\Programs\MiKTeX\tex/generic/pgf/math\pgfmathparse
r.code.tex
\pgfmath@dimen=\dimen190
\pgfmath@count=\count318
\pgfmath@box=\box67
\pgfmath@toks=\toks48
\pgfmath@stack@operand=\toks49
\pgfmath@stack@operation=\toks50
)
(C:\Users\sonta\AppData\Local\Programs\MiKTeX\tex/generic/pgf/math\pgfmathfunct
ions.code.tex
(C:\Users\sonta\AppData\Local\Programs\MiKTeX\tex/generic/pgf/math\pgfmathfunct
ions.basic.code.tex)
(C:\Users\sonta\AppData\Local\Programs\MiKTeX\tex/generic/pgf/math\pgfmathfunct
ions.trigonometric.code.tex)
(C:\Users\sonta\AppData\Local\Programs\MiKTeX\tex/generic/pgf/math\pgfmathfunct
ions.random.code.tex)
(C:\Users\sonta\AppData\Local\Programs\MiKTeX\tex/generic/pgf/math\pgfmathfunct
ions.comparison.code.tex)
(C:\Users\sonta\AppData\Local\Programs\MiKTeX\tex/generic/pgf/math\pgfmathfunct
ions.base.code.tex)
(C:\Users\sonta\AppData\Local\Programs\MiKTeX\tex/generic/pgf/math\pgfmathfunct
ions.round.code.tex)
(C:\Users\sonta\AppData\Local\Programs\MiKTeX\tex/generic/pgf/math\pgfmathfunct
ions.misc.code.tex)
(C:\Users\sonta\AppData\Local\Programs\MiKTeX\tex/generic/pgf/math\pgfmathfunct
ions.integerarithmetics.code.tex)))
(C:\Users\sonta\AppData\Local\Programs\MiKTeX\tex/generic/pgf/math\pgfmathfloat
.code.tex
\c@pgfmathroundto@lastzeros=\count319
))
(C:\Users\sonta\AppData\Local\Programs\MiKTeX\tex/generic/pgf/math\pgfint.code.
tex)
(C:\Users\sonta\AppData\Local\Programs\MiKTeX\tex/generic/pgf/basiclayer\pgfcor
epoints.code.tex
File: pgfcorepoints.code.tex 2021/05/15 v3.1.9a (3.1.9a)
\pgf@picminx=\dimen191
\pgf@picmaxx=\dimen192
\pgf@picminy=\dimen193
\pgf@picmaxy=\dimen194
\pgf@pathminx=\dimen195
\pgf@pathmaxx=\dimen196
\pgf@pathminy=\dimen197
\pgf@pathmaxy=\dimen198
\pgf@xx=\dimen199
\pgf@xy=\dimen256
\pgf@yx=\dimen257
\pgf@yy=\dimen258
\pgf@zx=\dimen259
\pgf@zy=\dimen260
)
(C:\Users\sonta\AppData\Local\Programs\MiKTeX\tex/generic/pgf/basiclayer\pgfcor
epathconstruct.code.tex
File: pgfcorepathconstruct.code.tex 2021/05/15 v3.1.9a (3.1.9a)
\pgf@path@lastx=\dimen261
\pgf@path@lasty=\dimen262
)
(C:\Users\sonta\AppData\Local\Programs\MiKTeX\tex/generic/pgf/basiclayer\pgfcor
epathusage.code.tex
File: pgfcorepathusage.code.tex 2021/05/15 v3.1.9a (3.1.9a)
\pgf@shorten@end@additional=\dimen263
\pgf@shorten@start@additional=\dimen264
)
(C:\Users\sonta\AppData\Local\Programs\MiKTeX\tex/generic/pgf/basiclayer\pgfcor
escopes.code.tex
File: pgfcorescopes.code.tex 2021/05/15 v3.1.9a (3.1.9a)
\pgfpic=\box68
\pgf@hbox=\box69
\pgf@layerbox@main=\box70
\pgf@picture@serial@count=\count320
)
(C:\Users\sonta\AppData\Local\Programs\MiKTeX\tex/generic/pgf/basiclayer\pgfcor
egraphicstate.code.tex
File: pgfcoregraphicstate.code.tex 2021/05/15 v3.1.9a (3.1.9a)
\pgflinewidth=\dimen265
)
(C:\Users\sonta\AppData\Local\Programs\MiKTeX\tex/generic/pgf/basiclayer\pgfcor
etransformations.code.tex
File: pgfcoretransformations.code.tex 2021/05/15 v3.1.9a (3.1.9a)
\pgf@pt@x=\dimen266
\pgf@pt@y=\dimen267
\pgf@pt@temp=\dimen268
)
(C:\Users\sonta\AppData\Local\Programs\MiKTeX\tex/generic/pgf/basiclayer\pgfcor
equick.code.tex
File: pgfcorequick.code.tex 2021/05/15 v3.1.9a (3.1.9a)
)
(C:\Users\sonta\AppData\Local\Programs\MiKTeX\tex/generic/pgf/basiclayer\pgfcor
eobjects.code.tex
File: pgfcoreobjects.code.tex 2021/05/15 v3.1.9a (3.1.9a)
)
(C:\Users\sonta\AppData\Local\Programs\MiKTeX\tex/generic/pgf/basiclayer\pgfcor
epathprocessing.code.tex
File: pgfcorepathprocessing.code.tex 2021/05/15 v3.1.9a (3.1.9a)
)
(C:\Users\sonta\AppData\Local\Programs\MiKTeX\tex/generic/pgf/basiclayer\pgfcor
earrows.code.tex
File: pgfcorearrows.code.tex 2021/05/15 v3.1.9a (3.1.9a)
\pgfarrowsep=\dimen269
)
(C:\Users\sonta\AppData\Local\Programs\MiKTeX\tex/generic/pgf/basiclayer\pgfcor
eshade.code.tex
File: pgfcoreshade.code.tex 2021/05/15 v3.1.9a (3.1.9a)
\pgf@max=\dimen270
\pgf@sys@shading@range@num=\count321
\pgf@shadingcount=\count322
)
(C:\Users\sonta\AppData\Local\Programs\MiKTeX\tex/generic/pgf/basiclayer\pgfcor
eimage.code.tex
File: pgfcoreimage.code.tex 2021/05/15 v3.1.9a (3.1.9a)

(C:\Users\sonta\AppData\Local\Programs\MiKTeX\tex/generic/pgf/basiclayer\pgfcor
eexternal.code.tex
File: pgfcoreexternal.code.tex 2021/05/15 v3.1.9a (3.1.9a)
\pgfexternal@startupbox=\box71
))
(C:\Users\sonta\AppData\Local\Programs\MiKTeX\tex/generic/pgf/basiclayer\pgfcor
elayers.code.tex
File: pgfcorelayers.code.tex 2021/05/15 v3.1.9a (3.1.9a)
)
(C:\Users\sonta\AppData\Local\Programs\MiKTeX\tex/generic/pgf/basiclayer\pgfcor
etransparency.code.tex
File: pgfcoretransparency.code.tex 2021/05/15 v3.1.9a (3.1.9a)
)
(C:\Users\sonta\AppData\Local\Programs\MiKTeX\tex/generic/pgf/basiclayer\pgfcor
epatterns.code.tex
File: pgfcorepatterns.code.tex 2021/05/15 v3.1.9a (3.1.9a)
)
(C:\Users\sonta\AppData\Local\Programs\MiKTeX\tex/generic/pgf/basiclayer\pgfcor
erdf.code.tex
File: pgfcorerdf.code.tex 2021/05/15 v3.1.9a (3.1.9a)
)))
(C:\Users\sonta\AppData\Local\Programs\MiKTeX\tex/generic/pgf/modules\pgfmodule
shapes.code.tex
File: pgfmoduleshapes.code.tex 2021/05/15 v3.1.9a (3.1.9a)
\pgfnodeparttextbox=\box72
)
(C:\Users\sonta\AppData\Local\Programs\MiKTeX\tex/generic/pgf/modules\pgfmodule
plot.code.tex
File: pgfmoduleplot.code.tex 2021/05/15 v3.1.9a (3.1.9a)
)
(C:\Users\sonta\AppData\Local\Programs\MiKTeX\tex/latex/pgf/compatibility\pgfco
mp-version-0-65.sty
Package: pgfcomp-version-0-65 2021/05/15 v3.1.9a (3.1.9a)
\pgf@nodesepstart=\dimen271
\pgf@nodesepend=\dimen272
)
(C:\Users\sonta\AppData\Local\Programs\MiKTeX\tex/latex/pgf/compatibility\pgfco
mp-version-1-18.sty
Package: pgfcomp-version-1-18 2021/05/15 v3.1.9a (3.1.9a)
))
(C:\Users\sonta\AppData\Local\Programs\MiKTeX\tex/latex/pgf/utilities\pgffor.st
y
(C:\Users\sonta\AppData\Local\Programs\MiKTeX\tex/latex/pgf/utilities\pgfkeys.s
ty
(C:\Users\sonta\AppData\Local\Programs\MiKTeX\tex/generic/pgf/utilities\pgfkeys
.code.tex))
(C:\Users\sonta\AppData\Local\Programs\MiKTeX\tex/latex/pgf/math\pgfmath.sty
(C:\Users\sonta\AppData\Local\Programs\MiKTeX\tex/generic/pgf/math\pgfmath.code
.tex))
(C:\Users\sonta\AppData\Local\Programs\MiKTeX\tex/generic/pgf/utilities\pgffor.
code.tex
Package: pgffor 2021/05/15 v3.1.9a (3.1.9a)

(C:\Users\sonta\AppData\Local\Programs\MiKTeX\tex/generic/pgf/math\pgfmath.code
.tex)
\pgffor@iter=\dimen273
\pgffor@skip=\dimen274
\pgffor@stack=\toks51
\pgffor@toks=\toks52
))
(C:\Users\sonta\AppData\Local\Programs\MiKTeX\tex/generic/pgf/frontendlayer/tik
z\tikz.code.tex
Package: tikz 2021/05/15 v3.1.9a (3.1.9a)

(C:\Users\sonta\AppData\Local\Programs\MiKTeX\tex/generic/pgf/libraries\pgflibr
aryplothandlers.code.tex
File: pgflibraryplothandlers.code.tex 2021/05/15 v3.1.9a (3.1.9a)
\pgf@plot@mark@count=\count323
\pgfplotmarksize=\dimen275
)
\tikz@lastx=\dimen276
\tikz@lasty=\dimen277
\tikz@lastxsaved=\dimen278
\tikz@lastysaved=\dimen279
\tikz@lastmovetox=\dimen280
\tikz@lastmovetoy=\dimen281
\tikzleveldistance=\dimen282
\tikzsiblingdistance=\dimen283
\tikz@figbox=\box73
\tikz@figbox@bg=\box74
\tikz@tempbox=\box75
\tikz@tempbox@bg=\box76
\tikztreelevel=\count324
\tikznumberofchildren=\count325
\tikznumberofcurrentchild=\count326
\tikz@fig@count=\count327

(C:\Users\sonta\AppData\Local\Programs\MiKTeX\tex/generic/pgf/modules\pgfmodule
matrix.code.tex
File: pgfmodulematrix.code.tex 2021/05/15 v3.1.9a (3.1.9a)
\pgfmatrixcurrentrow=\count328
\pgfmatrixcurrentcolumn=\count329
\pgf@matrix@numberofcolumns=\count330
)
\tikz@expandcount=\count331

(C:\Users\sonta\AppData\Local\Programs\MiKTeX\tex/generic/pgf/frontendlayer/tik
z/libraries\tikzlibrarytopaths.code.tex
File: tikzlibrarytopaths.code.tex 2021/05/15 v3.1.9a (3.1.9a)
)))
(C:\Users\sonta\AppData\Local\Programs\MiKTeX\tex/generic/pgf/frontendlayer/tik
z/libraries\tikzlibrarycalc.code.tex
File: tikzlibrarycalc.code.tex 2021/05/15 v3.1.9a (3.1.9a)
)
(C:\Users\sonta\AppData\Local\Programs\MiKTeX\tex/generic/pgf/frontendlayer/tik
z/libraries\tikzlibraryshapes.code.tex
File: tikzlibraryshapes.code.tex 2021/05/15 v3.1.9a (3.1.9a)

(C:\Users\sonta\AppData\Local\Programs\MiKTeX\tex/generic/pgf/frontendlayer/tik
z/libraries\tikzlibraryshapes.geometric.code.tex
File: tikzlibraryshapes.geometric.code.tex 2021/05/15 v3.1.9a (3.1.9a)

(C:\Users\sonta\AppData\Local\Programs\MiKTeX\tex/generic/pgf/libraries/shapes\
pgflibraryshapes.geometric.code.tex
File: pgflibraryshapes.geometric.code.tex 2021/05/15 v3.1.9a (3.1.9a)
))
(C:\Users\sonta\AppData\Local\Programs\MiKTeX\tex/generic/pgf/frontendlayer/tik
z/libraries\tikzlibraryshapes.misc.code.tex
File: tikzlibraryshapes.misc.code.tex 2021/05/15 v3.1.9a (3.1.9a)

(C:\Users\sonta\AppData\Local\Programs\MiKTeX\tex/generic/pgf/libraries/shapes\
pgflibraryshapes.misc.code.tex
File: pgflibraryshapes.misc.code.tex 2021/05/15 v3.1.9a (3.1.9a)
))
(C:\Users\sonta\AppData\Local\Programs\MiKTeX\tex/generic/pgf/frontendlayer/tik
z/libraries\tikzlibraryshapes.symbols.code.tex
File: tikzlibraryshapes.symbols.code.tex 2021/05/15 v3.1.9a (3.1.9a)

(C:\Users\sonta\AppData\Local\Programs\MiKTeX\tex/generic/pgf/libraries/shapes\
pgflibraryshapes.symbols.code.tex
File: pgflibraryshapes.symbols.code.tex 2021/05/15 v3.1.9a (3.1.9a)
))
(C:\Users\sonta\AppData\Local\Programs\MiKTeX\tex/generic/pgf/frontendlayer/tik
z/libraries\tikzlibraryshapes.arrows.code.tex
File: tikzlibraryshapes.arrows.code.tex 2021/05/15 v3.1.9a (3.1.9a)

(C:\Users\sonta\AppData\Local\Programs\MiKTeX\tex/generic/pgf/libraries/shapes\
pgflibraryshapes.arrows.code.tex
File: pgflibraryshapes.arrows.code.tex 2021/05/15 v3.1.9a (3.1.9a)
))
(C:\Users\sonta\AppData\Local\Programs\MiKTeX\tex/generic/pgf/frontendlayer/tik
z/libraries\tikzlibraryshapes.callouts.code.tex
(C:\Users\sonta\AppData\Local\Programs\MiKTeX\tex/generic/pgf/libraries/shapes\
pgflibraryshapes.callouts.code.tex))
(C:\Users\sonta\AppData\Local\Programs\MiKTeX\tex/generic/pgf/frontendlayer/tik
z/libraries\tikzlibraryshapes.multipart.code.tex
File: tikzlibraryshapes.multipart.code.tex 2021/05/15 v3.1.9a (3.1.9a)

(C:\Users\sonta\AppData\Local\Programs\MiKTeX\tex/generic/pgf/libraries/shapes\
pgflibraryshapes.multipart.code.tex
File: pgflibraryshapes.multipart.code.tex 2021/05/15 v3.1.9a (3.1.9a)
\pgfnodepartlowerbox=\box77
\pgfnodeparttwobox=\box78
\pgfnodepartthreebox=\box79
\pgfnodepartfourbox=\box80
\pgfnodeparttwentybox=\box81
\pgfnodepartnineteenbox=\box82
\pgfnodeparteighteenbox=\box83
\pgfnodepartseventeenbox=\box84
\pgfnodepartsixteenbox=\box85
\pgfnodepartfifteenbox=\box86
\pgfnodepartfourteenbox=\box87
\pgfnodepartthirteenbox=\box88
\pgfnodeparttwelvebox=\box89
\pgfnodepartelevenbox=\box90
\pgfnodeparttenbox=\box91
\pgfnodepartninebox=\box92
\pgfnodeparteightbox=\box93
\pgfnodepartsevenbox=\box94
\pgfnodepartsixbox=\box95
\pgfnodepartfivebox=\box96
)))
(C:\Users\sonta\AppData\Local\Programs\MiKTeX\tex/generic/pgf/frontendlayer/tik
z/libraries\tikzlibrarysnakes.code.tex
File: tikzlibrarysnakes.code.tex 2021/05/15 v3.1.9a (3.1.9a)


Package pgf Warning: Snakes have been superseded by decorations. Please use the
 decoration libraries instead of the snakes library on input line 14.


(C:\Users\sonta\AppData\Local\Programs\MiKTeX\tex/generic/pgf/frontendlayer/tik
z/libraries\tikzlibrarydecorations.pathmorphing.code.tex
(C:\Users\sonta\AppData\Local\Programs\MiKTeX\tex/generic/pgf/frontendlayer/tik
z/libraries\tikzlibrarydecorations.code.tex
(C:\Users\sonta\AppData\Local\Programs\MiKTeX\tex/generic/pgf/modules\pgfmodule
decorations.code.tex
\pgfdecoratedcompleteddistance=\dimen284
\pgfdecoratedremainingdistance=\dimen285
\pgfdecoratedinputsegmentcompleteddistance=\dimen286
\pgfdecoratedinputsegmentremainingdistance=\dimen287
\pgf@decorate@distancetomove=\dimen288
\pgf@decorate@repeatstate=\count332
\pgfdecorationsegmentamplitude=\dimen289
\pgfdecorationsegmentlength=\dimen290
)
\tikz@lib@dec@box=\box97
)
(C:\Users\sonta\AppData\Local\Programs\MiKTeX\tex/generic/pgf/libraries/decorat
ions\pgflibrarydecorations.pathmorphing.code.tex))
(C:\Users\sonta\AppData\Local\Programs\MiKTeX\tex/generic/pgf/frontendlayer/tik
z/libraries\tikzlibrarydecorations.pathreplacing.code.tex
(C:\Users\sonta\AppData\Local\Programs\MiKTeX\tex/generic/pgf/libraries/decorat
ions\pgflibrarydecorations.pathreplacing.code.tex))
(C:\Users\sonta\AppData\Local\Programs\MiKTeX\tex/generic/pgf/frontendlayer/tik
z/libraries\tikzlibrarydecorations.shapes.code.tex
(C:\Users\sonta\AppData\Local\Programs\MiKTeX\tex/generic/pgf/libraries/decorat
ions\pgflibrarydecorations.shapes.code.tex)))
(C:\Users\sonta\AppData\Local\Programs\MiKTeX\tex/latex/mathtools\mathtools.sty
Package: mathtools 2021/04/12 v1.27 mathematical typesetting tools
(C:\Users\sonta\AppData\Local\Programs\MiKTeX\tex/latex/tools\calc.sty
Package: calc 2017/05/25 v4.3 Infix arithmetic (KKT,FJ)
\calc@Acount=\count333
\calc@Bcount=\count334
\calc@Adimen=\dimen291
\calc@Bdimen=\dimen292
\calc@Askip=\skip61
\calc@Bskip=\skip62
LaTeX Info: Redefining \setlength on input line 80.
LaTeX Info: Redefining \addtolength on input line 81.
\calc@Ccount=\count335
\calc@Cskip=\skip63
)
(C:\Users\sonta\AppData\Local\Programs\MiKTeX\tex/latex/mathtools\mhsetup.sty
Package: mhsetup 2021/03/18 v1.4 programming setup (MH)
)
LaTeX Info: Thecontrolsequence`\('isalreadyrobust on input line 130.
LaTeX Info: Thecontrolsequence`\)'isalreadyrobust on input line 130.
LaTeX Info: Thecontrolsequence`\['isalreadyrobust on input line 130.
LaTeX Info: Thecontrolsequence`\]'isalreadyrobust on input line 130.
\g_MT_multlinerow_int=\count336
\l_MT_multwidth_dim=\dimen293
\origjot=\skip64
\l_MT_shortvdotswithinadjustabove_dim=\dimen294
\l_MT_shortvdotswithinadjustbelow_dim=\dimen295
\l_MT_above_intertext_sep=\dimen296
\l_MT_below_intertext_sep=\dimen297
\l_MT_above_shortintertext_sep=\dimen298
\l_MT_below_shortintertext_sep=\dimen299
\xmathstrut@box=\box98
\xmathstrut@dim=\dimen300
) (C:\Users\sonta\AppData\Local\Programs\MiKTeX\tex/latex/ulem\ulem.sty
\UL@box=\box99
\UL@hyphenbox=\box100
\UL@skip=\skip65
\UL@hook=\toks53
\UL@height=\dimen301
\UL@pe=\count337
\UL@pixel=\dimen302
\ULC@box=\box101
Package: ulem 2019/11/18
\ULdepth=\dimen303
)
(../Def/commonDef.tex
(C:\Users\sonta\AppData\Local\Programs\MiKTeX\tex/latex/xcolor\svgnam.def
File: svgnam.def 2016/05/11 v2.12 Predefined colors according to SVG 1.1 (UK)
)
\savePremise=\box102
\saveConsequence=\box103
\saveSideCondition=\box104
\saveMetaRule=\box105
\saveScaled=\box106
\c@theorem=\count338
)
(../Def/tikzDef.tex
\pgf@layerbox@background=\box107
\pgf@layerboxsaved@background=\box108
)
\stageHeight=\skip66
\stageWidth=\skip67
\colonwidth=\skip68
\colonheight=\skip69

(C:\Users\sonta\AppData\Local\Programs\MiKTeX\tex/latex/listings\lstlang1.sty
File: lstlang1.sty 2020/03/24 1.8d listings language file
))
(C:\Users\sonta\AppData\Local\Programs\MiKTeX\tex/latex/marginnote\marginnote.s
ty
Package: marginnote 2018/08/09 v1.4b non floating margin notes for LaTeX
\c@mn@abspage=\count339
) (C:\Users\sonta\AppData\Local\Programs\MiKTeX\tex/latex/base\fontenc.sty
Package: fontenc 2021/04/29 v2.0v Standard LaTeX package
)
(C:\Users\sonta\AppData\Local\Programs\MiKTeX\tex/latex/units\nicefrac.sty
Package: nicefrac 1998/08/04 v0.9b Nice fractions
\L@UnitsRaiseDisplaystyle=\skip70
\L@UnitsRaiseTextstyle=\skip71
\L@UnitsRaiseScriptstyle=\skip72

(C:\Users\sonta\AppData\Local\Programs\MiKTeX\tex/latex/base\ifthen.sty
Package: ifthen 2020/11/24 v1.1c Standard LaTeX ifthen package (DPC)
)))
(SCP.aux

LaTeX Warning: Label `thmt@@THMSoundness@data' multiply defined.


LaTeX Warning: Label `thmt@@THMSoundness' multiply defined.


LaTeX Warning: Label `thmt@@REQTypeCons@data' multiply defined.


LaTeX Warning: Label `thmt@@REQTypeCons' multiply defined.


LaTeX Warning: Label `thmt@@REQMutUpd@data' multiply defined.


LaTeX Warning: Label `thmt@@REQMutUpd' multiply defined.


LaTeX Warning: Label `thmt@@REQMutCons@data' multiply defined.


LaTeX Warning: Label `thmt@@REQMutCons' multiply defined.


LaTeX Warning: Label `thmt@@REQImmCons@data' multiply defined.


LaTeX Warning: Label `thmt@@REQImmCons' multiply defined.


LaTeX Warning: Label `thmt@@REQCapCons@data' multiply defined.


LaTeX Warning: Label `thmt@@REQCapCons' multiply defined.


LaTeX Warning: Label `thmt@@REQSES@data' multiply defined.


LaTeX Warning: Label `thmt@@REQSES' multiply defined.

)
\openout1 = `SCP.aux'.

LaTeX Font Info:    Checking defaults for OML/cmm/m/it on input line 41.
LaTeX Font Info:    ... okay on input line 41.
LaTeX Font Info:    Checking defaults for OMS/cmsy/m/n on input line 41.
LaTeX Font Info:    ... okay on input line 41.
LaTeX Font Info:    Checking defaults for OT1/cmr/m/n on input line 41.
LaTeX Font Info:    ... okay on input line 41.
LaTeX Font Info:    Checking defaults for T1/cmr/m/n on input line 41.
LaTeX Font Info:    ... okay on input line 41.
LaTeX Font Info:    Checking defaults for TS1/cmr/m/n on input line 41.
LaTeX Font Info:    ... okay on input line 41.
LaTeX Font Info:    Checking defaults for OMX/cmex/m/n on input line 41.
LaTeX Font Info:    ... okay on input line 41.
LaTeX Font Info:    Checking defaults for U/cmr/m/n on input line 41.
LaTeX Font Info:    ... okay on input line 41.
LaTeX Font Info:    Checking defaults for PD1/pdf/m/n on input line 41.
LaTeX Font Info:    ... okay on input line 41.
LaTeX Font Info:    Checking defaults for PU/pdf/m/n on input line 41.
LaTeX Font Info:    ... okay on input line 41.

(C:\Users\sonta\AppData\Local\Programs\MiKTeX\tex/context/base/mkii\supp-pdf.mk
ii
[Loading MPS to PDF converter (version 2006.09.02).]
\scratchcounter=\count340
\scratchdimen=\dimen304
\scratchbox=\box109
\nofMPsegments=\count341
\nofMParguments=\count342
\everyMPshowfont=\toks54
\MPscratchCnt=\count343
\MPscratchDim=\dimen305
\MPnumerator=\count344
\makeMPintoPDFobject=\count345
\everyMPtoPDFconversion=\toks55
)
(C:\Users\sonta\AppData\Local\Programs\MiKTeX\tex/latex/epstopdf-pkg\epstopdf-b
ase.sty
Package: epstopdf-base 2020-01-24 v2.11 Base part for package epstopdf
Package epstopdf-base Info: Redefining graphics rule for `.eps' on input line 4
85.

(C:\Users\sonta\AppData\Local\Programs\MiKTeX\tex/latex/00miktex\epstopdf-sys.c
fg
File: epstopdf-sys.cfg 2021/03/18 v2.0 Configuration of epstopdf for MiKTeX
))
*geometry* driver: auto-detecting
*geometry* detected driver: pdftex
*geometry* verbose mode - [ preamble ] result:
* driver: pdftex
* paper: custom
* layout: <same size as paper>
* layoutoffset:(h,v)=(0.0pt,0.0pt)
* hratio: 1:1
* vratio: 1:1
* modes: 
* h-part:(L,W,R)=(64.75394pt, 468.0pt, 64.75394pt)
* v-part:(T,H,B)=(111.52342pt, 622.0pt, 111.52342pt)
* \paperwidth=597.50787pt
* \paperheight=845.04684pt
* \textwidth=468.0pt
* \textheight=622.0pt
* \oddsidemargin=-7.51605pt
* \evensidemargin=-7.51605pt
* \topmargin=-22.74657pt
* \headheight=50.0pt
* \headsep=12.0pt
* \topskip=10.0pt
* \footskip=18.0pt
* \marginparwidth=65.0pt
* \marginparsep=11.0pt
* \columnsep=24.0pt
* \skip\footins=24.0pt plus 2.0pt minus 12.0pt
* \hoffset=0.0pt
* \voffset=0.0pt
* \mag=1000
* \@twocolumnfalse
* \@twosidefalse
* \@mparswitchfalse
* \@reversemarginfalse
* (1in=72.27pt=25.4mm, 1cm=28.453pt)

Package hyperref Info: Link coloring OFF on input line 41.
(C:\Users\sonta\AppData\Local\Programs\MiKTeX\tex/latex/hyperref\nameref.sty
Package: nameref 2021-04-02 v2.47 Cross-referencing by name of section

(C:\Users\sonta\AppData\Local\Programs\MiKTeX\tex/latex/refcount\refcount.sty
Package: refcount 2019/12/15 v3.6 Data extraction from label references (HO)
)
(C:\Users\sonta\AppData\Local\Programs\MiKTeX\tex/generic/gettitlestring\gettit
lestring.sty
Package: gettitlestring 2019/12/15 v1.6 Cleanup title references (HO)
)
\c@section@level=\count346
)
LaTeX Info: Redefining \ref on input line 41.
LaTeX Info: Redefining \pageref on input line 41.
LaTeX Info: Redefining \nameref on input line 41.
 (SCP.out) (SCP.out)
\@outlinefile=\write5
\openout5 = `SCP.out'.

\c@lstlisting=\count347
 (main-abstract.tex)
LaTeX Font Info:    Trying to load font information for U+msa on input line 70.


(C:\Users\sonta\AppData\Local\Programs\MiKTeX\tex/latex/amsfonts\umsa.fd
File: umsa.fd 2013/01/14 v3.01 AMS symbols A
)
LaTeX Font Info:    Trying to load font information for U+msb on input line 70.


(C:\Users\sonta\AppData\Local\Programs\MiKTeX\tex/latex/amsfonts\umsb.fd
File: umsb.fd 2013/01/14 v3.01 AMS symbols B
)
LaTeX Font Info:    Trying to load font information for T1+lmtt on input line 7
0.

(C:\Users\sonta\AppData\Local\Programs\MiKTeX\tex/latex/lm\t1lmtt.fd
File: t1lmtt.fd 2009/10/30 v1.6 Font defs for Latin Modern
)
(main-body.tex (intro.tex
LaTeX Font Info:    Trying to load font information for T1+cmss on input line 3
.

(C:\Users\sonta\AppData\Local\Programs\MiKTeX\tex/latex/base\t1cmss.fd
File: t1cmss.fd 2019/12/16 v2.5j Standard LaTeX font definitions
)
LaTeX Font Info:    Font shape `T1/lmtt/bx/n' in size <9> not available
(Font)              Font shape `T1/lmtt/b/n' tried instead on input line 12.
Package marginnote Info: Margin note 1.1 is on absolute page 1 on input line 13
.
Package marginnote Info: right page because not two side mode on input line 13.

Package marginnote Info: xpos seems to be 331.35287pt on input line 13.

Overfull \hbox (2.22168pt too wide) has occurred while \output is active
[] 
 []


Package hyperref Warning: Token not allowed in a PDF string (Unicode):
(hyperref)                removing `\<def>-command' on input line 25.


Package hyperref Warning: Token not allowed in a PDF string (Unicode):
(hyperref)                removing `\cnotenum' on input line 25.


Package hyperref Warning: Token not allowed in a PDF string (Unicode):
(hyperref)                removing `\<def>-command' on input line 25.


Package hyperref Warning: Token not allowed in a PDF string (Unicode):
(hyperref)                removing `\@corref' on input line 25.

[1

{C:/Users/sonta/AppData/Local/MiKTeX/pdftex/config/pdftex.map}]
Package marginnote Info: Margin note 2.1 is on absolute page 3 on input line 89
.
Package marginnote Info: right page because not two side mode on input line 89.

Package marginnote Info: xpos seems to be 246.02522pt on input line 89.
Package marginnote Info: Margin note 2.2 is on absolute page 3 on input line 89
.
Package marginnote Info: right page because not two side mode on input line 89.

Package marginnote Info: xpos seems to be 455.60387pt on input line 89.
Package marginnote Info: Margin note 2.3 is on absolute page 3 on input line 89
.
Package marginnote Info: right page because not two side mode on input line 89.

Package marginnote Info: xpos seems to be 80.05022pt on input line 89.
 [2]
Package marginnote Info: Margin note 3.1 is on absolute page 3 on input line 10
0.
Package marginnote Info: right page because not two side mode on input line 100
.
Package marginnote Info: xpos seems to be 507.48233pt on input line 100.
 [3])
(TMsAndOCs.tex
Package marginnote Info: Margin note 4.1 is on absolute page 5 on input line 52
.
Package marginnote Info: right page because not two side mode on input line 52.

Package marginnote Info: xpos seems to be 64.75394pt on input line 52.
Package marginnote Info: Margin note 4.2 is on absolute page 5 on input line 53
.
Package marginnote Info: right page because not two side mode on input line 53.

Package marginnote Info: xpos seems to be 355.14432pt on input line 53.
 [4]
Package marginnote Info: Margin note 5.1 is on absolute page 5 on input line 99
.
Package marginnote Info: right page because not two side mode on input line 99.

Package marginnote Info: xpos seems to be 307.66684pt on input line 99.
 [5]
Package marginnote Info: Margin note 6.1 is on absolute page 6 on input line 13
2.
Package marginnote Info: right page because not two side mode on input line 132
.
Package marginnote Info: xpos seems to be 351.93207pt on input line 132.
Package marginnote Info: Margin note 6.2 is on absolute page 6 on input line 13
2.
Package marginnote Info: right page because not two side mode on input line 132
.
Package marginnote Info: xpos seems to be 64.75394pt on input line 132.
Package marginnote Info: Margin note 6.3 is on absolute page 6 on input line 13
7.
Package marginnote Info: right page because not two side mode on input line 137
.
Package marginnote Info: xpos seems to be 439.62389pt on input line 137.
Package marginnote Info: Margin note 6.4 is on absolute page 6 on input line 17
9.
Package marginnote Info: right page because not two side mode on input line 179
.
Package marginnote Info: xpos seems to be 342.87694pt on input line 179.
 [6]
Package marginnote Info: Margin note 7.1 is on absolute page 7 on input line 23
1.
Package marginnote Info: right page because not two side mode on input line 231
.
Package marginnote Info: xpos seems to be 79.75394pt on input line 231.

Overfull \hbox (13.95374pt too wide) in paragraph at lines 248--249
[][][][][][][][][][][][][][][][][][][][][][][][][][][][][][][][][][][][][][][][
][][][][][][][][][][][][][][][][][][][][][][][][][][][][][][][][][][][][][] 
 []

Package marginnote Info: Margin note 7.2 is on absolute page 7 on input line 26
7.
Package marginnote Info: right page because not two side mode on input line 267
.
Package marginnote Info: xpos seems to be 426.12206pt on input line 267.
Package marginnote Info: Margin note 7.3 is on absolute page 7 on input line 26
7.
Package marginnote Info: right page because not two side mode on input line 267
.
Package marginnote Info: xpos seems to be 245.9132pt on input line 267.
[7]) (protocol.tex [8]
Package marginnote Info: Margin note 9.1 is on absolute page 9 on input line 27
.
Package marginnote Info: right page because not two side mode on input line 27.

Package marginnote Info: xpos seems to be 129.01332pt on input line 27.
Package marginnote Info: Margin note 9.2 is on absolute page 9 on input line 30
.
Package marginnote Info: right page because not two side mode on input line 30.

Package marginnote Info: xpos seems to be 444.16393pt on input line 30.
Package marginnote Info: Margin note 9.3 is on absolute page 9 on input line 30
.
Package marginnote Info: right page because not two side mode on input line 30.

Package marginnote Info: xpos seems to be 80.05022pt on input line 30.
 [9]
Package marginnote Info: Margin note 10.1 is on absolute page 10 on input line 
166.
Package marginnote Info: right page because not two side mode on input line 166
.
Package marginnote Info: xpos seems to be 178.5447pt on input line 166.
Package marginnote Info: Margin note 10.2 is on absolute page 10 on input line 
182.
Package marginnote Info: right page because not two side mode on input line 182
.
Package marginnote Info: xpos seems to be 79.75394pt on input line 182.
 [10]
Overfull \hbox (2.61365pt too wide) in paragraph at lines 199--200
[][][][][][][][][][][][][][][][][][][][][][][][][][][][][][][][][][][][][][][][
][][][][][][][][][][][][][][][][][][][][][][][][][][][][][][][][][][][][][][][]
[][][][][][][][][][][][][][][][][][][][][][][][][][][][][][] 
 []

Package marginnote Info: Margin note 11.1 is on absolute page 11 on input line 
241.
Package marginnote Info: right page because not two side mode on input line 241
.
Package marginnote Info: xpos seems to be 117.45067pt on input line 241.
) (immutable.tex [11] [12]) (encapsulated.tex [13]) (formalism.tex
Package marginnote Info: Margin note 14.1 is on absolute page 14 on input line 
7.
Package marginnote Info: right page because not two side mode on input line 7.
Package marginnote Info: xpos seems to be 459.82805pt on input line 7.
 [14]
Package marginnote Info: Margin note 15.1 is on absolute page 16 on input line 
53.
Package marginnote Info: right page because not two side mode on input line 53.

Package marginnote Info: xpos seems to be 496.0674pt on input line 53.

[15]

Package hyperref Warning: No autoref name for `lstnumber' on input line 70.

[16]
Package marginnote Info: Margin note 17.1 is on absolute page 17 on input line 
222.
Package marginnote Info: right page because not two side mode on input line 222
.
Package marginnote Info: xpos seems to be 266.12184pt on input line 222.
Package marginnote Info: Margin note 17.2 is on absolute page 18 on input line 
236.
Package marginnote Info: right page because not two side mode on input line 236
.
Package marginnote Info: xpos seems to be 461.6309pt on input line 236.
 [17] [18] [19] [20]
Underfull \hbox (badness 10000) in paragraph at lines 443--465

 []

[21]
Package hyperref Info: bookmark level for unknown theorem defaults to 0 on inpu
t line 504.
) (case-study.tex [22]
Package marginnote Info: Margin note 23.1 is on absolute page 24 on input line 
65.
Package marginnote Info: right page because not two side mode on input line 65.

Package marginnote Info: xpos seems to be 80.05022pt on input line 65.
 [23]
Underfull \hbox (badness 10000) in paragraph at lines 80--81

 []

\imglength=\skip73
<GuiImg.png, id=633, 529.98pt x 531.48563pt>
File: GuiImg.png Graphic file (type png)
<use GuiImg.png>
Package pdftex.def Info: GuiImg.png  used on input line 88.
(pdftex.def)             Requested size: 205.92114pt x 206.50812pt.

Underfull \hbox (badness 6300) in paragraph at lines 93--97
[][]\T1/cmr/m/n/10 As shown in the fig-ure be-low, count-ing both
 []

[24 <./GuiImg.png>] [25]) (hamster.tex (hamsterExample.tex
(C:\Users\sonta\AppData\Local\Programs\MiKTeX\tex/latex/listings\lstlang1.sty
File: lstlang1.sty 2020/03/24 1.8d listings language file
)
[26] [27]
Overfull \hbox (8.28369pt too wide) in paragraph at lines 131--132
[][][][][][][][][][][][][][][][][][][][][][][][][][][][][][][][][][][][][][][][
][] 
 []

Package marginnote Info: Margin note 28.1 is on absolute page 28 on input line 
136.
Package marginnote Info: right page because not two side mode on input line 136
.
Package marginnote Info: xpos seems to be 391.87491pt on input line 136.
Package marginnote Info: Margin note 28.2 is on absolute page 28 on input line 
137.
Package marginnote Info: right page because not two side mode on input line 137
.
Package marginnote Info: xpos seems to be 420.65329pt on input line 137.
)) (more-case-studies.tex
Overfull \hbox (2.61365pt too wide) in paragraph at lines 120--121
[][][][][][][][][][][][][][][][][][][][][][][][][][][][][][][][][][][][][][][][
][][][][][][][][][][][][][][][][][] 
 []


Overfull \hbox (2.61365pt too wide) in paragraph at lines 137--138
[][][][][][][][][][][][][][][][][][][][][][][][][][][][][][][][][][][][][][][][
][][][][] 
 []

[28] [29] [30]) (patterns.tex [31] [32] [33]
Overfull \hbox (2.61365pt too wide) in paragraph at lines 192--193
[][][][][][][][][][][][][][][][][][][][][][][][][][][][][][][][][][][][][][][][
][] 
 []

Package marginnote Info: Margin note 34.1 is on absolute page 34 on input line 
197.
Package marginnote Info: right page because not two side mode on input line 197
.
Package marginnote Info: xpos seems to be 80.05022pt on input line 197.
[34] [35]) (related.tex [36]
Package marginnote Info: Margin note 37.1 is on absolute page 37 on input line 
35.
Package marginnote Info: right page because not two side mode on input line 35.

Package marginnote Info: xpos seems to be 483.53004pt on input line 35.
Package marginnote Info: Margin note 37.2 is on absolute page 37 on input line 
37.
Package marginnote Info: right page because not two side mode on input line 37.

Package marginnote Info: xpos seems to be 457.79614pt on input line 37.
 [37]
Package marginnote Info: Margin note 38.1 is on absolute page 38 on input line 
110.
Package marginnote Info: right page because not two side mode on input line 110
.
Package marginnote Info: xpos seems to be 89.75397pt on input line 110.
Package marginnote Info: Margin note 38.2 is on absolute page 38 on input line 
119.
Package marginnote Info: right page because not two side mode on input line 119
.
Package marginnote Info: xpos seems to be 353.42032pt on input line 119.
 [38]
Overfull \hbox (1.387pt too wide) in paragraph at lines 165--169
[]\T1/cmr/m/n/10 Dafny [[]] is a lan-guage where all code is stat-i-cally ver-i
-fied. It sup-ports in-vari-ants with its [][][][][]
 []

Package marginnote Info: Margin note 39.1 is on absolute page 39 on input line 
197.
Package marginnote Info: right page because not two side mode on input line 197
.
Package marginnote Info: xpos seems to be 145.06819pt on input line 197.
[39]) (runtime-verification.tex) (conclusion.tex [40]
Package marginnote Info: Margin note 41.1 is on absolute page 41 on input line 
14.
Package marginnote Info: right page because not two side mode on input line 14.

Package marginnote Info: xpos seems to be 167.21654pt on input line 14.
Package marginnote Info: Margin note 41.2 is on absolute page 41 on input line 
16.
Package marginnote Info: right page because not two side mode on input line 16.

Package marginnote Info: xpos seems to be 470.24142pt on input line 16.
Package marginnote Info: Margin note 41.3 is on absolute page 41 on input line 
16.
Package marginnote Info: right page because not two side mode on input line 16.

Package marginnote Info: xpos seems to be 80.05022pt on input line 16.
) (SCP.bbl [41] [42]
[43]) (proof.tex
Package marginnote Info: Margin note 44.1 is on absolute page 44 on input line 
14.
Package marginnote Info: right page because not two side mode on input line 14.

Package marginnote Info: xpos seems to be 64.75394pt on input line 14.
 [44]
Package marginnote Info: Margin note 45.1 is on absolute page 45 on input line 
65.
Package marginnote Info: right page because not two side mode on input line 65.

Package marginnote Info: xpos seems to be 64.75394pt on input line 65.
Package hyperref Info: bookmark level for unknown Requirement defaults to 0 on 
input line 93.
 [45]
Package hyperref Info: bookmark level for unknown Lemma defaults to 0 on input 
line 172.
 [46]
Overfull \hbox (13.92299pt too wide) in paragraph at lines 191--193
[]\T1/cmr/m/n/10 If $[]\OT1/cmr/m/n/10 (\OML/cmm/m/it/10 ; []\OT1/cmr/m/n/10 [
\OML/cmm/m/it/10 e\OT1/cmr/m/n/10 ])$\T1/cmr/m/n/10 , and $\OML/cmm/m/it/10 \O
MS/cmsy/m/n/10 j\OML/cmm/m/it/10 e \OMS/cmsy/m/n/10 ![] \OML/cmm/m/it/10 []\OM
S/cmsy/m/n/10 j\OML/cmm/m/it/10 e[]$\T1/cmr/m/n/10 , then $\OMS/cmsy/m/n/10 8\O
ML/cmm/m/it/10 l \OMS/cmsy/m/n/10 2 []\OT1/cmr/m/n/10 (\OML/cmm/m/it/10 \OT1/c
mr/m/n/10 )$\T1/cmr/m/n/10 , if not $[]\OT1/cmr/m/n/10 (\OML/cmm/m/it/10 ; e; 
l\OT1/cmr/m/n/10 )$\T1/cmr/m/n/10 , then not $[]\OT1/cmr/m/n/10 (\OML/cmm/m/it/
10 []; e[]; l\OT1/cmr/m/n/10 )$\T1/cmr/m/n/10 . 
 []

Package marginnote Info: Margin note 47.1 is on absolute page 47 on input line 
195.
Package marginnote Info: right page because not two side mode on input line 195
.
Package marginnote Info: xpos seems to be 199.34769pt on input line 195.
Package marginnote Info: Margin note 47.2 is on absolute page 48 on input line 
242.
Package marginnote Info: right page because not two side mode on input line 242
.
Package marginnote Info: xpos seems to be 64.75394pt on input line 242.
[47]
Overfull \hbox (9.38007pt too wide) in paragraph at lines 298--301
\T1/cmr/m/n/10 where $\OML/cmm/m/it/10  \OT1/cmr/m/n/10 = \OML/cmm/m/it/10 []
; l[] \OMS/cmsy/m/n/10 7! \OML/cmm/m/it/10 C\OMS/cmsy/m/n/10 f\OML/cmm/m/it/10 
l[]; []; l[]\OMS/cmsy/m/n/10 g$\T1/cmr/m/n/10 ; by \T1/cmss/m/n/10 Type Cosnsis
-tency\T1/cmr/m/n/10 , we have $[] \OML/cmm/m/it/10 C [] [] [][] [] f[]; []; 
[] [] f[][]$[]\T1/cmr/m/n/10 . 
 []

[48]
Overfull \hbox (7.65004pt too wide) in paragraph at lines 329--332
\T1/cmr/m/n/10 must have al-ready been $[]$. Thus, by the in-duc-tive hy-poth-e
-sis, $\OML/cmm/m/it/10 l[]$ \T1/cmr/m/n/10 must be $[]$,
 []


Overfull \hbox (15.50865pt too wide) in paragraph at lines 345--348
[]\T1/cmr/m/n/10 If $\OML/cmm/m/it/10  \OT1/cmr/m/n/10 = []$\T1/cmr/m/n/10 , t
hen by \T1/cmss/m/n/10 Cap-sule Con-sis-tency \T1/cmr/m/n/10 and $[]$, $\OML/cm
m/m/it/10 l$ \T1/cmr/m/n/10 is not $[]$ from $[][]\OT1/cmr/m/n/10 [\OML/cmm/m/i
t/10 [] \OT1/cmr/m/n/10 [\OML/cmm/m/it/10 l[]f\OT1/cmr/m/n/10 ]]$\T1/cmr/m/n
/10 ,
 []

[49]
Overfull \hbox (4.43852pt too wide) in paragraph at lines 423--424
\T1/cmr/m/n/10 haven't in-tro-duce any new $\OML/cmm/m/it/10 l$\T1/cmr/m/n/10 s
 into the main-expression, we must have that $\OML/cmm/m/it/10 l[]$ \T1/cmr/m/n
/10 is still $[]$. 
 []

[50] [51]
Overfull \hbox (1.67464pt too wide) in paragraph at lines 491--493
[]\T1/cmr/m/n/10 If the mon-i-tor was in-tro-duced by \T1/cmr/m/sc/10 new \T1/c
mr/m/n/10 or \T1/cmr/m/sc/10 up-date\T1/cmr/m/n/10 , then $\OML/cmm/m/it/10  l
[] \OT1/cmr/m/n/10 = [] \OML/cmm/m/it/10 l$\T1/cmr/m/n/10 . And so $[]$
 []


Overfull \hbox (30.28004pt too wide) in paragraph at lines 499--500
[]\T1/cmr/m/n/10 As with the above case for \T1/cmss/m/n/10 try er-ror\T1/cmr/m
/n/10 , by the in-duc-tive hy-poth-e-sis, $\OML/cmm/m/it/10 l$ \T1/cmr/m/n/10 m
ust have been $[]$,
 []


Overfull \hbox (9.71446pt too wide) in paragraph at lines 501--502
[]\T1/cmr/m/n/10 Thus, by the in-duc-tive hy-poth-e-sis, in state $\OML/cmm/m/i
t/10 i$\T1/cmr/m/n/10 , $\OML/cmm/m/it/10 l$ \T1/cmr/m/n/10 must have been $[]$
 and not $[]$. 
 []

[52]
Overfull \hbox (8.90271pt too wide) in paragraph at lines 595--597
[]\T1/cmr/m/n/10 Since $\OML/cmm/m/it/10 l \OMS/cmsy/m/n/10 6\OT1/cmr/m/n/10 = 
\OML/cmm/m/it/10 l[]$\T1/cmr/m/n/10 , $\OML/cmm/m/it/10 l[]$ \T1/cmr/m/n/10 can
't have been $[]$. Thus, by \T1/cmss/m/n/10 Rep Field Sound-ness\T1/cmr/m/n/10 
, $\OML/cmm/m/it/10 l[]$ \T1/cmr/m/n/10 was $[]$,
 []


Overfull \hbox (28.277pt too wide) in paragraph at lines 597--598
[]\T1/cmr/m/n/10 As the $[]$ of $\OML/cmm/m/it/10 l[]$ \T1/cmr/m/n/10 has just 
been mu-tated, and since $\OML/cmm/m/it/10 e[]$ \T1/cmr/m/n/10 must have starte
d off as $[][] \OML/cmm/m/it/10 l[][][][][][]$\T1/cmr/m/n/10 ,
 []

[53] [54]
Package marginnote Info: Margin note 55.1 is on absolute page 55 on input line 
664.
Package marginnote Info: right page because not two side mode on input line 664
.
Package marginnote Info: xpos seems to be 164.5851pt on input line 664.
pdfTeX warning (ext4): destination with the same identifier (name{theorem.1}) h
as been already used, duplicate ignored
<to be read again> 
                   \relax 
l.677 \SS\THMSoundness\SS
                         ) (typesystem.tex [55]
Package marginnote Info: Margin note 56.1 is on absolute page 56 on input line 
30.
Package marginnote Info: right page because not two side mode on input line 30.

Package marginnote Info: xpos seems to be 64.75394pt on input line 30.


LaTeX Font Warning: Font shape `T1/lmtt/l/sc' undefined
(Font)              using `T1/lmtt/l/n' instead on input line 89.


LaTeX Font Warning: Font shape `T1/lmtt/bx/sc' undefined
(Font)              using `T1/lmtt/bx/n' instead on input line 89.

LaTeX Font Info:    Font shape `T1/lmtt/bx/sc' in size <9> not available
(Font)              Font shape `T1/lmtt/b/n' tried instead on input line 89.
[56] [57] [58]
Package hyperref Info: bookmark level for unknown Corollary defaults to 0 on in
put line 261.
 [59] [60]
Overfull \hbox (6.86218pt too wide) in paragraph at lines 445--449
[]\T1/cmr/m/n/10 If $\OML/cmm/m/it/10 e[] \OT1/cmr/m/n/10 = [] \OML/cmm/m/it/10
 l[]$ \T1/cmr/m/n/10 then we are done. Oth-er-wise, $\OML/cmm/m/it/10 e[] \OT1/
cmr/m/n/10 = [][][]\OML/cmm/m/it/10 l[][] [] l[][] [][] l[][][][][][][]$\T1/cmr
/m/n/10 , and by $[]$,
 []

[61] [62]
Overfull \hbox (12.46979pt too wide) in paragraph at lines 656--661
[]\T1/cmr/m/n/10 Suppose the $[]$ rule ap-plied, i.e. $\OML/cmm/m/it/10 e[] \OT
1/cmr/m/n/10 = [] []\OML/cmm/m/it/10 e[][] [] []e[][]$\T1/cmr/m/n/10 , $\OML/cm
m/m/it/10  \OT1/cmr/m/n/10 = \OML/cmm/m/it/10 []$\T1/cmr/m/n/10 , and $\OML/c
mm/m/it/10 e[] \OT1/cmr/m/n/10 = [][][]\OML/cmm/m/it/10 e[][] [] []e[][]$\T1/cm
r/m/n/10 .
 []

[63] [64]pdfTeX warning (ext4): destination with the same identifier (name{Requ
irement.1}) has been already used, duplicate ignored
<to be read again> 
                   \relax 
l.765 \SS
         \begin{proof}pdfTeX warning (ext4): destination with the same identifi
er (name{Requirement.5}) has been already used, duplicate ignored
<to be read again> 
                   \relax 
l.777 \SS
         \begin{proof} [65]
Overfull \hbox (17.63063pt too wide) in paragraph at lines 834--847
[]\T1/cmr/m/n/10 Suppose that the $[]$ rule was ap-plied, i.e. we have some $[]
[]$ with $\OML/cmm/m/it/10 e \OT1/cmr/m/n/10 = [][][[] \OML/cmm/m/it/10 C[][] 
l[]; []; [] l[][]\OT1/cmr/m/n/10 ]$\T1/cmr/m/n/10 ,
 []

[66]pdfTeX warning (ext4): destination with the same identifier (name{Requireme
nt.3}) has been already used, duplicate ignored
<to be read again> 
                   \relax 
l.906 \SS
         \begin{proof}
Package marginnote Info: Margin note 67.1 is on absolute page 67 on input line 
924.
Package marginnote Info: right page because not two side mode on input line 924
.
Package marginnote Info: xpos seems to be 172.5853pt on input line 924.
 [67]
Overfull \hbox (19.21732pt too wide) in paragraph at lines 1038--1042
[]\T1/cmr/m/n/10 Now we show that \T1/cmss/m/n/10 Cap-sule Con-sis-tency \T1/cm
r/m/n/10 holds. Sup-pose $\OML/cmm/m/it/10 e \OT1/cmr/m/n/10 = [][[] \OML/cmm/m
/it/10 l\OT1/cmr/m/n/10 ]$\T1/cmr/m/n/10 , for some $[]$, and $[]\OT1/cmr/m/n/1
0 (\OML/cmm/m/it/10 ; []; l\OT1/cmr/m/n/10 )$
 []

[68]
Overfull \hbox (5.40166pt too wide) in paragraph at lines 1128--1133
[]$[] \OML/cmm/m/it/10 \OMS/cmsy/m/n/10 j[][]\OT1/cmr/m/n/10 [\OML/cmm/m/it/10
 [] l[][]m[][] l[]; []; [] l[][]\OT1/cmr/m/n/10 ] \OMS/cmsy/m/n/10 ! \OML/cm
m/m/it/10 \OMS/cmsy/m/n/10 j[]\OT1/cmr/m/n/10 [[] \OML/cmm/m/it/10 l\OT1/cmr/m
/n/10 ]$\T1/cmr/m/n/10 , where $[]\OT1/cmr/m/n/10 [[] \OML/cmm/m/it/10 l\OT1/cm
r/m/n/10 ] = [][][\OML/cmm/m/it/10 e[]\OT1/cmr/m/n/10 ]$\T1/cmr/m/n/10 ,
 []

[69]
Overfull \hbox (8.40993pt too wide) in paragraph at lines 1177--1184
\T1/cmr/m/n/10 quence where $\OML/cmm/m/it/10 []\OMS/cmsy/m/n/10 j\OML/cmm/m/i
t/10 e[] \OMS/cmsy/m/n/10 ![] \OML/cmm/m/it/10 \OMS/cmsy/m/n/10 j\OML/cmm/m/it
/10  l [] []$\T1/cmr/m/n/10 . Thus, $\OML/cmm/m/it/10 []\OMS/cmsy/m/n/10 j\OM
L/cmm/m/it/10 e[] [] []$ \T1/cmr/m/n/10 is the state our $\OML/cmm/m/it/10  l 
[] []$
 []


Overfull \hbox (21.71916pt too wide) in paragraph at lines 1187--1201
[]\T1/cmr/m/n/10 Thus there is some $\OML/cmm/m/it/10 []$\T1/cmr/m/n/10 , $\OM
L/cmm/m/it/10 m$\T1/cmr/m/n/10 , and $\OML/cmm/m/it/10 l[]; []; l[]$\T1/cmr/m/n
/10 , where $\OML/cmm/m/it/10 []\OMS/cmsy/m/n/10 j[] \OML/cmm/m/it/10 l[][]m[]
[] l[]; []; [] l[][] \OMS/cmsy/m/n/10 ! \OML/cmm/m/it/10 []\OMS/cmsy/m/n/10 j[
][]\OT1/cmr/m/n/10 [\OML/cmm/m/it/10 e[] [] []\OT1/cmr/m/n/10 ] \OMS/cmsy/m/n/1
0 ![]
 []


Overfull \hbox (16.76321pt too wide) in paragraph at lines 1187--1201
\T1/cmr/m/n/10 By our well-formedness rules on method bod-ies and $[]$ we have 
$\OMS/cmsy/m/n/10 ;\OT1/cmr/m/n/10 ;   \OMS/cmsy/m/n/10 ` \OML/cmm/m/it/10 e[] 
[] [] \OT1/cmr/m/n/10 ::
 []

[70]
Overfull \hbox (15.52422pt too wide) in paragraph at lines 1234--1242
[]$\T1/cmr/m/n/10 , there is some $\OML/cmm/m/it/10 []$ \T1/cmr/m/n/10 such th
at $\OML/cmm/m/it/10 []\OMS/cmsy/m/n/10 j[] ![] \OML/cmm/m/it/10 \OMS/cmsy/m/
n/10 j\OML/cmm/m/it/10 [] l$\T1/cmr/m/n/10 . Then, since not $[]\OT1/cmr/m/n/1
0 (\OML/cmm/m/it/10 []; []; l[]\OT1/cmr/m/n/10 )$\T1/cmr/m/n/10 ,
 []


Overfull \hbox (15.66817pt too wide) in paragraph at lines 1243--1252
[]$ \T1/cmr/m/n/10 and hence $[]\OT1/cmr/m/n/10 (\OML/cmm/m/it/10 ; [] l; l[]
\OT1/cmr/m/n/10 )$\T1/cmr/m/n/10 . But $\OML/cmm/m/it/10 []\OMS/cmsy/m/n/10 j[
] ![] \OML/cmm/m/it/10 \OMS/cmsy/m/n/10 j\OML/cmm/m/it/10 [] l$ \T1/cmr/m/n/1
0 and we had not $[]\OT1/cmr/m/n/10 (\OML/cmm/m/it/10 []; []; l[]\OT1/cmr/m/n/
10 )$\T1/cmr/m/n/10 ,
 []


Overfull \hbox (1.2454pt too wide) in paragraph at lines 1279--1287
[]\T1/cmr/m/n/10 Suppose $\OML/cmm/m/it/10 [] \OT1/cmr/m/n/10 = []$\T1/cmr/m/n
/10 . By the in-duc-tive hy-poth-e-sis, we have $[]\OT1/cmr/m/n/10 (\OML/cmm/m/
it/10 []; [][]\OT1/cmr/m/n/10 [[][]]\OML/cmm/m/it/10 ; l[]\OT1/cmr/m/n/10 )$\T
1/cmr/m/n/10 ,
 []

[71]pdfTeX warning (ext4): destination with the same identifier (name{Requireme
nt.2}) has been already used, duplicate ignored
<to be read again> 
                   \relax 
l.1360 \SS
          \begin{proof}pdfTeX warning (ext4): destination with the same identif
ier (name{Requirement.4}) has been already used, duplicate ignored
<to be read again> 
                   \relax 
l.1371 \SS
          \begin{proof}pdfTeX warning (ext4): destination with the same identif
ier (name{Requirement.6}) has been already used, duplicate ignored
<to be read again> 
                   \relax 
l.1381 \SS
          \begin{proof} [72]
Overfull \hbox (28.74197pt too wide) in paragraph at lines 1415--1424
\T1/cmr/m/n/10 and since $[]\OT1/cmr/m/n/10 (\OML/cmm/m/it/10 ; [][]\OT1/cmr/m
/n/10 [[][][]\OML/cmm/m/it/10 e[][] [] []e[][]\OT1/cmr/m/n/10 ])$\T1/cmr/m/n/10
 , by $[]$, not $[]\OT1/cmr/m/n/10 (\OML/cmm/m/it/10 ; [][]\OT1/cmr/m/n/10 [[]
[][][][] [] []\OML/cmm/m/it/10 e[][]\OT1/cmr/m/n/10 ]\OML/cmm/m/it/10 ; l\OT1/c
mr/m/n/10 )$\T1/cmr/m/n/10 .
 []

)) [73] (SCP.aux)

LaTeX Font Warning: Some font shapes were not available, defaults substituted.


LaTeX Warning: There were multiply-defined labels.

Package rerunfilecheck Info: File `SCP.out' has not changed.
(rerunfilecheck)             Checksum: 9E1EEBD022F09FF8C5DCF1B1570CFBAB;3044.
 ) 
Here is how much of TeX's memory you used:
 30102 strings out of 478864
 554669 string characters out of 2848660
 1152026 words of memory out of 3000000
 46544 multiletter control sequences out of 15000+600000
 430240 words of font info for 90 fonts, out of 8000000 for 9000
 1141 hyphenation exceptions out of 8191
 94i,38n,95p,1203b,1946s stack positions out of 5000i,500n,10000p,200000b,80000s
 <C:\Users\sonta\AppData\Local\MiKTeX\fonts/pk/ljfour/jknappen/ec/dpi600\eccc
0800.pk> <C:\Users\sonta\AppData\Local\MiKTeX\fonts/pk/ljfour/jknappen/ec/dpi60
0\eccc0900.pk> <C:\Users\sonta\AppData\Local\MiKTeX\fonts/pk/ljfour/jknappen/ec
/dpi600\ecss0800.pk> <C:\Users\sonta\AppData\Local\MiKTeX\fonts/pk/ljfour/jknap
pen/ec/dpi600\ecss1000.pk> <C:\Users\sonta\AppData\Local\MiKTeX\fonts/pk/ljfour
/jknappen/ec/dpi600\eccc1000.pk> <C:\Users\sonta\AppData\Local\MiKTeX\fonts/pk/
ljfour/jknappen/ec/dpi600\ecrm0900.pk> <C:\Users\sonta\AppData\Local\MiKTeX\fon
ts/pk/ljfour/jknappen/ec/dpi600\tcrm1000.pk> <C:\Users\sonta\AppData\Local\MiKT
eX\fonts/pk/ljfour/jknappen/ec/dpi600\ecsx1000.pk> <C:\Users\sonta\AppData\Loca
l\MiKTeX\fonts/pk/ljfour/jknappen/ec/dpi600\ecrm0600.pk> <C:\Users\sonta\AppDat
a\Local\MiKTeX\fonts/pk/ljfour/jknappen/ec/dpi600\ecrm0800.pk> <C:\Users\sonta\
AppData\Local\MiKTeX\fonts/pk/ljfour/jknappen/ec/dpi600\ecrm0700.pk>{C:/Users/s
onta/AppData/Local/Programs/MiKTeX/fonts/enc/dvips/lm/lm-ec.enc} <C:\Users\sont
a\AppData\Local\MiKTeX\fonts/pk/ljfour/jknappen/ec/dpi600\ecss0500.pk> <C:\User
s\sonta\AppData\Local\MiKTeX\fonts/pk/ljfour/jknappen/ec/dpi600\ecti1000.pk> <C
:\Users\sonta\AppData\Local\MiKTeX\fonts/pk/ljfour/jknappen/ec/dpi600\ecbx1000.
pk> <C:\Users\sonta\AppData\Local\MiKTeX\fonts/pk/ljfour/jknappen/ec/dpi600\ect
i0800.pk> <C:\Users\sonta\AppData\Local\MiKTeX\fonts/pk/ljfour/jknappen/ec/dpi6
00\ecrm1000.pk> <C:\Users\sonta\AppData\Local\MiKTeX\fonts/pk/ljfour/jknappen/e
c/dpi600\ecrm1440.pk><C:/Users/sonta/AppData/Local/Programs/MiKTeX/fonts/type1/
public/amsfonts/cm/cmex10.pfb><C:/Users/sonta/AppData/Local/Programs/MiKTeX/fon
ts/type1/public/amsfonts/cm/cmmi10.pfb><C:/Users/sonta/AppData/Local/Programs/M
iKTeX/fonts/type1/public/amsfonts/cm/cmmi5.pfb><C:/Users/sonta/AppData/Local/Pr
ograms/MiKTeX/fonts/type1/public/amsfonts/cm/cmmi6.pfb><C:/Users/sonta/AppData/
Local/Programs/MiKTeX/fonts/type1/public/amsfonts/cm/cmmi7.pfb><C:/Users/sonta/
AppData/Local/Programs/MiKTeX/fonts/type1/public/amsfonts/cm/cmmi8.pfb><C:/User
s/sonta/AppData/Local/Programs/MiKTeX/fonts/type1/public/amsfonts/cm/cmmi9.pfb>
<C:/Users/sonta/AppData/Local/Programs/MiKTeX/fonts/type1/public/amsfonts/cm/cm
r10.pfb><C:/Users/sonta/AppData/Local/Programs/MiKTeX/fonts/type1/public/amsfon
ts/cm/cmr5.pfb><C:/Users/sonta/AppData/Local/Programs/MiKTeX/fonts/type1/public
/amsfonts/cm/cmr6.pfb><C:/Users/sonta/AppData/Local/Programs/MiKTeX/fonts/type1
/public/amsfonts/cm/cmr7.pfb><C:/Users/sonta/AppData/Local/Programs/MiKTeX/font
s/type1/public/amsfonts/cm/cmr9.pfb><C:/Users/sonta/AppData/Local/Programs/MiKT
eX/fonts/type1/public/amsfonts/cm/cmsy10.pfb><C:/Users/sonta/AppData/Local/Prog
rams/MiKTeX/fonts/type1/public/amsfonts/cm/cmsy5.pfb><C:/Users/sonta/AppData/Lo
cal/Programs/MiKTeX/fonts/type1/public/amsfonts/cm/cmsy6.pfb><C:/Users/sonta/Ap
pData/Local/Programs/MiKTeX/fonts/type1/public/amsfonts/cm/cmsy7.pfb><C:/Users/
sonta/AppData/Local/Programs/MiKTeX/fonts/type1/public/amsfonts/cm/cmsy9.pfb><C
:/Users/sonta/AppData/Local/Programs/MiKTeX/fonts/type1/public/amsfonts/cm/cmti
10.pfb><C:/Users/sonta/AppData/Local/Programs/MiKTeX/fonts/type1/public/amsfont
s/cm/cmti8.pfb><C:/Users/sonta/AppData/Local/Programs/MiKTeX/fonts/type1/public
/amsfonts/cm/cmti9.pfb><C:/Users/sonta/AppData/Local/Programs/MiKTeX/fonts/type
1/public/lm/lmtk10.pfb><C:/Users/sonta/AppData/Local/Programs/MiKTeX/fonts/type
1/public/lm/lmtl10.pfb><C:/Users/sonta/AppData/Local/Programs/MiKTeX/fonts/type
1/public/amsfonts/symbols/msam10.pfb><C:/Users/sonta/AppData/Local/Programs/MiK
TeX/fonts/type1/public/amsfonts/symbols/msbm10.pfb>
Output written on SCP.pdf (73 pages, 1120997 bytes).
PDF statistics:
 2466 PDF objects out of 2487 (max. 8388607)
 856 named destinations out of 1000 (max. 500000)
 146 words of extra memory for PDF output out of 10000 (max. 10000000)

